2026-05-13 02:40:53,626 | INFO    | analyze | Loaded 320000 score rows from /home/ubuntu/ttic_embeddings/captions/scores_seed1.csv
2026-05-13 02:40:53,640 | INFO    | analyze | Decoders present: ['beam', 'nucleus']
2026-05-13 02:40:53,654 | INFO    | analyze | Encoders present: ['clip', 'dinov2', 'mae', 'siglip']
2026-05-13 02:40:53,667 | INFO    | analyze | Metrics present:  ['adj_per_noun', 'caption_length', 'head_noun_min_depth', 'projective_density', 'scene_object_ratio', 'topological_density', 'vg_attr_precision', 'vg_attr_recall']
2026-05-13 02:40:53,707 | INFO    | analyze | Filtered to decoder=beam: 160000 rows
2026-05-13 02:40:53,714 | INFO    | analyze | Analyzing 8 metrics: ['adj_per_noun', 'caption_length', 'head_noun_min_depth', 'projective_density', 'scene_object_ratio', 'topological_density', 'vg_attr_precision', 'vg_attr_recall']
2026-05-13 02:40:53,913 | INFO    | analyze | 
Running primary family (supervision-category contrast, 8 tests)...
2026-05-13 02:40:54,030 | INFO    | analyze | Primary results:
 statistic      p_value    n        r              metric             contrast        p_adj  rejected_at_alpha  claimed_meaningful
  691214.0 6.915904e-02 1706 0.044000        adj_per_noun lang_sup_vs_self_sup 9.221206e-02              False               False
 2843990.0 5.847179e-71 4088 0.278563      caption_length lang_sup_vs_self_sup 4.677743e-70               True                True
 1342233.5 6.802690e-04 2415 0.069134 head_noun_min_depth lang_sup_vs_self_sup 1.814051e-03               True               False
  243820.0 5.781773e-41 1305 0.371028  projective_density lang_sup_vs_self_sup 2.312709e-40               True                True
  668020.5 9.021768e-01 1637 0.003038  scene_object_ratio lang_sup_vs_self_sup 9.021768e-01              False               False
 4719120.0 5.027827e-02 4420 0.029445 topological_density lang_sup_vs_self_sup 9.221206e-02              False               False
     189.0 6.113752e-02   34 0.321131   vg_attr_precision lang_sup_vs_self_sup 9.221206e-02              False               False
   30272.0 1.023068e-01  366 0.085399      vg_attr_recall lang_sup_vs_self_sup 1.169221e-01              False               False
2026-05-13 02:40:54,030 | INFO    | analyze | Wrote -> /home/ubuntu/ttic_embeddings/captions/analysis_seed1_beam_primary.csv
2026-05-13 02:40:54,030 | INFO    | analyze | 
Running mixed-effects robustness check on primary contrasts (8 metrics)...
/home/ubuntu/ttic_embeddings/.venv/lib/python3.12/site-packages/statsmodels/regression/mixed_linear_model.py:1634: UserWarning: Random effects covariance is singular
  warnings.warn(msg)
/home/ubuntu/ttic_embeddings/.venv/lib/python3.12/site-packages/statsmodels/regression/mixed_linear_model.py:2054: UserWarning: The random effects covariance matrix is singular.
  warnings.warn(_warn_cov_sing)
/home/ubuntu/ttic_embeddings/.venv/lib/python3.12/site-packages/statsmodels/regression/mixed_linear_model.py:2237: ConvergenceWarning: The MLE may be on the boundary of the parameter space.
  warnings.warn(msg, ConvergenceWarning)
/home/ubuntu/ttic_embeddings/.venv/lib/python3.12/site-packages/statsmodels/regression/mixed_linear_model.py:2245: UserWarning: The random effects covariance matrix is singular.
  warnings.warn(_warn_cov_sing)
/home/ubuntu/ttic_embeddings/.venv/lib/python3.12/site-packages/statsmodels/regression/mixed_linear_model.py:2261: ConvergenceWarning: The Hessian matrix at the estimated parameter values is not positive definite.
  warnings.warn(msg, ConvergenceWarning)
/home/ubuntu/ttic_embeddings/.venv/lib/python3.12/site-packages/statsmodels/regression/mixed_linear_model.py:1634: UserWarning: Random effects covariance is singular
  warnings.warn(msg)
/home/ubuntu/ttic_embeddings/.venv/lib/python3.12/site-packages/statsmodels/regression/mixed_linear_model.py:2237: ConvergenceWarning: The MLE may be on the boundary of the parameter space.
  warnings.warn(msg, ConvergenceWarning)
/home/ubuntu/ttic_embeddings/.venv/lib/python3.12/site-packages/statsmodels/regression/mixed_linear_model.py:1634: UserWarning: Random effects covariance is singular
  warnings.warn(msg)
/home/ubuntu/ttic_embeddings/.venv/lib/python3.12/site-packages/statsmodels/regression/mixed_linear_model.py:2237: ConvergenceWarning: The MLE may be on the boundary of the parameter space.
  warnings.warn(msg, ConvergenceWarning)
/home/ubuntu/ttic_embeddings/.venv/lib/python3.12/site-packages/statsmodels/regression/mixed_linear_model.py:1634: UserWarning: Random effects covariance is singular
  warnings.warn(msg)
/home/ubuntu/ttic_embeddings/.venv/lib/python3.12/site-packages/statsmodels/regression/mixed_linear_model.py:2054: UserWarning: The random effects covariance matrix is singular.
  warnings.warn(_warn_cov_sing)
/home/ubuntu/ttic_embeddings/.venv/lib/python3.12/site-packages/statsmodels/regression/mixed_linear_model.py:2237: ConvergenceWarning: The MLE may be on the boundary of the parameter space.
  warnings.warn(msg, ConvergenceWarning)
/home/ubuntu/ttic_embeddings/.venv/lib/python3.12/site-packages/statsmodels/regression/mixed_linear_model.py:2245: UserWarning: The random effects covariance matrix is singular.
  warnings.warn(_warn_cov_sing)
/home/ubuntu/ttic_embeddings/.venv/lib/python3.12/site-packages/statsmodels/regression/mixed_linear_model.py:2261: ConvergenceWarning: The Hessian matrix at the estimated parameter values is not positive definite.
  warnings.warn(msg, ConvergenceWarning)
/home/ubuntu/ttic_embeddings/.venv/lib/python3.12/site-packages/statsmodels/regression/mixed_linear_model.py:1634: UserWarning: Random effects covariance is singular
  warnings.warn(msg)
/home/ubuntu/ttic_embeddings/.venv/lib/python3.12/site-packages/statsmodels/regression/mixed_linear_model.py:2054: UserWarning: The random effects covariance matrix is singular.
  warnings.warn(_warn_cov_sing)
/home/ubuntu/ttic_embeddings/.venv/lib/python3.12/site-packages/statsmodels/regression/mixed_linear_model.py:2237: ConvergenceWarning: The MLE may be on the boundary of the parameter space.
  warnings.warn(msg, ConvergenceWarning)
/home/ubuntu/ttic_embeddings/.venv/lib/python3.12/site-packages/statsmodels/regression/mixed_linear_model.py:2245: UserWarning: The random effects covariance matrix is singular.
  warnings.warn(_warn_cov_sing)
/home/ubuntu/ttic_embeddings/.venv/lib/python3.12/site-packages/statsmodels/regression/mixed_linear_model.py:2261: ConvergenceWarning: The Hessian matrix at the estimated parameter values is not positive definite.
  warnings.warn(msg, ConvergenceWarning)
/home/ubuntu/ttic_embeddings/.venv/lib/python3.12/site-packages/statsmodels/regression/mixed_linear_model.py:1634: UserWarning: Random effects covariance is singular
  warnings.warn(msg)
/home/ubuntu/ttic_embeddings/.venv/lib/python3.12/site-packages/statsmodels/regression/mixed_linear_model.py:2054: UserWarning: The random effects covariance matrix is singular.
  warnings.warn(_warn_cov_sing)
/home/ubuntu/ttic_embeddings/.venv/lib/python3.12/site-packages/statsmodels/regression/mixed_linear_model.py:2237: ConvergenceWarning: The MLE may be on the boundary of the parameter space.
  warnings.warn(msg, ConvergenceWarning)
/home/ubuntu/ttic_embeddings/.venv/lib/python3.12/site-packages/statsmodels/regression/mixed_linear_model.py:2245: UserWarning: The random effects covariance matrix is singular.
  warnings.warn(_warn_cov_sing)
/home/ubuntu/ttic_embeddings/.venv/lib/python3.12/site-packages/statsmodels/regression/mixed_linear_model.py:2261: ConvergenceWarning: The Hessian matrix at the estimated parameter values is not positive definite.
  warnings.warn(msg, ConvergenceWarning)
/home/ubuntu/ttic_embeddings/.venv/lib/python3.12/site-packages/statsmodels/regression/mixed_linear_model.py:1634: UserWarning: Random effects covariance is singular
  warnings.warn(msg)
/home/ubuntu/ttic_embeddings/.venv/lib/python3.12/site-packages/statsmodels/regression/mixed_linear_model.py:2054: UserWarning: The random effects covariance matrix is singular.
  warnings.warn(_warn_cov_sing)
/home/ubuntu/ttic_embeddings/.venv/lib/python3.12/site-packages/statsmodels/regression/mixed_linear_model.py:2237: ConvergenceWarning: The MLE may be on the boundary of the parameter space.
  warnings.warn(msg, ConvergenceWarning)
/home/ubuntu/ttic_embeddings/.venv/lib/python3.12/site-packages/statsmodels/regression/mixed_linear_model.py:2245: UserWarning: The random effects covariance matrix is singular.
  warnings.warn(_warn_cov_sing)
/home/ubuntu/ttic_embeddings/.venv/lib/python3.12/site-packages/statsmodels/regression/mixed_linear_model.py:2261: ConvergenceWarning: The Hessian matrix at the estimated parameter values is not positive definite.
  warnings.warn(msg, ConvergenceWarning)
/home/ubuntu/ttic_embeddings/.venv/lib/python3.12/site-packages/statsmodels/regression/mixed_linear_model.py:1634: UserWarning: Random effects covariance is singular
  warnings.warn(msg)
/home/ubuntu/ttic_embeddings/.venv/lib/python3.12/site-packages/statsmodels/regression/mixed_linear_model.py:2054: UserWarning: The random effects covariance matrix is singular.
  warnings.warn(_warn_cov_sing)
/home/ubuntu/ttic_embeddings/.venv/lib/python3.12/site-packages/statsmodels/regression/mixed_linear_model.py:2237: ConvergenceWarning: The MLE may be on the boundary of the parameter space.
  warnings.warn(msg, ConvergenceWarning)
/home/ubuntu/ttic_embeddings/.venv/lib/python3.12/site-packages/statsmodels/regression/mixed_linear_model.py:2245: UserWarning: The random effects covariance matrix is singular.
  warnings.warn(_warn_cov_sing)
/home/ubuntu/ttic_embeddings/.venv/lib/python3.12/site-packages/statsmodels/regression/mixed_linear_model.py:2261: ConvergenceWarning: The Hessian matrix at the estimated parameter values is not positive definite.
  warnings.warn(msg, ConvergenceWarning)
2026-05-13 02:40:56,669 | INFO    | analyze | Mixed-effects results:
     coef           se             z  p_value              metric
-0.003916 12205.626356 -3.208252e-07 1.000000        adj_per_noun
-0.366100     0.093788 -3.903467e+00 0.000095      caption_length
-0.056478     0.049040 -1.151669e+00 0.249457 head_noun_min_depth
-0.000454  2040.623973 -2.225980e-07 1.000000  projective_density
-0.031552  8785.861483 -3.591249e-06 0.999997  scene_object_ratio
 0.000887  4036.289797  2.196348e-07 1.000000 topological_density
 0.021469          NaN           NaN      NaN   vg_attr_precision
-0.000671          NaN           NaN      NaN      vg_attr_recall
2026-05-13 02:40:56,669 | INFO    | analyze | Wrote -> /home/ubuntu/ttic_embeddings/captions/analysis_seed1_beam_mixed_effects.csv
2026-05-13 02:40:56,669 | INFO    | analyze | 
Running secondary family (pairwise contrasts, 48 tests)...
2026-05-13 02:40:57,162 | INFO    | analyze | Wrote -> /home/ubuntu/ttic_embeddings/captions/analysis_seed1_beam_secondary.csv
2026-05-13 02:40:57,183 | INFO    | analyze | MTLD per-cell:
encoder decoder  seed metric     score     ci_lo     ci_hi  n_captions
   clip    beam     1   mtld 22.152887 21.815759 22.571242        5000
 siglip    beam     1   mtld 22.891019 22.607376 23.429297        5000
 dinov2    beam     1   mtld 23.373265 23.203426 24.040003        5000
    mae    beam     1   mtld 21.738572 21.357840 22.033247        5000
2026-05-13 02:40:57,183 | INFO    | analyze | Wrote -> /home/ubuntu/ttic_embeddings/captions/analysis_seed1_beam_summary.txt
