2026-05-12 19:24:42,463 | INFO    | analyze | Loaded 320000 score rows from captions/scores_seed1.csv
2026-05-12 19:24:42,478 | INFO    | analyze | Decoders present: ['beam', 'nucleus']
2026-05-12 19:24:42,492 | INFO    | analyze | Encoders present: ['clip', 'dinov2', 'mae', 'siglip']
2026-05-12 19:24:42,506 | INFO    | analyze | Metrics present:  ['adj_per_noun', 'caption_length', 'head_noun_min_depth', 'projective_density', 'scene_object_ratio', 'topological_density', 'vg_attr_precision', 'vg_attr_recall']
2026-05-12 19:24:42,560 | INFO    | analyze | Filtered to decoder=beam: 160000 rows
2026-05-12 19:24:42,568 | INFO    | analyze | Analyzing 8 metrics: ['adj_per_noun', 'caption_length', 'head_noun_min_depth', 'projective_density', 'scene_object_ratio', 'topological_density', 'vg_attr_precision', 'vg_attr_recall']
2026-05-12 19:24:42,662 | INFO    | analyze | 
Running primary family (supervision-category contrast, 8 tests)...
2026-05-12 19:24:42,798 | INFO    | analyze | Primary results:
 statistic      p_value    n        r              metric             contrast        p_adj  rejected_at_alpha  claimed_meaningful
  713562.0 7.033005e-01 1698 0.009243        adj_per_noun lang_sup_vs_self_sup 8.037720e-01              False               False
 2885666.0 6.066916e-66 4083 0.268427      caption_length lang_sup_vs_self_sup 4.853533e-65               True                True
 1351785.5 9.218846e-05 2439 0.079178 head_noun_min_depth lang_sup_vs_self_sup 2.458359e-04               True               False
  212645.5 4.896329e-51 1283 0.419522  projective_density lang_sup_vs_self_sup 1.958532e-50               True                True
  695051.0 9.622639e-01 1668 0.001158  scene_object_ratio lang_sup_vs_self_sup 9.622639e-01              False               False
 4714823.0 3.276575e-02 4425 0.032094 topological_density lang_sup_vs_self_sup 5.242520e-02              False               False
      78.5 2.224312e-02   25 0.457238   vg_attr_precision lang_sup_vs_self_sup 4.448624e-02               True                True
   32663.0 4.214991e-01  370 0.041789      vg_attr_recall lang_sup_vs_self_sup 5.619988e-01              False               False
2026-05-12 19:24:42,798 | INFO    | analyze | Wrote -> captions/analysis_seed1_beam_primary.csv
2026-05-12 19:24:42,798 | INFO    | analyze | 
Running mixed-effects robustness check on primary contrasts (8 metrics)...
/home/ubuntu/ttic_embeddings/.venv/lib/python3.12/site-packages/statsmodels/regression/mixed_linear_model.py:1634: UserWarning: Random effects covariance is singular
  warnings.warn(msg)
/home/ubuntu/ttic_embeddings/.venv/lib/python3.12/site-packages/statsmodels/regression/mixed_linear_model.py:2054: UserWarning: The random effects covariance matrix is singular.
  warnings.warn(_warn_cov_sing)
/home/ubuntu/ttic_embeddings/.venv/lib/python3.12/site-packages/statsmodels/regression/mixed_linear_model.py:2237: ConvergenceWarning: The MLE may be on the boundary of the parameter space.
  warnings.warn(msg, ConvergenceWarning)
/home/ubuntu/ttic_embeddings/.venv/lib/python3.12/site-packages/statsmodels/regression/mixed_linear_model.py:2245: UserWarning: The random effects covariance matrix is singular.
  warnings.warn(_warn_cov_sing)
/home/ubuntu/ttic_embeddings/.venv/lib/python3.12/site-packages/statsmodels/regression/mixed_linear_model.py:2261: ConvergenceWarning: The Hessian matrix at the estimated parameter values is not positive definite.
  warnings.warn(msg, ConvergenceWarning)
/home/ubuntu/ttic_embeddings/.venv/lib/python3.12/site-packages/statsmodels/regression/mixed_linear_model.py:1634: UserWarning: Random effects covariance is singular
  warnings.warn(msg)
/home/ubuntu/ttic_embeddings/.venv/lib/python3.12/site-packages/statsmodels/regression/mixed_linear_model.py:2054: UserWarning: The random effects covariance matrix is singular.
  warnings.warn(_warn_cov_sing)
/home/ubuntu/ttic_embeddings/.venv/lib/python3.12/site-packages/statsmodels/regression/mixed_linear_model.py:2237: ConvergenceWarning: The MLE may be on the boundary of the parameter space.
  warnings.warn(msg, ConvergenceWarning)
/home/ubuntu/ttic_embeddings/.venv/lib/python3.12/site-packages/statsmodels/regression/mixed_linear_model.py:2245: UserWarning: The random effects covariance matrix is singular.
  warnings.warn(_warn_cov_sing)
/home/ubuntu/ttic_embeddings/.venv/lib/python3.12/site-packages/statsmodels/regression/mixed_linear_model.py:2261: ConvergenceWarning: The Hessian matrix at the estimated parameter values is not positive definite.
  warnings.warn(msg, ConvergenceWarning)
/home/ubuntu/ttic_embeddings/.venv/lib/python3.12/site-packages/statsmodels/regression/mixed_linear_model.py:1634: UserWarning: Random effects covariance is singular
  warnings.warn(msg)
/home/ubuntu/ttic_embeddings/.venv/lib/python3.12/site-packages/statsmodels/regression/mixed_linear_model.py:2054: UserWarning: The random effects covariance matrix is singular.
  warnings.warn(_warn_cov_sing)
/home/ubuntu/ttic_embeddings/.venv/lib/python3.12/site-packages/statsmodels/regression/mixed_linear_model.py:2237: ConvergenceWarning: The MLE may be on the boundary of the parameter space.
  warnings.warn(msg, ConvergenceWarning)
/home/ubuntu/ttic_embeddings/.venv/lib/python3.12/site-packages/statsmodels/regression/mixed_linear_model.py:2245: UserWarning: The random effects covariance matrix is singular.
  warnings.warn(_warn_cov_sing)
/home/ubuntu/ttic_embeddings/.venv/lib/python3.12/site-packages/statsmodels/regression/mixed_linear_model.py:2261: ConvergenceWarning: The Hessian matrix at the estimated parameter values is not positive definite.
  warnings.warn(msg, ConvergenceWarning)
/home/ubuntu/ttic_embeddings/.venv/lib/python3.12/site-packages/statsmodels/regression/mixed_linear_model.py:1634: UserWarning: Random effects covariance is singular
  warnings.warn(msg)
/home/ubuntu/ttic_embeddings/.venv/lib/python3.12/site-packages/statsmodels/regression/mixed_linear_model.py:2237: ConvergenceWarning: The MLE may be on the boundary of the parameter space.
  warnings.warn(msg, ConvergenceWarning)
/home/ubuntu/ttic_embeddings/.venv/lib/python3.12/site-packages/statsmodels/regression/mixed_linear_model.py:1634: UserWarning: Random effects covariance is singular
  warnings.warn(msg)
/home/ubuntu/ttic_embeddings/.venv/lib/python3.12/site-packages/statsmodels/regression/mixed_linear_model.py:2054: UserWarning: The random effects covariance matrix is singular.
  warnings.warn(_warn_cov_sing)
/home/ubuntu/ttic_embeddings/.venv/lib/python3.12/site-packages/statsmodels/regression/mixed_linear_model.py:2237: ConvergenceWarning: The MLE may be on the boundary of the parameter space.
  warnings.warn(msg, ConvergenceWarning)
/home/ubuntu/ttic_embeddings/.venv/lib/python3.12/site-packages/statsmodels/regression/mixed_linear_model.py:2245: UserWarning: The random effects covariance matrix is singular.
  warnings.warn(_warn_cov_sing)
/home/ubuntu/ttic_embeddings/.venv/lib/python3.12/site-packages/statsmodels/regression/mixed_linear_model.py:2261: ConvergenceWarning: The Hessian matrix at the estimated parameter values is not positive definite.
  warnings.warn(msg, ConvergenceWarning)
/home/ubuntu/ttic_embeddings/.venv/lib/python3.12/site-packages/statsmodels/regression/mixed_linear_model.py:1634: UserWarning: Random effects covariance is singular
  warnings.warn(msg)
/home/ubuntu/ttic_embeddings/.venv/lib/python3.12/site-packages/statsmodels/regression/mixed_linear_model.py:2054: UserWarning: The random effects covariance matrix is singular.
  warnings.warn(_warn_cov_sing)
/home/ubuntu/ttic_embeddings/.venv/lib/python3.12/site-packages/statsmodels/regression/mixed_linear_model.py:2237: ConvergenceWarning: The MLE may be on the boundary of the parameter space.
  warnings.warn(msg, ConvergenceWarning)
/home/ubuntu/ttic_embeddings/.venv/lib/python3.12/site-packages/statsmodels/regression/mixed_linear_model.py:2245: UserWarning: The random effects covariance matrix is singular.
  warnings.warn(_warn_cov_sing)
/home/ubuntu/ttic_embeddings/.venv/lib/python3.12/site-packages/statsmodels/regression/mixed_linear_model.py:2261: ConvergenceWarning: The Hessian matrix at the estimated parameter values is not positive definite.
  warnings.warn(msg, ConvergenceWarning)
/home/ubuntu/ttic_embeddings/.venv/lib/python3.12/site-packages/statsmodels/regression/mixed_linear_model.py:1634: UserWarning: Random effects covariance is singular
  warnings.warn(msg)
/home/ubuntu/ttic_embeddings/.venv/lib/python3.12/site-packages/statsmodels/regression/mixed_linear_model.py:2054: UserWarning: The random effects covariance matrix is singular.
  warnings.warn(_warn_cov_sing)
/home/ubuntu/ttic_embeddings/.venv/lib/python3.12/site-packages/statsmodels/regression/mixed_linear_model.py:2237: ConvergenceWarning: The MLE may be on the boundary of the parameter space.
  warnings.warn(msg, ConvergenceWarning)
/home/ubuntu/ttic_embeddings/.venv/lib/python3.12/site-packages/statsmodels/regression/mixed_linear_model.py:2245: UserWarning: The random effects covariance matrix is singular.
  warnings.warn(_warn_cov_sing)
/home/ubuntu/ttic_embeddings/.venv/lib/python3.12/site-packages/statsmodels/regression/mixed_linear_model.py:2261: ConvergenceWarning: The Hessian matrix at the estimated parameter values is not positive definite.
  warnings.warn(msg, ConvergenceWarning)
/home/ubuntu/ttic_embeddings/.venv/lib/python3.12/site-packages/statsmodels/regression/mixed_linear_model.py:1634: UserWarning: Random effects covariance is singular
  warnings.warn(msg)
/home/ubuntu/ttic_embeddings/.venv/lib/python3.12/site-packages/statsmodels/regression/mixed_linear_model.py:2054: UserWarning: The random effects covariance matrix is singular.
  warnings.warn(_warn_cov_sing)
/home/ubuntu/ttic_embeddings/.venv/lib/python3.12/site-packages/statsmodels/regression/mixed_linear_model.py:2237: ConvergenceWarning: The MLE may be on the boundary of the parameter space.
  warnings.warn(msg, ConvergenceWarning)
/home/ubuntu/ttic_embeddings/.venv/lib/python3.12/site-packages/statsmodels/regression/mixed_linear_model.py:2245: UserWarning: The random effects covariance matrix is singular.
  warnings.warn(_warn_cov_sing)
/home/ubuntu/ttic_embeddings/.venv/lib/python3.12/site-packages/statsmodels/regression/mixed_linear_model.py:2261: ConvergenceWarning: The Hessian matrix at the estimated parameter values is not positive definite.
  warnings.warn(msg, ConvergenceWarning)
2026-05-12 19:24:46,237 | INFO    | analyze | Mixed-effects results:
     coef            se             z  p_value              metric
-0.001892  12252.524709 -1.544135e-07 1.000000        adj_per_noun
-0.227014 111809.340903 -2.030366e-06 0.999998      caption_length
-0.679558           NaN           NaN      NaN head_noun_min_depth
-0.005504      0.002637 -2.087443e+00 0.036848  projective_density
-0.018873  16568.069578 -1.139140e-06 0.999999  scene_object_ratio
-0.001703   4040.523461 -4.214038e-07 1.000000 topological_density
 0.135670 435251.689055  3.117049e-07 1.000000   vg_attr_precision
-0.000026           NaN           NaN      NaN      vg_attr_recall
2026-05-12 19:24:46,237 | INFO    | analyze | Wrote -> captions/analysis_seed1_beam_mixed_effects.csv
2026-05-12 19:24:46,237 | INFO    | analyze | 
Running secondary family (pairwise contrasts, 48 tests)...
2026-05-12 19:24:46,804 | INFO    | analyze | Wrote -> captions/analysis_seed1_beam_secondary.csv
2026-05-12 19:24:46,832 | INFO    | analyze | MTLD per-cell:
encoder decoder  seed metric     score     ci_lo     ci_hi  n_captions
   clip    beam     1   mtld 21.997505 21.723807 22.523150        5000
 siglip    beam     1   mtld 22.891019 22.607376 23.429297        5000
 dinov2    beam     1   mtld 23.373265 23.203426 24.040003        5000
    mae    beam     1   mtld 21.738572 21.357840 22.033247        5000
2026-05-12 19:24:46,832 | INFO    | analyze | Wrote -> captions/analysis_seed1_beam_summary.txt
