2026-05-11 10:12:49,833 | INFO    | cache_features | Device: cuda:0
2026-05-11 10:12:51,646 | INFO    | cache_features | Encoder: siglip (google/siglip-large-patch16-256)
2026-05-11 10:12:51,647 | INFO    | cache_features | Images:  118287  |  patches: 256  |  dim: 1024  |  fp16 size: 57.8 GiB
2026-05-11 10:12:51,647 | INFO    | cache_features | Output:  features/siglip/train2017_features.fp16.bin
Warning: You are sending unauthenticated requests to the HF Hub. Please set a HF_TOKEN to enable higher rate limits and faster downloads.
Loading weights:   0%|          | 0/400 [00:00<?, ?it/s]Loading weights:  14%|█▍        | 58/400 [00:00<00:00, 536.47it/s]Loading weights:  28%|██▊       | 112/400 [00:00<00:00, 379.27it/s]Loading weights:  38%|███▊      | 153/400 [00:00<00:00, 358.03it/s]Loading weights:  48%|████▊     | 193/400 [00:00<00:00, 364.78it/s]Loading weights:  58%|█████▊    | 231/400 [00:00<00:00, 327.98it/s]Loading weights:  68%|██████▊   | 274/400 [00:00<00:00, 353.37it/s]Loading weights:  78%|███████▊  | 311/400 [00:00<00:00, 357.61it/s]Loading weights:  87%|████████▋ | 348/400 [00:01<00:00, 312.79it/s]Loading weights:  98%|█████████▊| 390/400 [00:01<00:00, 332.81it/s]Loading weights: 100%|██████████| 400/400 [00:01<00:00, 355.14it/s]
[transformers] [1mSiglipVisionModel LOAD REPORT[0m from: google/siglip-large-patch16-256
Key                                                          | Status     |  | 
-------------------------------------------------------------+------------+--+-
text_model.encoder.layers.{0...23}.self_attn.v_proj.bias     | UNEXPECTED |  | 
text_model.encoder.layers.{0...23}.layer_norm2.weight        | UNEXPECTED |  | 
text_model.encoder.layers.{0...23}.mlp.fc1.bias              | UNEXPECTED |  | 
text_model.encoder.layers.{0...23}.self_attn.v_proj.weight   | UNEXPECTED |  | 
text_model.encoder.layers.{0...23}.self_attn.out_proj.weight | UNEXPECTED |  | 
text_model.encoder.layers.{0...23}.self_attn.q_proj.weight   | UNEXPECTED |  | 
text_model.encoder.layers.{0...23}.layer_norm1.bias          | UNEXPECTED |  | 
text_model.encoder.layers.{0...23}.layer_norm2.bias          | UNEXPECTED |  | 
text_model.encoder.layers.{0...23}.self_attn.out_proj.bias   | UNEXPECTED |  | 
text_model.encoder.layers.{0...23}.mlp.fc2.bias              | UNEXPECTED |  | 
text_model.final_layer_norm.bias                             | UNEXPECTED |  | 
text_model.encoder.layers.{0...23}.self_attn.k_proj.weight   | UNEXPECTED |  | 
text_model.encoder.layers.{0...23}.mlp.fc1.weight            | UNEXPECTED |  | 
text_model.encoder.layers.{0...23}.layer_norm1.weight        | UNEXPECTED |  | 
text_model.encoder.layers.{0...23}.self_attn.q_proj.bias     | UNEXPECTED |  | 
text_model.encoder.layers.{0...23}.mlp.fc2.weight            | UNEXPECTED |  | 
text_model.embeddings.token_embedding.weight                 | UNEXPECTED |  | 
text_model.encoder.layers.{0...23}.self_attn.k_proj.bias     | UNEXPECTED |  | 
text_model.head.bias                                         | UNEXPECTED |  | 
logit_bias                                                   | UNEXPECTED |  | 
logit_scale                                                  | UNEXPECTED |  | 
text_model.final_layer_norm.weight                           | UNEXPECTED |  | 
text_model.head.weight                                       | UNEXPECTED |  | 
text_model.embeddings.position_embedding.weight              | UNEXPECTED |  | 

Notes:
- UNEXPECTED:	can be ignored when loading from different task/architecture; not ok if you expect identical arch.
2026-05-11 10:13:07,607 | INFO    | cache_features | Allocating memmap (57.8 GiB)...
2026-05-11 10:13:37,945 | INFO    | cache_features |   3904 / 118287 images  |  128.7 img/s  |  ETA 14.8 min
2026-05-11 10:14:08,006 | INFO    | cache_features |   9536 / 118287 images  |  157.9 img/s  |  ETA 11.5 min
2026-05-11 10:14:38,096 | INFO    | cache_features |   14720 / 118287 images  |  162.7 img/s  |  ETA 10.6 min
2026-05-11 10:15:08,304 | INFO    | cache_features |   20288 / 118287 images  |  168.1 img/s  |  ETA 9.7 min
2026-05-11 10:15:38,555 | INFO    | cache_features |   25728 / 118287 images  |  170.4 img/s  |  ETA 9.1 min
2026-05-11 10:16:08,755 | INFO    | cache_features |   31104 / 118287 images  |  171.7 img/s  |  ETA 8.5 min
2026-05-11 10:16:38,789 | INFO    | cache_features |   36800 / 118287 images  |  174.3 img/s  |  ETA 7.8 min
2026-05-11 10:17:09,093 | INFO    | cache_features |   42240 / 118287 images  |  174.9 img/s  |  ETA 7.2 min
2026-05-11 10:17:39,125 | INFO    | cache_features |   47872 / 118287 images  |  176.3 img/s  |  ETA 6.7 min
2026-05-11 10:18:09,418 | INFO    | cache_features |   53312 / 118287 images  |  176.6 img/s  |  ETA 6.1 min
2026-05-11 10:18:39,486 | INFO    | cache_features |   58752 / 118287 images  |  177.0 img/s  |  ETA 5.6 min
2026-05-11 10:19:09,691 | INFO    | cache_features |   64384 / 118287 images  |  177.8 img/s  |  ETA 5.1 min
2026-05-11 10:19:39,767 | INFO    | cache_features |   69888 / 118287 images  |  178.2 img/s  |  ETA 4.5 min
2026-05-11 10:20:10,091 | INFO    | cache_features |   75520 / 118287 images  |  178.8 img/s  |  ETA 4.0 min
2026-05-11 10:20:40,408 | INFO    | cache_features |   81216 / 118287 images  |  179.4 img/s  |  ETA 3.4 min
2026-05-11 10:21:10,539 | INFO    | cache_features |   86912 / 118287 images  |  180.0 img/s  |  ETA 2.9 min
2026-05-11 10:21:40,712 | INFO    | cache_features |   93568 / 118287 images  |  182.4 img/s  |  ETA 2.3 min
2026-05-11 10:22:10,901 | INFO    | cache_features |   99584 / 118287 images  |  183.3 img/s  |  ETA 1.7 min
2026-05-11 10:22:41,054 | INFO    | cache_features |   105856 / 118287 images  |  184.6 img/s  |  ETA 1.1 min
2026-05-11 10:23:11,129 | INFO    | cache_features |   111424 / 118287 images  |  184.6 img/s  |  ETA 0.6 min
2026-05-11 10:23:41,240 | INFO    | cache_features |   117440 / 118287 images  |  185.3 img/s  |  ETA 0.1 min
2026-05-11 10:23:52,713 | INFO    | cache_features | Done. 118287 images in 10.8 min (183.4 img/s).
2026-05-11 10:23:52,713 | INFO    | cache_features | Wrote features/siglip/train2017_features.fp16.bin (57.8 GiB) and train2017_features.meta.json
