2026-05-12 20:00:50,745 | INFO    | caption_quality | Loading generated captions: captions/captions_seed1.jsonl
2026-05-12 20:00:50,902 | INFO    | caption_quality | Loaded 8 (encoder, decoder) conditions
2026-05-12 20:00:50,903 | INFO    | caption_quality |   ('clip', 'beam'): 5000 images
2026-05-12 20:00:50,903 | INFO    | caption_quality |   ('clip', 'nucleus'): 5000 images
2026-05-12 20:00:50,903 | INFO    | caption_quality |   ('siglip', 'beam'): 5000 images
2026-05-12 20:00:50,903 | INFO    | caption_quality |   ('siglip', 'nucleus'): 5000 images
2026-05-12 20:00:50,903 | INFO    | caption_quality |   ('dinov2', 'beam'): 5000 images
2026-05-12 20:00:50,903 | INFO    | caption_quality |   ('dinov2', 'nucleus'): 5000 images
2026-05-12 20:00:50,903 | INFO    | caption_quality |   ('mae', 'beam'): 5000 images
2026-05-12 20:00:50,903 | INFO    | caption_quality |   ('mae', 'nucleus'): 5000 images
2026-05-12 20:00:50,903 | INFO    | caption_quality | Loading reference captions from /home/ubuntu/data/coco ...
2026-05-12 20:00:50,954 | INFO    | caption_quality | Loaded references for 5000 images
2026-05-12 20:00:50,961 | INFO    | caption_quality | --- clip / beam ---
2026-05-12 20:00:50,989 | WARNING | caption_quality | PTBTokenizer failed (FileNotFoundError); falling back to regex tokenizer. Cross-encoder comparisons remain valid; absolute scores will differ slightly from literature CIDEr numbers.
2026-05-12 20:00:51,169 | WARNING | caption_quality | PTBTokenizer failed (FileNotFoundError); falling back to regex tokenizer. Cross-encoder comparisons remain valid; absolute scores will differ slightly from literature CIDEr numbers.
2026-05-12 20:00:54,686 | WARNING | caption_quality | SPICE compute failed: FileNotFoundError: [Errno 2] No such file or directory: 'java'
2026-05-12 20:00:54,688 | INFO    | caption_quality |   CIDEr=1.0124  SPICE=n/a  n_images=5000
2026-05-12 20:00:54,688 | INFO    | caption_quality | --- clip / nucleus ---
2026-05-12 20:00:54,705 | WARNING | caption_quality | PTBTokenizer failed (FileNotFoundError); falling back to regex tokenizer. Cross-encoder comparisons remain valid; absolute scores will differ slightly from literature CIDEr numbers.
2026-05-12 20:00:54,788 | WARNING | caption_quality | PTBTokenizer failed (FileNotFoundError); falling back to regex tokenizer. Cross-encoder comparisons remain valid; absolute scores will differ slightly from literature CIDEr numbers.
2026-05-12 20:00:58,763 | WARNING | caption_quality | SPICE compute failed: FileNotFoundError: [Errno 2] No such file or directory: 'java'
2026-05-12 20:00:58,766 | INFO    | caption_quality |   CIDEr=0.5506  SPICE=n/a  n_images=5000
2026-05-12 20:00:58,766 | INFO    | caption_quality | --- siglip / beam ---
2026-05-12 20:00:58,785 | WARNING | caption_quality | PTBTokenizer failed (FileNotFoundError); falling back to regex tokenizer. Cross-encoder comparisons remain valid; absolute scores will differ slightly from literature CIDEr numbers.
2026-05-12 20:00:58,884 | WARNING | caption_quality | PTBTokenizer failed (FileNotFoundError); falling back to regex tokenizer. Cross-encoder comparisons remain valid; absolute scores will differ slightly from literature CIDEr numbers.
2026-05-12 20:01:02,464 | WARNING | caption_quality | SPICE compute failed: FileNotFoundError: [Errno 2] No such file or directory: 'java'
2026-05-12 20:01:02,466 | INFO    | caption_quality |   CIDEr=1.1131  SPICE=n/a  n_images=5000
2026-05-12 20:01:02,466 | INFO    | caption_quality | --- siglip / nucleus ---
2026-05-12 20:01:02,484 | WARNING | caption_quality | PTBTokenizer failed (FileNotFoundError); falling back to regex tokenizer. Cross-encoder comparisons remain valid; absolute scores will differ slightly from literature CIDEr numbers.
2026-05-12 20:01:02,573 | WARNING | caption_quality | PTBTokenizer failed (FileNotFoundError); falling back to regex tokenizer. Cross-encoder comparisons remain valid; absolute scores will differ slightly from literature CIDEr numbers.
2026-05-12 20:01:05,943 | WARNING | caption_quality | SPICE compute failed: FileNotFoundError: [Errno 2] No such file or directory: 'java'
2026-05-12 20:01:05,946 | INFO    | caption_quality |   CIDEr=0.6213  SPICE=n/a  n_images=5000
2026-05-12 20:01:05,946 | INFO    | caption_quality | --- dinov2 / beam ---
2026-05-12 20:01:05,966 | WARNING | caption_quality | PTBTokenizer failed (FileNotFoundError); falling back to regex tokenizer. Cross-encoder comparisons remain valid; absolute scores will differ slightly from literature CIDEr numbers.
2026-05-12 20:01:06,056 | WARNING | caption_quality | PTBTokenizer failed (FileNotFoundError); falling back to regex tokenizer. Cross-encoder comparisons remain valid; absolute scores will differ slightly from literature CIDEr numbers.
2026-05-12 20:01:09,276 | WARNING | caption_quality | SPICE compute failed: FileNotFoundError: [Errno 2] No such file or directory: 'java'
2026-05-12 20:01:09,279 | INFO    | caption_quality |   CIDEr=1.1049  SPICE=n/a  n_images=5000
2026-05-12 20:01:09,279 | INFO    | caption_quality | --- dinov2 / nucleus ---
2026-05-12 20:01:09,301 | WARNING | caption_quality | PTBTokenizer failed (FileNotFoundError); falling back to regex tokenizer. Cross-encoder comparisons remain valid; absolute scores will differ slightly from literature CIDEr numbers.
2026-05-12 20:01:09,402 | WARNING | caption_quality | PTBTokenizer failed (FileNotFoundError); falling back to regex tokenizer. Cross-encoder comparisons remain valid; absolute scores will differ slightly from literature CIDEr numbers.
2026-05-12 20:01:13,445 | WARNING | caption_quality | SPICE compute failed: FileNotFoundError: [Errno 2] No such file or directory: 'java'
2026-05-12 20:01:13,448 | INFO    | caption_quality |   CIDEr=0.6371  SPICE=n/a  n_images=5000
2026-05-12 20:01:13,448 | INFO    | caption_quality | --- mae / beam ---
2026-05-12 20:01:13,561 | WARNING | caption_quality | PTBTokenizer failed (FileNotFoundError); falling back to regex tokenizer. Cross-encoder comparisons remain valid; absolute scores will differ slightly from literature CIDEr numbers.
2026-05-12 20:01:13,665 | WARNING | caption_quality | PTBTokenizer failed (FileNotFoundError); falling back to regex tokenizer. Cross-encoder comparisons remain valid; absolute scores will differ slightly from literature CIDEr numbers.
2026-05-12 20:01:16,947 | WARNING | caption_quality | SPICE compute failed: FileNotFoundError: [Errno 2] No such file or directory: 'java'
2026-05-12 20:01:16,949 | INFO    | caption_quality |   CIDEr=0.8849  SPICE=n/a  n_images=5000
2026-05-12 20:01:16,949 | INFO    | caption_quality | --- mae / nucleus ---
2026-05-12 20:01:16,967 | WARNING | caption_quality | PTBTokenizer failed (FileNotFoundError); falling back to regex tokenizer. Cross-encoder comparisons remain valid; absolute scores will differ slightly from literature CIDEr numbers.
2026-05-12 20:01:17,142 | WARNING | caption_quality | PTBTokenizer failed (FileNotFoundError); falling back to regex tokenizer. Cross-encoder comparisons remain valid; absolute scores will differ slightly from literature CIDEr numbers.
2026-05-12 20:01:20,435 | WARNING | caption_quality | SPICE compute failed: FileNotFoundError: [Errno 2] No such file or directory: 'java'
2026-05-12 20:01:20,437 | INFO    | caption_quality |   CIDEr=0.4785  SPICE=n/a  n_images=5000
2026-05-12 20:01:20,440 | INFO    | caption_quality | Wrote 8 quality rows to captions/quality_results.csv
2026-05-12 20:01:20,449 | INFO    | caption_quality | Wrote summary to captions/quality_summary.txt
2026-05-12 20:01:20,450 | INFO    | caption_quality | Per-condition scores:
metric              cider
encoder decoder          
clip    beam     1.012408
        nucleus  0.550618
dinov2  beam     1.104921
        nucleus  0.637053
mae     beam     0.884869
        nucleus  0.478547
siglip  beam     1.113123
        nucleus  0.621293
2026-05-12 20:01:20,450 | INFO    | caption_quality | Precondition: {'passed': False, 'max': 1.1131225340258126, 'min': 0.884868596434007, 'spread_fraction': 0.2050573325169182, 'threshold': 0.1, 'decoder': 'beam', 'encoders': ['clip', 'dinov2', 'mae', 'siglip']}
