2026-05-11 20:57:54,330 | INFO    | train_clip | Device: cuda:0 (CUDA available: True)
2026-05-11 20:57:54,330 | INFO    | train_clip | Encoder: dinov2 (facebook/dinov2-large)
2026-05-11 20:57:54,335 | INFO    | train_clip | Resolved config:
seed: 1
paths:
  coco_root: ${oc.env:COCO_ROOT,./data/coco}
  vg_root: ${oc.env:VG_ROOT,./data/vg}
  cache_root: ${oc.env:FEATURE_CACHE_ROOT,./features}
  checkpoint_root: ${oc.env:CHECKPOINT_ROOT,./checkpoints}
  caption_root: ${oc.env:CAPTION_ROOT,./captions}
decoder:
  name: gpt2-medium
  hidden_dim: 1024
adaptor:
  k_soft_tokens: 10
  hidden_dim: 1024
  num_layers: 2
  activation: gelu
  dropout: 0.1
train:
  optimizer: adamw
  lr: 0.0001
  weight_decay: 0.01
  betas:
  - 0.9
  - 0.999
  batch_size: 256
  warmup_steps: 500
  max_steps: 35000
  val_every_steps: 1000
  val_max_batches: 20
  patience_evals: 5
  grad_clip: 1.0
  precision: bf16
  num_seeds: 3
  num_workers: 8
  holdout_size: 5000
  holdout_seed: 0
generate:
  beam_size: 5
  nucleus_p: 0.9
  max_new_tokens: 30
  num_val_images: 5000
logging:
  wandb_project: ttic-embeddings
  wandb_entity: null
  log_every_steps: 50
encoder:
  name: dinov2
  checkpoint: facebook/dinov2-large
  hidden_dim: 1024
  patch_count: 256
  image_size: 224
  supervision: self

Loading weights:   0%|          | 0/439 [00:00<?, ?it/s]Loading weights:  15%|█▍        | 64/439 [00:00<00:00, 587.68it/s]Loading weights:  28%|██▊       | 123/439 [00:00<00:00, 586.18it/s]Loading weights:  42%|████▏     | 184/439 [00:00<00:00, 589.01it/s]Loading weights:  57%|█████▋    | 250/439 [00:00<00:00, 604.26it/s]Loading weights:  71%|███████▏  | 313/439 [00:00<00:00, 607.80it/s]Loading weights:  85%|████████▌ | 374/439 [00:00<00:00, 602.77it/s]Loading weights: 100%|██████████| 439/439 [00:00<00:00, 614.97it/s]
Warning: You are sending unauthenticated requests to the HF Hub. Please set a HF_TOKEN to enable higher rate limits and faster downloads.
Loading weights:   0%|          | 0/292 [00:00<?, ?it/s]Loading weights:  24%|██▍       | 71/292 [00:00<00:00, 700.74it/s]Loading weights:  49%|████▊     | 142/292 [00:00<00:00, 705.26it/s]Loading weights:  74%|███████▎  | 215/292 [00:00<00:00, 697.72it/s]Loading weights:  98%|█████████▊| 285/292 [00:00<00:00, 697.41it/s]Loading weights: 100%|██████████| 292/292 [00:00<00:00, 713.92it/s]
2026-05-11 20:57:57,560 | INFO    | train_clip | Model assembled. Adaptor: PrefixAdaptor(encoder_dim=1024, decoder_dim=1024, k=10, hidden_dim=1024, num_layers=2, params=2,099,200)
2026-05-11 20:57:59,224 | INFO    | train_clip | Held 5000 train2017 images out for val PPL (holdout_seed=0)
2026-05-11 20:57:59,226 | INFO    | train_clip | Using cached features from features/dinov2
2026-05-11 20:57:59,877 | INFO    | train_clip | Loaders built. train batches: 2213, val batches: 98
2026-05-11 20:57:59,880 | INFO    | train_clip | Checkpoints will be saved under: checkpoints/dinov2_seed1
2026-05-11 20:58:48,977 | INFO    | ttic_embeddings.train | Starting training. max_steps=35000, val_every=1000, patience=5, batch_size=256, device=cuda:0, amp=True
2026-05-11 20:58:48,977 | INFO    | ttic_embeddings.train | Trainable params (adaptor only): 2,099,200
[transformers] `loss_type=None` was set in the config but it is unrecognized. Using the default loss: `ForCausalLMLoss`.
2026-05-11 20:59:36,133 | INFO    | ttic_embeddings.train | step     50 | loss 5.0994 | lr 1.00e-05 | gnorm 5.07 | 1.06 step/s
2026-05-11 21:00:07,055 | INFO    | ttic_embeddings.train | step    100 | loss 4.3593 | lr 2.00e-05 | gnorm 1.73 | 1.28 step/s
2026-05-11 21:00:38,491 | INFO    | ttic_embeddings.train | step    150 | loss 3.6901 | lr 3.00e-05 | gnorm 1.48 | 1.37 step/s
2026-05-11 21:01:09,289 | INFO    | ttic_embeddings.train | step    200 | loss 3.1963 | lr 4.00e-05 | gnorm 1.16 | 1.43 step/s
2026-05-11 21:01:40,460 | INFO    | ttic_embeddings.train | step    250 | loss 2.9792 | lr 5.00e-05 | gnorm 1.04 | 1.46 step/s
2026-05-11 21:02:12,804 | INFO    | ttic_embeddings.train | step    300 | loss 2.8470 | lr 6.00e-05 | gnorm 0.94 | 1.47 step/s
2026-05-11 21:02:44,697 | INFO    | ttic_embeddings.train | step    350 | loss 2.7722 | lr 7.00e-05 | gnorm 0.97 | 1.48 step/s
2026-05-11 21:03:16,485 | INFO    | ttic_embeddings.train | step    400 | loss 2.7081 | lr 8.00e-05 | gnorm 0.98 | 1.50 step/s
2026-05-11 21:03:47,633 | INFO    | ttic_embeddings.train | step    450 | loss 2.6581 | lr 9.00e-05 | gnorm 0.88 | 1.51 step/s
2026-05-11 21:04:19,581 | INFO    | ttic_embeddings.train | step    500 | loss 2.6145 | lr 1.00e-04 | gnorm 0.91 | 1.51 step/s
2026-05-11 21:04:51,635 | INFO    | ttic_embeddings.train | step    550 | loss 2.5735 | lr 1.00e-04 | gnorm 0.97 | 1.52 step/s
2026-05-11 21:05:23,188 | INFO    | ttic_embeddings.train | step    600 | loss 2.5579 | lr 1.00e-04 | gnorm 0.93 | 1.52 step/s
2026-05-11 21:05:54,944 | INFO    | ttic_embeddings.train | step    650 | loss 2.5365 | lr 1.00e-04 | gnorm 0.86 | 1.53 step/s
2026-05-11 21:06:27,218 | INFO    | ttic_embeddings.train | step    700 | loss 2.5190 | lr 1.00e-04 | gnorm 0.80 | 1.53 step/s
2026-05-11 21:06:59,514 | INFO    | ttic_embeddings.train | step    750 | loss 2.5056 | lr 1.00e-04 | gnorm 0.86 | 1.53 step/s
2026-05-11 21:07:31,678 | INFO    | ttic_embeddings.train | step    800 | loss 2.4875 | lr 1.00e-04 | gnorm 0.81 | 1.53 step/s
2026-05-11 21:08:04,078 | INFO    | ttic_embeddings.train | step    850 | loss 2.4811 | lr 1.00e-04 | gnorm 0.81 | 1.53 step/s
2026-05-11 21:08:37,127 | INFO    | ttic_embeddings.train | step    900 | loss 2.4583 | lr 1.00e-04 | gnorm 0.80 | 1.53 step/s
2026-05-11 21:09:08,383 | INFO    | ttic_embeddings.train | step    950 | loss 2.4523 | lr 1.00e-04 | gnorm 0.75 | 1.53 step/s
2026-05-11 21:09:40,288 | INFO    | ttic_embeddings.train | step   1000 | loss 2.4423 | lr 9.99e-05 | gnorm 0.77 | 1.54 step/s
2026-05-11 21:10:03,838 | INFO    | ttic_embeddings.train | step   1000 | val/ppl 11.729
2026-05-11 21:10:04,022 | INFO    | ttic_embeddings.train |   best val/ppl so far (11.729) -> saved checkpoints/dinov2_seed1/adaptor_best.pt
2026-05-11 21:10:40,545 | INFO    | ttic_embeddings.train | step   1050 | loss 2.4469 | lr 9.99e-05 | gnorm 0.80 | 1.48 step/s
2026-05-11 21:11:13,645 | INFO    | ttic_embeddings.train | step   1100 | loss 2.4470 | lr 9.99e-05 | gnorm 0.79 | 1.48 step/s
2026-05-11 21:11:46,353 | INFO    | ttic_embeddings.train | step   1150 | loss 2.4404 | lr 9.99e-05 | gnorm 0.77 | 1.48 step/s
2026-05-11 21:12:19,399 | INFO    | ttic_embeddings.train | step   1200 | loss 2.4285 | lr 9.99e-05 | gnorm 0.76 | 1.48 step/s
2026-05-11 21:12:52,387 | INFO    | ttic_embeddings.train | step   1250 | loss 2.4036 | lr 9.99e-05 | gnorm 0.78 | 1.48 step/s
2026-05-11 21:13:25,642 | INFO    | ttic_embeddings.train | step   1300 | loss 2.4142 | lr 9.99e-05 | gnorm 0.85 | 1.48 step/s
2026-05-11 21:13:57,831 | INFO    | ttic_embeddings.train | step   1350 | loss 2.4050 | lr 9.99e-05 | gnorm 0.74 | 1.49 step/s
2026-05-11 21:14:27,168 | INFO    | ttic_embeddings.train | step   1400 | loss 2.4071 | lr 9.98e-05 | gnorm 0.77 | 1.49 step/s
2026-05-11 21:14:58,137 | INFO    | ttic_embeddings.train | step   1450 | loss 2.3971 | lr 9.98e-05 | gnorm 0.78 | 1.50 step/s
2026-05-11 21:15:31,762 | INFO    | ttic_embeddings.train | step   1500 | loss 2.3958 | lr 9.98e-05 | gnorm 0.86 | 1.50 step/s
2026-05-11 21:16:04,719 | INFO    | ttic_embeddings.train | step   1550 | loss 2.3878 | lr 9.98e-05 | gnorm 0.74 | 1.50 step/s
2026-05-11 21:16:37,823 | INFO    | ttic_embeddings.train | step   1600 | loss 2.3867 | lr 9.97e-05 | gnorm 0.76 | 1.50 step/s
2026-05-11 21:17:10,524 | INFO    | ttic_embeddings.train | step   1650 | loss 2.3852 | lr 9.97e-05 | gnorm 0.80 | 1.50 step/s
2026-05-11 21:17:45,382 | INFO    | ttic_embeddings.train | step   1700 | loss 2.3771 | lr 9.97e-05 | gnorm 0.77 | 1.50 step/s
2026-05-11 21:18:19,222 | INFO    | ttic_embeddings.train | step   1750 | loss 2.3764 | lr 9.97e-05 | gnorm 0.75 | 1.50 step/s
2026-05-11 21:18:52,994 | INFO    | ttic_embeddings.train | step   1800 | loss 2.3706 | lr 9.97e-05 | gnorm 0.82 | 1.49 step/s
2026-05-11 21:19:26,263 | INFO    | ttic_embeddings.train | step   1850 | loss 2.3624 | lr 9.96e-05 | gnorm 0.76 | 1.50 step/s
2026-05-11 21:19:58,790 | INFO    | ttic_embeddings.train | step   1900 | loss 2.3764 | lr 9.96e-05 | gnorm 0.76 | 1.50 step/s
2026-05-11 21:20:28,521 | INFO    | ttic_embeddings.train | step   1950 | loss 2.3532 | lr 9.96e-05 | gnorm 0.76 | 1.50 step/s
2026-05-11 21:20:57,358 | INFO    | ttic_embeddings.train | step   2000 | loss 2.3537 | lr 9.95e-05 | gnorm 0.75 | 1.51 step/s
2026-05-11 21:21:09,961 | INFO    | ttic_embeddings.train | step   2000 | val/ppl 10.802
2026-05-11 21:21:10,301 | INFO    | ttic_embeddings.train |   best val/ppl so far (10.802) -> saved checkpoints/dinov2_seed1/adaptor_best.pt
2026-05-11 21:21:42,650 | INFO    | ttic_embeddings.train | step   2050 | loss 2.3582 | lr 9.95e-05 | gnorm 0.72 | 1.49 step/s
2026-05-11 21:22:14,929 | INFO    | ttic_embeddings.train | step   2100 | loss 2.3462 | lr 9.95e-05 | gnorm 0.73 | 1.49 step/s
2026-05-11 21:22:48,585 | INFO    | ttic_embeddings.train | step   2150 | loss 2.3415 | lr 9.94e-05 | gnorm 0.76 | 1.49 step/s
2026-05-11 21:23:21,318 | INFO    | ttic_embeddings.train | step   2200 | loss 2.3319 | lr 9.94e-05 | gnorm 0.73 | 1.49 step/s
2026-05-11 21:24:00,809 | INFO    | ttic_embeddings.train | step   2250 | loss 2.3300 | lr 9.94e-05 | gnorm 0.73 | 1.49 step/s
2026-05-11 21:24:35,661 | INFO    | ttic_embeddings.train | step   2300 | loss 2.3287 | lr 9.93e-05 | gnorm 0.73 | 1.49 step/s
2026-05-11 21:25:08,681 | INFO    | ttic_embeddings.train | step   2350 | loss 2.3386 | lr 9.93e-05 | gnorm 0.77 | 1.49 step/s
2026-05-11 21:25:41,650 | INFO    | ttic_embeddings.train | step   2400 | loss 2.3298 | lr 9.93e-05 | gnorm 0.75 | 1.49 step/s
2026-05-11 21:26:14,640 | INFO    | ttic_embeddings.train | step   2450 | loss 2.3289 | lr 9.92e-05 | gnorm 0.74 | 1.49 step/s
2026-05-11 21:26:48,445 | INFO    | ttic_embeddings.train | step   2500 | loss 2.3227 | lr 9.92e-05 | gnorm 0.76 | 1.49 step/s
2026-05-11 21:27:22,314 | INFO    | ttic_embeddings.train | step   2550 | loss 2.3206 | lr 9.91e-05 | gnorm 0.79 | 1.49 step/s
2026-05-11 21:27:55,836 | INFO    | ttic_embeddings.train | step   2600 | loss 2.3172 | lr 9.91e-05 | gnorm 0.77 | 1.49 step/s
2026-05-11 21:28:25,933 | INFO    | ttic_embeddings.train | step   2650 | loss 2.3232 | lr 9.90e-05 | gnorm 0.79 | 1.49 step/s
2026-05-11 21:28:52,119 | INFO    | ttic_embeddings.train | step   2700 | loss 2.3213 | lr 9.90e-05 | gnorm 0.77 | 1.50 step/s
2026-05-11 21:29:18,332 | INFO    | ttic_embeddings.train | step   2750 | loss 2.3027 | lr 9.90e-05 | gnorm 0.72 | 1.50 step/s
2026-05-11 21:29:46,127 | INFO    | ttic_embeddings.train | step   2800 | loss 2.3103 | lr 9.89e-05 | gnorm 0.80 | 1.51 step/s
2026-05-11 21:30:18,329 | INFO    | ttic_embeddings.train | step   2850 | loss 2.3053 | lr 9.89e-05 | gnorm 0.76 | 1.51 step/s
2026-05-11 21:30:51,506 | INFO    | ttic_embeddings.train | step   2900 | loss 2.3249 | lr 9.88e-05 | gnorm 0.76 | 1.51 step/s
2026-05-11 21:31:25,827 | INFO    | ttic_embeddings.train | step   2950 | loss 2.3012 | lr 9.88e-05 | gnorm 0.75 | 1.51 step/s
2026-05-11 21:32:00,014 | INFO    | ttic_embeddings.train | step   3000 | loss 2.3068 | lr 9.87e-05 | gnorm 0.73 | 1.51 step/s
2026-05-11 21:32:16,266 | INFO    | ttic_embeddings.train | step   3000 | val/ppl 10.409
2026-05-11 21:32:16,758 | INFO    | ttic_embeddings.train |   best val/ppl so far (10.409) -> saved checkpoints/dinov2_seed1/adaptor_best.pt
2026-05-11 21:32:49,623 | INFO    | ttic_embeddings.train | step   3050 | loss 2.3133 | lr 9.87e-05 | gnorm 0.73 | 1.49 step/s
2026-05-11 21:33:23,057 | INFO    | ttic_embeddings.train | step   3100 | loss 2.3125 | lr 9.86e-05 | gnorm 0.79 | 1.49 step/s
2026-05-11 21:33:56,107 | INFO    | ttic_embeddings.train | step   3150 | loss 2.3058 | lr 9.86e-05 | gnorm 0.74 | 1.49 step/s
2026-05-11 21:34:29,136 | INFO    | ttic_embeddings.train | step   3200 | loss 2.3148 | lr 9.85e-05 | gnorm 0.74 | 1.50 step/s
2026-05-11 21:35:00,399 | INFO    | ttic_embeddings.train | step   3250 | loss 2.2978 | lr 9.84e-05 | gnorm 0.79 | 1.50 step/s
2026-05-11 21:35:33,867 | INFO    | ttic_embeddings.train | step   3300 | loss 2.3103 | lr 9.84e-05 | gnorm 0.72 | 1.50 step/s
2026-05-11 21:36:06,730 | INFO    | ttic_embeddings.train | step   3350 | loss 2.2960 | lr 9.83e-05 | gnorm 0.73 | 1.50 step/s
2026-05-11 21:36:40,292 | INFO    | ttic_embeddings.train | step   3400 | loss 2.3031 | lr 9.83e-05 | gnorm 0.74 | 1.50 step/s
2026-05-11 21:37:13,208 | INFO    | ttic_embeddings.train | step   3450 | loss 2.2969 | lr 9.82e-05 | gnorm 0.81 | 1.50 step/s
2026-05-11 21:37:47,293 | INFO    | ttic_embeddings.train | step   3500 | loss 2.2867 | lr 9.81e-05 | gnorm 0.76 | 1.50 step/s
2026-05-11 21:38:20,744 | INFO    | ttic_embeddings.train | step   3550 | loss 2.3024 | lr 9.81e-05 | gnorm 0.74 | 1.50 step/s
2026-05-11 21:38:54,346 | INFO    | ttic_embeddings.train | step   3600 | loss 2.2937 | lr 9.80e-05 | gnorm 0.71 | 1.50 step/s
2026-05-11 21:39:27,881 | INFO    | ttic_embeddings.train | step   3650 | loss 2.2914 | lr 9.80e-05 | gnorm 0.71 | 1.50 step/s
2026-05-11 21:40:01,256 | INFO    | ttic_embeddings.train | step   3700 | loss 2.2877 | lr 9.79e-05 | gnorm 0.71 | 1.50 step/s
2026-05-11 21:40:34,685 | INFO    | ttic_embeddings.train | step   3750 | loss 2.3007 | lr 9.78e-05 | gnorm 0.73 | 1.50 step/s
2026-05-11 21:41:07,493 | INFO    | ttic_embeddings.train | step   3800 | loss 2.2923 | lr 9.78e-05 | gnorm 0.74 | 1.50 step/s
2026-05-11 21:41:41,424 | INFO    | ttic_embeddings.train | step   3850 | loss 2.2798 | lr 9.77e-05 | gnorm 0.75 | 1.50 step/s
2026-05-11 21:42:14,959 | INFO    | ttic_embeddings.train | step   3900 | loss 2.2716 | lr 9.76e-05 | gnorm 0.74 | 1.50 step/s
2026-05-11 21:42:48,232 | INFO    | ttic_embeddings.train | step   3950 | loss 2.2980 | lr 9.76e-05 | gnorm 0.75 | 1.50 step/s
2026-05-11 21:43:21,682 | INFO    | ttic_embeddings.train | step   4000 | loss 2.2867 | lr 9.75e-05 | gnorm 0.78 | 1.50 step/s
2026-05-11 21:43:37,684 | INFO    | ttic_embeddings.train | step   4000 | val/ppl 10.153
2026-05-11 21:43:38,240 | INFO    | ttic_embeddings.train |   best val/ppl so far (10.153) -> saved checkpoints/dinov2_seed1/adaptor_best.pt
2026-05-11 21:44:10,616 | INFO    | ttic_embeddings.train | step   4050 | loss 2.2806 | lr 9.74e-05 | gnorm 0.72 | 1.49 step/s
2026-05-11 21:44:44,195 | INFO    | ttic_embeddings.train | step   4100 | loss 2.2697 | lr 9.73e-05 | gnorm 0.75 | 1.49 step/s
2026-05-11 21:45:13,376 | INFO    | ttic_embeddings.train | step   4150 | loss 2.2879 | lr 9.73e-05 | gnorm 0.71 | 1.49 step/s
2026-05-11 21:45:42,325 | INFO    | ttic_embeddings.train | step   4200 | loss 2.2849 | lr 9.72e-05 | gnorm 0.71 | 1.49 step/s
2026-05-11 21:46:10,612 | INFO    | ttic_embeddings.train | step   4250 | loss 2.2951 | lr 9.71e-05 | gnorm 0.75 | 1.50 step/s
2026-05-11 21:46:39,876 | INFO    | ttic_embeddings.train | step   4300 | loss 2.2851 | lr 9.70e-05 | gnorm 0.76 | 1.50 step/s
2026-05-11 21:47:11,094 | INFO    | ttic_embeddings.train | step   4350 | loss 2.2813 | lr 9.70e-05 | gnorm 0.79 | 1.50 step/s
2026-05-11 21:47:44,045 | INFO    | ttic_embeddings.train | step   4400 | loss 2.2833 | lr 9.69e-05 | gnorm 0.71 | 1.50 step/s
2026-05-11 21:48:21,246 | INFO    | ttic_embeddings.train | step   4450 | loss 2.2595 | lr 9.68e-05 | gnorm 0.75 | 1.50 step/s
2026-05-11 21:48:57,706 | INFO    | ttic_embeddings.train | step   4500 | loss 2.2595 | lr 9.67e-05 | gnorm 0.75 | 1.50 step/s
2026-05-11 21:49:31,181 | INFO    | ttic_embeddings.train | step   4550 | loss 2.2616 | lr 9.66e-05 | gnorm 0.76 | 1.50 step/s
2026-05-11 21:50:04,861 | INFO    | ttic_embeddings.train | step   4600 | loss 2.2642 | lr 9.66e-05 | gnorm 0.79 | 1.50 step/s
2026-05-11 21:50:34,394 | INFO    | ttic_embeddings.train | step   4650 | loss 2.2656 | lr 9.65e-05 | gnorm 0.74 | 1.50 step/s
2026-05-11 21:51:02,359 | INFO    | ttic_embeddings.train | step   4700 | loss 2.2649 | lr 9.64e-05 | gnorm 0.78 | 1.50 step/s
2026-05-11 21:51:34,759 | INFO    | ttic_embeddings.train | step   4750 | loss 2.2559 | lr 9.63e-05 | gnorm 0.75 | 1.50 step/s
2026-05-11 21:52:07,124 | INFO    | ttic_embeddings.train | step   4800 | loss 2.2589 | lr 9.62e-05 | gnorm 0.72 | 1.50 step/s
2026-05-11 21:52:40,256 | INFO    | ttic_embeddings.train | step   4850 | loss 2.2430 | lr 9.61e-05 | gnorm 0.74 | 1.50 step/s
2026-05-11 21:53:12,646 | INFO    | ttic_embeddings.train | step   4900 | loss 2.2525 | lr 9.60e-05 | gnorm 0.75 | 1.50 step/s
2026-05-11 21:53:45,352 | INFO    | ttic_embeddings.train | step   4950 | loss 2.2547 | lr 9.60e-05 | gnorm 0.75 | 1.50 step/s
2026-05-11 21:54:18,117 | INFO    | ttic_embeddings.train | step   5000 | loss 2.2588 | lr 9.59e-05 | gnorm 0.79 | 1.50 step/s
2026-05-11 21:54:35,118 | INFO    | ttic_embeddings.train | step   5000 | val/ppl 10.011
2026-05-11 21:54:35,581 | INFO    | ttic_embeddings.train |   best val/ppl so far (10.011) -> saved checkpoints/dinov2_seed1/adaptor_best.pt
2026-05-11 21:55:08,808 | INFO    | ttic_embeddings.train | step   5050 | loss 2.2412 | lr 9.58e-05 | gnorm 0.79 | 1.49 step/s
2026-05-11 21:55:42,130 | INFO    | ttic_embeddings.train | step   5100 | loss 2.2563 | lr 9.57e-05 | gnorm 0.75 | 1.49 step/s
2026-05-11 21:56:16,192 | INFO    | ttic_embeddings.train | step   5150 | loss 2.2479 | lr 9.56e-05 | gnorm 0.76 | 1.49 step/s
2026-05-11 21:56:48,334 | INFO    | ttic_embeddings.train | step   5200 | loss 2.2448 | lr 9.55e-05 | gnorm 0.78 | 1.49 step/s
2026-05-11 21:57:21,585 | INFO    | ttic_embeddings.train | step   5250 | loss 2.2458 | lr 9.54e-05 | gnorm 0.83 | 1.49 step/s
2026-05-11 21:57:54,942 | INFO    | ttic_embeddings.train | step   5300 | loss 2.2429 | lr 9.53e-05 | gnorm 0.78 | 1.49 step/s
2026-05-11 21:58:28,169 | INFO    | ttic_embeddings.train | step   5350 | loss 2.2372 | lr 9.52e-05 | gnorm 0.75 | 1.49 step/s
2026-05-11 21:59:01,756 | INFO    | ttic_embeddings.train | step   5400 | loss 2.2559 | lr 9.51e-05 | gnorm 0.76 | 1.49 step/s
2026-05-11 21:59:35,024 | INFO    | ttic_embeddings.train | step   5450 | loss 2.2438 | lr 9.50e-05 | gnorm 0.75 | 1.49 step/s
2026-05-11 22:00:07,080 | INFO    | ttic_embeddings.train | step   5500 | loss 2.2430 | lr 9.49e-05 | gnorm 0.71 | 1.50 step/s
2026-05-11 22:00:40,687 | INFO    | ttic_embeddings.train | step   5550 | loss 2.2413 | lr 9.48e-05 | gnorm 0.75 | 1.50 step/s
2026-05-11 22:01:14,218 | INFO    | ttic_embeddings.train | step   5600 | loss 2.2495 | lr 9.47e-05 | gnorm 0.73 | 1.50 step/s
2026-05-11 22:01:46,911 | INFO    | ttic_embeddings.train | step   5650 | loss 2.2425 | lr 9.46e-05 | gnorm 0.76 | 1.50 step/s
2026-05-11 22:02:19,189 | INFO    | ttic_embeddings.train | step   5700 | loss 2.2457 | lr 9.45e-05 | gnorm 0.75 | 1.50 step/s
2026-05-11 22:02:52,956 | INFO    | ttic_embeddings.train | step   5750 | loss 2.2379 | lr 9.44e-05 | gnorm 0.74 | 1.50 step/s
2026-05-11 22:03:24,913 | INFO    | ttic_embeddings.train | step   5800 | loss 2.2503 | lr 9.43e-05 | gnorm 0.78 | 1.50 step/s
2026-05-11 22:03:53,653 | INFO    | ttic_embeddings.train | step   5850 | loss 2.2465 | lr 9.42e-05 | gnorm 0.77 | 1.50 step/s
2026-05-11 22:04:21,987 | INFO    | ttic_embeddings.train | step   5900 | loss 2.2393 | lr 9.41e-05 | gnorm 0.74 | 1.50 step/s
2026-05-11 22:04:49,809 | INFO    | ttic_embeddings.train | step   5950 | loss 2.2315 | lr 9.40e-05 | gnorm 0.80 | 1.50 step/s
2026-05-11 22:05:17,623 | INFO    | ttic_embeddings.train | step   6000 | loss 2.2437 | lr 9.39e-05 | gnorm 0.76 | 1.50 step/s
2026-05-11 22:05:26,514 | INFO    | ttic_embeddings.train | step   6000 | val/ppl 9.848
2026-05-11 22:05:26,839 | INFO    | ttic_embeddings.train |   best val/ppl so far (9.848) -> saved checkpoints/dinov2_seed1/adaptor_best.pt
2026-05-11 22:05:52,310 | INFO    | ttic_embeddings.train | step   6050 | loss 2.2497 | lr 9.37e-05 | gnorm 0.76 | 1.50 step/s
2026-05-11 22:06:21,159 | INFO    | ttic_embeddings.train | step   6100 | loss 2.2460 | lr 9.36e-05 | gnorm 0.77 | 1.51 step/s
2026-05-11 22:06:48,998 | INFO    | ttic_embeddings.train | step   6150 | loss 2.2313 | lr 9.35e-05 | gnorm 0.78 | 1.51 step/s
2026-05-11 22:07:16,688 | INFO    | ttic_embeddings.train | step   6200 | loss 2.2432 | lr 9.34e-05 | gnorm 0.81 | 1.51 step/s
2026-05-11 22:07:43,726 | INFO    | ttic_embeddings.train | step   6250 | loss 2.2491 | lr 9.33e-05 | gnorm 0.75 | 1.51 step/s
2026-05-11 22:08:08,762 | INFO    | ttic_embeddings.train | step   6300 | loss 2.2492 | lr 9.32e-05 | gnorm 0.78 | 1.51 step/s
2026-05-11 22:08:37,066 | INFO    | ttic_embeddings.train | step   6350 | loss 2.2360 | lr 9.31e-05 | gnorm 0.77 | 1.52 step/s
2026-05-11 22:09:04,673 | INFO    | ttic_embeddings.train | step   6400 | loss 2.2432 | lr 9.30e-05 | gnorm 0.77 | 1.52 step/s
2026-05-11 22:09:33,784 | INFO    | ttic_embeddings.train | step   6450 | loss 2.2405 | lr 9.28e-05 | gnorm 0.76 | 1.52 step/s
2026-05-11 22:10:02,700 | INFO    | ttic_embeddings.train | step   6500 | loss 2.2402 | lr 9.27e-05 | gnorm 0.73 | 1.52 step/s
2026-05-11 22:10:31,705 | INFO    | ttic_embeddings.train | step   6550 | loss 2.2293 | lr 9.26e-05 | gnorm 0.74 | 1.52 step/s
2026-05-11 22:11:00,091 | INFO    | ttic_embeddings.train | step   6600 | loss 2.2371 | lr 9.25e-05 | gnorm 0.80 | 1.52 step/s
2026-05-11 22:11:30,496 | INFO    | ttic_embeddings.train | step   6650 | loss 2.2285 | lr 9.24e-05 | gnorm 0.76 | 1.52 step/s
2026-05-11 22:12:00,303 | INFO    | ttic_embeddings.train | step   6700 | loss 2.2045 | lr 9.22e-05 | gnorm 0.77 | 1.53 step/s
2026-05-11 22:12:29,141 | INFO    | ttic_embeddings.train | step   6750 | loss 2.2140 | lr 9.21e-05 | gnorm 0.79 | 1.53 step/s
2026-05-11 22:12:58,696 | INFO    | ttic_embeddings.train | step   6800 | loss 2.2163 | lr 9.20e-05 | gnorm 0.76 | 1.53 step/s
2026-05-11 22:13:24,072 | INFO    | ttic_embeddings.train | step   6850 | loss 2.2104 | lr 9.19e-05 | gnorm 0.74 | 1.53 step/s
2026-05-11 22:13:50,469 | INFO    | ttic_embeddings.train | step   6900 | loss 2.2315 | lr 9.17e-05 | gnorm 0.82 | 1.53 step/s
2026-05-11 22:14:20,178 | INFO    | ttic_embeddings.train | step   6950 | loss 2.2074 | lr 9.16e-05 | gnorm 0.75 | 1.53 step/s
2026-05-11 22:14:46,535 | INFO    | ttic_embeddings.train | step   7000 | loss 2.2169 | lr 9.15e-05 | gnorm 0.79 | 1.54 step/s
2026-05-11 22:14:56,560 | INFO    | ttic_embeddings.train | step   7000 | val/ppl 9.789
2026-05-11 22:14:56,953 | INFO    | ttic_embeddings.train |   best val/ppl so far (9.789) -> saved checkpoints/dinov2_seed1/adaptor_best.pt
2026-05-11 22:15:26,357 | INFO    | ttic_embeddings.train | step   7050 | loss 2.2131 | lr 9.14e-05 | gnorm 0.73 | 1.53 step/s
2026-05-11 22:15:55,270 | INFO    | ttic_embeddings.train | step   7100 | loss 2.2143 | lr 9.12e-05 | gnorm 0.76 | 1.53 step/s
2026-05-11 22:16:20,873 | INFO    | ttic_embeddings.train | step   7150 | loss 2.2169 | lr 9.11e-05 | gnorm 0.76 | 1.54 step/s
2026-05-11 22:16:49,715 | INFO    | ttic_embeddings.train | step   7200 | loss 2.2223 | lr 9.10e-05 | gnorm 0.76 | 1.54 step/s
2026-05-11 22:17:16,983 | INFO    | ttic_embeddings.train | step   7250 | loss 2.2252 | lr 9.08e-05 | gnorm 0.79 | 1.54 step/s
2026-05-11 22:17:44,172 | INFO    | ttic_embeddings.train | step   7300 | loss 2.2085 | lr 9.07e-05 | gnorm 0.76 | 1.54 step/s
2026-05-11 22:18:11,321 | INFO    | ttic_embeddings.train | step   7350 | loss 2.2133 | lr 9.06e-05 | gnorm 0.79 | 1.54 step/s
2026-05-11 22:18:37,874 | INFO    | ttic_embeddings.train | step   7400 | loss 2.2105 | lr 9.05e-05 | gnorm 0.79 | 1.55 step/s
2026-05-11 22:19:03,828 | INFO    | ttic_embeddings.train | step   7450 | loss 2.2215 | lr 9.03e-05 | gnorm 0.80 | 1.55 step/s
2026-05-11 22:19:29,561 | INFO    | ttic_embeddings.train | step   7500 | loss 2.2010 | lr 9.02e-05 | gnorm 0.79 | 1.55 step/s
2026-05-11 22:19:54,120 | INFO    | ttic_embeddings.train | step   7550 | loss 2.2132 | lr 9.00e-05 | gnorm 0.78 | 1.55 step/s
2026-05-11 22:20:21,414 | INFO    | ttic_embeddings.train | step   7600 | loss 2.2076 | lr 8.99e-05 | gnorm 0.76 | 1.55 step/s
2026-05-11 22:20:47,181 | INFO    | ttic_embeddings.train | step   7650 | loss 2.2075 | lr 8.98e-05 | gnorm 0.77 | 1.56 step/s
2026-05-11 22:21:12,194 | INFO    | ttic_embeddings.train | step   7700 | loss 2.2142 | lr 8.96e-05 | gnorm 0.79 | 1.56 step/s
2026-05-11 22:21:35,817 | INFO    | ttic_embeddings.train | step   7750 | loss 2.1984 | lr 8.95e-05 | gnorm 0.80 | 1.56 step/s
2026-05-11 22:22:00,568 | INFO    | ttic_embeddings.train | step   7800 | loss 2.2081 | lr 8.94e-05 | gnorm 0.81 | 1.56 step/s
2026-05-11 22:22:24,947 | INFO    | ttic_embeddings.train | step   7850 | loss 2.2150 | lr 8.92e-05 | gnorm 0.77 | 1.57 step/s
2026-05-11 22:22:48,896 | INFO    | ttic_embeddings.train | step   7900 | loss 2.2202 | lr 8.91e-05 | gnorm 0.77 | 1.57 step/s
2026-05-11 22:23:13,524 | INFO    | ttic_embeddings.train | step   7950 | loss 2.2097 | lr 8.89e-05 | gnorm 0.73 | 1.57 step/s
2026-05-11 22:23:38,052 | INFO    | ttic_embeddings.train | step   8000 | loss 2.2207 | lr 8.88e-05 | gnorm 0.76 | 1.57 step/s
2026-05-11 22:23:46,714 | INFO    | ttic_embeddings.train | step   8000 | val/ppl 9.722
2026-05-11 22:23:47,134 | INFO    | ttic_embeddings.train |   best val/ppl so far (9.722) -> saved checkpoints/dinov2_seed1/adaptor_best.pt
2026-05-11 22:24:12,168 | INFO    | ttic_embeddings.train | step   8050 | loss 2.2070 | lr 8.86e-05 | gnorm 0.74 | 1.57 step/s
2026-05-11 22:24:35,979 | INFO    | ttic_embeddings.train | step   8100 | loss 2.2201 | lr 8.85e-05 | gnorm 0.78 | 1.57 step/s
2026-05-11 22:25:00,095 | INFO    | ttic_embeddings.train | step   8150 | loss 2.2041 | lr 8.84e-05 | gnorm 0.79 | 1.58 step/s
2026-05-11 22:25:27,212 | INFO    | ttic_embeddings.train | step   8200 | loss 2.2143 | lr 8.82e-05 | gnorm 0.77 | 1.58 step/s
2026-05-11 22:25:53,646 | INFO    | ttic_embeddings.train | step   8250 | loss 2.2003 | lr 8.81e-05 | gnorm 0.74 | 1.58 step/s
2026-05-11 22:26:20,517 | INFO    | ttic_embeddings.train | step   8300 | loss 2.2076 | lr 8.79e-05 | gnorm 0.75 | 1.58 step/s
2026-05-11 22:26:47,081 | INFO    | ttic_embeddings.train | step   8350 | loss 2.2093 | lr 8.78e-05 | gnorm 0.77 | 1.58 step/s
2026-05-11 22:27:14,294 | INFO    | ttic_embeddings.train | step   8400 | loss 2.2157 | lr 8.76e-05 | gnorm 0.76 | 1.58 step/s
2026-05-11 22:27:41,711 | INFO    | ttic_embeddings.train | step   8450 | loss 2.2090 | lr 8.75e-05 | gnorm 0.79 | 1.58 step/s
2026-05-11 22:28:09,076 | INFO    | ttic_embeddings.train | step   8500 | loss 2.2109 | lr 8.73e-05 | gnorm 0.77 | 1.59 step/s
2026-05-11 22:28:35,703 | INFO    | ttic_embeddings.train | step   8550 | loss 2.2037 | lr 8.72e-05 | gnorm 0.76 | 1.59 step/s
2026-05-11 22:29:02,208 | INFO    | ttic_embeddings.train | step   8600 | loss 2.1975 | lr 8.70e-05 | gnorm 0.72 | 1.59 step/s
2026-05-11 22:29:29,897 | INFO    | ttic_embeddings.train | step   8650 | loss 2.2037 | lr 8.69e-05 | gnorm 0.81 | 1.59 step/s
2026-05-11 22:30:01,010 | INFO    | ttic_embeddings.train | step   8700 | loss 2.2158 | lr 8.67e-05 | gnorm 0.76 | 1.59 step/s
2026-05-11 22:30:33,249 | INFO    | ttic_embeddings.train | step   8750 | loss 2.2176 | lr 8.65e-05 | gnorm 0.79 | 1.59 step/s
2026-05-11 22:31:03,859 | INFO    | ttic_embeddings.train | step   8800 | loss 2.2050 | lr 8.64e-05 | gnorm 0.81 | 1.59 step/s
2026-05-11 22:31:33,076 | INFO    | ttic_embeddings.train | step   8850 | loss 2.2240 | lr 8.62e-05 | gnorm 0.79 | 1.59 step/s
2026-05-11 22:32:06,893 | INFO    | ttic_embeddings.train | step   8900 | loss 2.1766 | lr 8.61e-05 | gnorm 0.79 | 1.59 step/s
2026-05-11 22:32:39,796 | INFO    | ttic_embeddings.train | step   8950 | loss 2.1772 | lr 8.59e-05 | gnorm 0.81 | 1.59 step/s
2026-05-11 22:33:10,915 | INFO    | ttic_embeddings.train | step   9000 | loss 2.1885 | lr 8.58e-05 | gnorm 0.81 | 1.59 step/s
2026-05-11 22:33:24,600 | INFO    | ttic_embeddings.train | step   9000 | val/ppl 9.664
2026-05-11 22:33:25,219 | INFO    | ttic_embeddings.train |   best val/ppl so far (9.664) -> saved checkpoints/dinov2_seed1/adaptor_best.pt
2026-05-11 22:33:57,075 | INFO    | ttic_embeddings.train | step   9050 | loss 2.1841 | lr 8.56e-05 | gnorm 0.82 | 1.59 step/s
2026-05-11 22:34:28,578 | INFO    | ttic_embeddings.train | step   9100 | loss 2.1937 | lr 8.54e-05 | gnorm 0.79 | 1.59 step/s
2026-05-11 22:34:58,290 | INFO    | ttic_embeddings.train | step   9150 | loss 2.1879 | lr 8.53e-05 | gnorm 0.81 | 1.59 step/s
2026-05-11 22:35:23,154 | INFO    | ttic_embeddings.train | step   9200 | loss 2.1865 | lr 8.51e-05 | gnorm 0.79 | 1.59 step/s
2026-05-11 22:35:47,070 | INFO    | ttic_embeddings.train | step   9250 | loss 2.1822 | lr 8.50e-05 | gnorm 0.86 | 1.59 step/s
2026-05-11 22:36:12,103 | INFO    | ttic_embeddings.train | step   9300 | loss 2.1879 | lr 8.48e-05 | gnorm 0.79 | 1.59 step/s
2026-05-11 22:36:37,623 | INFO    | ttic_embeddings.train | step   9350 | loss 2.1883 | lr 8.46e-05 | gnorm 0.81 | 1.59 step/s
2026-05-11 22:37:04,001 | INFO    | ttic_embeddings.train | step   9400 | loss 2.1754 | lr 8.45e-05 | gnorm 0.79 | 1.59 step/s
2026-05-11 22:37:30,493 | INFO    | ttic_embeddings.train | step   9450 | loss 2.1828 | lr 8.43e-05 | gnorm 0.82 | 1.60 step/s
2026-05-11 22:37:55,401 | INFO    | ttic_embeddings.train | step   9500 | loss 2.1757 | lr 8.41e-05 | gnorm 0.80 | 1.60 step/s
2026-05-11 22:38:23,247 | INFO    | ttic_embeddings.train | step   9550 | loss 2.1830 | lr 8.40e-05 | gnorm 0.84 | 1.60 step/s
2026-05-11 22:38:49,714 | INFO    | ttic_embeddings.train | step   9600 | loss 2.1867 | lr 8.38e-05 | gnorm 0.81 | 1.60 step/s
2026-05-11 22:39:20,983 | INFO    | ttic_embeddings.train | step   9650 | loss 2.2031 | lr 8.36e-05 | gnorm 0.82 | 1.60 step/s
2026-05-11 22:39:51,824 | INFO    | ttic_embeddings.train | step   9700 | loss 2.1919 | lr 8.35e-05 | gnorm 0.78 | 1.60 step/s
2026-05-11 22:40:22,280 | INFO    | ttic_embeddings.train | step   9750 | loss 2.1885 | lr 8.33e-05 | gnorm 0.80 | 1.60 step/s
2026-05-11 22:40:53,072 | INFO    | ttic_embeddings.train | step   9800 | loss 2.1931 | lr 8.31e-05 | gnorm 0.79 | 1.60 step/s
2026-05-11 22:41:22,697 | INFO    | ttic_embeddings.train | step   9850 | loss 2.1933 | lr 8.29e-05 | gnorm 0.80 | 1.60 step/s
2026-05-11 22:41:53,288 | INFO    | ttic_embeddings.train | step   9900 | loss 2.1832 | lr 8.28e-05 | gnorm 0.79 | 1.60 step/s
2026-05-11 22:42:23,494 | INFO    | ttic_embeddings.train | step   9950 | loss 2.1786 | lr 8.26e-05 | gnorm 0.82 | 1.60 step/s
2026-05-11 22:42:51,558 | INFO    | ttic_embeddings.train | step  10000 | loss 2.1849 | lr 8.24e-05 | gnorm 0.77 | 1.60 step/s
2026-05-11 22:43:01,807 | INFO    | ttic_embeddings.train | step  10000 | val/ppl 9.578
2026-05-11 22:43:02,295 | INFO    | ttic_embeddings.train |   best val/ppl so far (9.578) -> saved checkpoints/dinov2_seed1/adaptor_best.pt
2026-05-11 22:43:29,677 | INFO    | ttic_embeddings.train | step  10050 | loss 2.1882 | lr 8.23e-05 | gnorm 0.83 | 1.60 step/s
2026-05-11 22:43:56,942 | INFO    | ttic_embeddings.train | step  10100 | loss 2.1901 | lr 8.21e-05 | gnorm 0.78 | 1.60 step/s
2026-05-11 22:44:23,139 | INFO    | ttic_embeddings.train | step  10150 | loss 2.1788 | lr 8.19e-05 | gnorm 0.80 | 1.60 step/s
2026-05-11 22:44:48,207 | INFO    | ttic_embeddings.train | step  10200 | loss 2.1931 | lr 8.17e-05 | gnorm 0.80 | 1.60 step/s
2026-05-11 22:45:14,907 | INFO    | ttic_embeddings.train | step  10250 | loss 2.1898 | lr 8.16e-05 | gnorm 0.80 | 1.61 step/s
2026-05-11 22:45:40,859 | INFO    | ttic_embeddings.train | step  10300 | loss 2.1823 | lr 8.14e-05 | gnorm 0.79 | 1.61 step/s
2026-05-11 22:46:06,501 | INFO    | ttic_embeddings.train | step  10350 | loss 2.1906 | lr 8.12e-05 | gnorm 0.80 | 1.61 step/s
2026-05-11 22:46:32,367 | INFO    | ttic_embeddings.train | step  10400 | loss 2.1899 | lr 8.10e-05 | gnorm 0.79 | 1.61 step/s
2026-05-11 22:46:59,095 | INFO    | ttic_embeddings.train | step  10450 | loss 2.1975 | lr 8.08e-05 | gnorm 0.80 | 1.61 step/s
2026-05-11 22:47:26,512 | INFO    | ttic_embeddings.train | step  10500 | loss 2.1831 | lr 8.07e-05 | gnorm 0.79 | 1.61 step/s
2026-05-11 22:47:52,118 | INFO    | ttic_embeddings.train | step  10550 | loss 2.1920 | lr 8.05e-05 | gnorm 0.78 | 1.61 step/s
2026-05-11 22:48:18,198 | INFO    | ttic_embeddings.train | step  10600 | loss 2.1807 | lr 8.03e-05 | gnorm 0.79 | 1.61 step/s
2026-05-11 22:48:44,661 | INFO    | ttic_embeddings.train | step  10650 | loss 2.1978 | lr 8.01e-05 | gnorm 0.77 | 1.61 step/s
2026-05-11 22:49:10,248 | INFO    | ttic_embeddings.train | step  10700 | loss 2.1762 | lr 7.99e-05 | gnorm 0.80 | 1.62 step/s
2026-05-11 22:49:36,388 | INFO    | ttic_embeddings.train | step  10750 | loss 2.1829 | lr 7.98e-05 | gnorm 0.81 | 1.62 step/s
2026-05-11 22:50:02,687 | INFO    | ttic_embeddings.train | step  10800 | loss 2.1735 | lr 7.96e-05 | gnorm 0.78 | 1.62 step/s
2026-05-11 22:50:28,798 | INFO    | ttic_embeddings.train | step  10850 | loss 2.2003 | lr 7.94e-05 | gnorm 0.79 | 1.62 step/s
2026-05-11 22:50:54,482 | INFO    | ttic_embeddings.train | step  10900 | loss 2.1860 | lr 7.92e-05 | gnorm 0.79 | 1.62 step/s
2026-05-11 22:51:21,040 | INFO    | ttic_embeddings.train | step  10950 | loss 2.1878 | lr 7.90e-05 | gnorm 0.80 | 1.62 step/s
2026-05-11 22:51:47,151 | INFO    | ttic_embeddings.train | step  11000 | loss 2.1860 | lr 7.88e-05 | gnorm 0.79 | 1.62 step/s
2026-05-11 22:51:56,984 | INFO    | ttic_embeddings.train | step  11000 | val/ppl 9.542
2026-05-11 22:51:57,408 | INFO    | ttic_embeddings.train |   best val/ppl so far (9.542) -> saved checkpoints/dinov2_seed1/adaptor_best.pt
2026-05-11 22:52:25,146 | INFO    | ttic_embeddings.train | step  11050 | loss 2.1840 | lr 7.86e-05 | gnorm 0.78 | 1.62 step/s
2026-05-11 22:52:57,731 | INFO    | ttic_embeddings.train | step  11100 | loss 2.1772 | lr 7.85e-05 | gnorm 0.78 | 1.62 step/s
2026-05-11 22:53:27,622 | INFO    | ttic_embeddings.train | step  11150 | loss 2.1605 | lr 7.83e-05 | gnorm 0.84 | 1.62 step/s
2026-05-11 22:53:53,866 | INFO    | ttic_embeddings.train | step  11200 | loss 2.1701 | lr 7.81e-05 | gnorm 0.82 | 1.62 step/s
2026-05-11 22:54:19,306 | INFO    | ttic_embeddings.train | step  11250 | loss 2.1609 | lr 7.79e-05 | gnorm 0.83 | 1.62 step/s
2026-05-11 22:54:45,997 | INFO    | ttic_embeddings.train | step  11300 | loss 2.1673 | lr 7.77e-05 | gnorm 0.80 | 1.62 step/s
2026-05-11 22:55:12,152 | INFO    | ttic_embeddings.train | step  11350 | loss 2.1693 | lr 7.75e-05 | gnorm 0.82 | 1.63 step/s
2026-05-11 22:55:38,348 | INFO    | ttic_embeddings.train | step  11400 | loss 2.1760 | lr 7.73e-05 | gnorm 0.83 | 1.63 step/s
2026-05-11 22:56:05,132 | INFO    | ttic_embeddings.train | step  11450 | loss 2.1645 | lr 7.71e-05 | gnorm 0.81 | 1.63 step/s
2026-05-11 22:56:30,967 | INFO    | ttic_embeddings.train | step  11500 | loss 2.1680 | lr 7.69e-05 | gnorm 0.83 | 1.63 step/s
2026-05-11 22:56:57,655 | INFO    | ttic_embeddings.train | step  11550 | loss 2.1574 | lr 7.68e-05 | gnorm 0.82 | 1.63 step/s
2026-05-11 22:57:23,809 | INFO    | ttic_embeddings.train | step  11600 | loss 2.1635 | lr 7.66e-05 | gnorm 0.84 | 1.63 step/s
2026-05-11 22:57:50,359 | INFO    | ttic_embeddings.train | step  11650 | loss 2.1631 | lr 7.64e-05 | gnorm 0.81 | 1.63 step/s
2026-05-11 22:58:16,627 | INFO    | ttic_embeddings.train | step  11700 | loss 2.1760 | lr 7.62e-05 | gnorm 0.85 | 1.63 step/s
2026-05-11 22:58:43,160 | INFO    | ttic_embeddings.train | step  11750 | loss 2.1609 | lr 7.60e-05 | gnorm 0.82 | 1.63 step/s
2026-05-11 22:59:08,856 | INFO    | ttic_embeddings.train | step  11800 | loss 2.1698 | lr 7.58e-05 | gnorm 0.86 | 1.63 step/s
2026-05-11 22:59:34,793 | INFO    | ttic_embeddings.train | step  11850 | loss 2.1694 | lr 7.56e-05 | gnorm 0.86 | 1.64 step/s
2026-05-11 22:59:59,825 | INFO    | ttic_embeddings.train | step  11900 | loss 2.1659 | lr 7.54e-05 | gnorm 0.84 | 1.64 step/s
2026-05-11 23:00:25,839 | INFO    | ttic_embeddings.train | step  11950 | loss 2.1623 | lr 7.52e-05 | gnorm 0.84 | 1.64 step/s
2026-05-11 23:00:50,691 | INFO    | ttic_embeddings.train | step  12000 | loss 2.1835 | lr 7.50e-05 | gnorm 0.81 | 1.64 step/s
2026-05-11 23:01:00,337 | INFO    | ttic_embeddings.train | step  12000 | val/ppl 9.508
2026-05-11 23:01:00,770 | INFO    | ttic_embeddings.train |   best val/ppl so far (9.508) -> saved checkpoints/dinov2_seed1/adaptor_best.pt
2026-05-11 23:01:29,175 | INFO    | ttic_embeddings.train | step  12050 | loss 2.1706 | lr 7.48e-05 | gnorm 0.83 | 1.64 step/s
2026-05-11 23:01:59,192 | INFO    | ttic_embeddings.train | step  12100 | loss 2.1705 | lr 7.46e-05 | gnorm 0.84 | 1.64 step/s
2026-05-11 23:02:30,578 | INFO    | ttic_embeddings.train | step  12150 | loss 2.1575 | lr 7.44e-05 | gnorm 0.81 | 1.64 step/s
2026-05-11 23:03:01,423 | INFO    | ttic_embeddings.train | step  12200 | loss 2.1695 | lr 7.42e-05 | gnorm 0.84 | 1.64 step/s
2026-05-11 23:03:31,783 | INFO    | ttic_embeddings.train | step  12250 | loss 2.1581 | lr 7.40e-05 | gnorm 0.83 | 1.64 step/s
2026-05-11 23:04:02,010 | INFO    | ttic_embeddings.train | step  12300 | loss 2.1644 | lr 7.38e-05 | gnorm 0.84 | 1.64 step/s
2026-05-11 23:04:32,507 | INFO    | ttic_embeddings.train | step  12350 | loss 2.1663 | lr 7.36e-05 | gnorm 0.84 | 1.64 step/s
2026-05-11 23:05:03,565 | INFO    | ttic_embeddings.train | step  12400 | loss 2.1621 | lr 7.34e-05 | gnorm 0.84 | 1.64 step/s
2026-05-11 23:05:34,457 | INFO    | ttic_embeddings.train | step  12450 | loss 2.1646 | lr 7.32e-05 | gnorm 0.83 | 1.64 step/s
2026-05-11 23:06:00,180 | INFO    | ttic_embeddings.train | step  12500 | loss 2.1720 | lr 7.30e-05 | gnorm 0.82 | 1.64 step/s
2026-05-11 23:06:28,131 | INFO    | ttic_embeddings.train | step  12550 | loss 2.1693 | lr 7.28e-05 | gnorm 0.79 | 1.64 step/s
2026-05-11 23:06:54,136 | INFO    | ttic_embeddings.train | step  12600 | loss 2.1607 | lr 7.26e-05 | gnorm 0.82 | 1.64 step/s
2026-05-11 23:07:20,247 | INFO    | ttic_embeddings.train | step  12650 | loss 2.1615 | lr 7.24e-05 | gnorm 0.80 | 1.64 step/s
2026-05-11 23:07:46,561 | INFO    | ttic_embeddings.train | step  12700 | loss 2.1559 | lr 7.22e-05 | gnorm 0.81 | 1.64 step/s
2026-05-11 23:08:13,224 | INFO    | ttic_embeddings.train | step  12750 | loss 2.1743 | lr 7.20e-05 | gnorm 0.82 | 1.64 step/s
2026-05-11 23:08:40,299 | INFO    | ttic_embeddings.train | step  12800 | loss 2.1669 | lr 7.18e-05 | gnorm 0.83 | 1.64 step/s
2026-05-11 23:09:06,026 | INFO    | ttic_embeddings.train | step  12850 | loss 2.1561 | lr 7.16e-05 | gnorm 0.82 | 1.64 step/s
2026-05-11 23:09:31,858 | INFO    | ttic_embeddings.train | step  12900 | loss 2.1737 | lr 7.14e-05 | gnorm 0.81 | 1.64 step/s
2026-05-11 23:09:57,983 | INFO    | ttic_embeddings.train | step  12950 | loss 2.1760 | lr 7.12e-05 | gnorm 0.83 | 1.65 step/s
2026-05-11 23:10:24,058 | INFO    | ttic_embeddings.train | step  13000 | loss 2.1715 | lr 7.10e-05 | gnorm 0.85 | 1.65 step/s
2026-05-11 23:10:33,520 | INFO    | ttic_embeddings.train | step  13000 | val/ppl 9.486
2026-05-11 23:10:33,836 | INFO    | ttic_embeddings.train |   best val/ppl so far (9.486) -> saved checkpoints/dinov2_seed1/adaptor_best.pt
2026-05-11 23:11:00,162 | INFO    | ttic_embeddings.train | step  13050 | loss 2.1395 | lr 7.08e-05 | gnorm 0.80 | 1.65 step/s
2026-05-11 23:11:26,378 | INFO    | ttic_embeddings.train | step  13100 | loss 2.1756 | lr 7.05e-05 | gnorm 0.88 | 1.65 step/s
2026-05-11 23:11:52,355 | INFO    | ttic_embeddings.train | step  13150 | loss 2.1606 | lr 7.03e-05 | gnorm 0.79 | 1.65 step/s
2026-05-11 23:12:18,637 | INFO    | ttic_embeddings.train | step  13200 | loss 2.1689 | lr 7.01e-05 | gnorm 0.83 | 1.65 step/s
2026-05-11 23:12:44,698 | INFO    | ttic_embeddings.train | step  13250 | loss 2.1705 | lr 6.99e-05 | gnorm 0.83 | 1.65 step/s
2026-05-11 23:13:12,417 | INFO    | ttic_embeddings.train | step  13300 | loss 2.1608 | lr 6.97e-05 | gnorm 0.83 | 1.65 step/s
2026-05-11 23:13:37,698 | INFO    | ttic_embeddings.train | step  13350 | loss 2.1477 | lr 6.95e-05 | gnorm 0.84 | 1.65 step/s
2026-05-11 23:14:04,392 | INFO    | ttic_embeddings.train | step  13400 | loss 2.1445 | lr 6.93e-05 | gnorm 0.84 | 1.65 step/s
2026-05-11 23:14:27,800 | INFO    | ttic_embeddings.train | step  13450 | loss 2.1423 | lr 6.91e-05 | gnorm 0.84 | 1.65 step/s
2026-05-11 23:14:51,196 | INFO    | ttic_embeddings.train | step  13500 | loss 2.1456 | lr 6.89e-05 | gnorm 0.84 | 1.65 step/s
2026-05-11 23:15:15,784 | INFO    | ttic_embeddings.train | step  13550 | loss 2.1522 | lr 6.87e-05 | gnorm 0.84 | 1.66 step/s
2026-05-11 23:15:39,021 | INFO    | ttic_embeddings.train | step  13600 | loss 2.1614 | lr 6.84e-05 | gnorm 0.83 | 1.66 step/s
2026-05-11 23:16:04,699 | INFO    | ttic_embeddings.train | step  13650 | loss 2.1444 | lr 6.82e-05 | gnorm 0.83 | 1.66 step/s
2026-05-11 23:16:30,653 | INFO    | ttic_embeddings.train | step  13700 | loss 2.1428 | lr 6.80e-05 | gnorm 0.85 | 1.66 step/s
2026-05-11 23:16:56,017 | INFO    | ttic_embeddings.train | step  13750 | loss 2.1586 | lr 6.78e-05 | gnorm 0.85 | 1.66 step/s
2026-05-11 23:17:25,041 | INFO    | ttic_embeddings.train | step  13800 | loss 2.1490 | lr 6.76e-05 | gnorm 0.87 | 1.66 step/s
2026-05-11 23:17:55,247 | INFO    | ttic_embeddings.train | step  13850 | loss 2.1467 | lr 6.74e-05 | gnorm 0.88 | 1.66 step/s
2026-05-11 23:18:25,990 | INFO    | ttic_embeddings.train | step  13900 | loss 2.1493 | lr 6.72e-05 | gnorm 0.86 | 1.66 step/s
2026-05-11 23:18:56,370 | INFO    | ttic_embeddings.train | step  13950 | loss 2.1576 | lr 6.70e-05 | gnorm 0.84 | 1.66 step/s
2026-05-11 23:19:23,936 | INFO    | ttic_embeddings.train | step  14000 | loss 2.1539 | lr 6.67e-05 | gnorm 0.85 | 1.66 step/s
2026-05-11 23:19:34,376 | INFO    | ttic_embeddings.train | step  14000 | val/ppl 9.472
2026-05-11 23:19:34,852 | INFO    | ttic_embeddings.train |   best val/ppl so far (9.472) -> saved checkpoints/dinov2_seed1/adaptor_best.pt
2026-05-11 23:20:02,084 | INFO    | ttic_embeddings.train | step  14050 | loss 2.1552 | lr 6.65e-05 | gnorm 0.87 | 1.66 step/s
2026-05-11 23:20:27,838 | INFO    | ttic_embeddings.train | step  14100 | loss 2.1486 | lr 6.63e-05 | gnorm 0.90 | 1.66 step/s
2026-05-11 23:20:54,147 | INFO    | ttic_embeddings.train | step  14150 | loss 2.1442 | lr 6.61e-05 | gnorm 0.85 | 1.66 step/s
2026-05-11 23:21:20,836 | INFO    | ttic_embeddings.train | step  14200 | loss 2.1571 | lr 6.59e-05 | gnorm 0.86 | 1.66 step/s
2026-05-11 23:21:47,410 | INFO    | ttic_embeddings.train | step  14250 | loss 2.1513 | lr 6.57e-05 | gnorm 0.82 | 1.66 step/s
2026-05-11 23:22:13,810 | INFO    | ttic_embeddings.train | step  14300 | loss 2.1541 | lr 6.55e-05 | gnorm 0.81 | 1.66 step/s
2026-05-11 23:22:40,851 | INFO    | ttic_embeddings.train | step  14350 | loss 2.1516 | lr 6.52e-05 | gnorm 0.85 | 1.66 step/s
2026-05-11 23:23:06,572 | INFO    | ttic_embeddings.train | step  14400 | loss 2.1410 | lr 6.50e-05 | gnorm 0.86 | 1.66 step/s
2026-05-11 23:23:32,816 | INFO    | ttic_embeddings.train | step  14450 | loss 2.1552 | lr 6.48e-05 | gnorm 0.88 | 1.66 step/s
2026-05-11 23:23:58,498 | INFO    | ttic_embeddings.train | step  14500 | loss 2.1365 | lr 6.46e-05 | gnorm 0.83 | 1.66 step/s
2026-05-11 23:24:24,476 | INFO    | ttic_embeddings.train | step  14550 | loss 2.1567 | lr 6.44e-05 | gnorm 0.86 | 1.67 step/s
2026-05-11 23:24:50,393 | INFO    | ttic_embeddings.train | step  14600 | loss 2.1509 | lr 6.41e-05 | gnorm 0.92 | 1.67 step/s
2026-05-11 23:25:15,605 | INFO    | ttic_embeddings.train | step  14650 | loss 2.1492 | lr 6.39e-05 | gnorm 0.86 | 1.67 step/s
2026-05-11 23:25:41,588 | INFO    | ttic_embeddings.train | step  14700 | loss 2.1354 | lr 6.37e-05 | gnorm 0.83 | 1.67 step/s
2026-05-11 23:26:06,963 | INFO    | ttic_embeddings.train | step  14750 | loss 2.1487 | lr 6.35e-05 | gnorm 0.89 | 1.67 step/s
2026-05-11 23:26:32,374 | INFO    | ttic_embeddings.train | step  14800 | loss 2.1539 | lr 6.33e-05 | gnorm 0.81 | 1.67 step/s
2026-05-11 23:26:58,321 | INFO    | ttic_embeddings.train | step  14850 | loss 2.1503 | lr 6.31e-05 | gnorm 0.85 | 1.67 step/s
2026-05-11 23:27:24,077 | INFO    | ttic_embeddings.train | step  14900 | loss 2.1543 | lr 6.28e-05 | gnorm 0.81 | 1.67 step/s
2026-05-11 23:27:49,738 | INFO    | ttic_embeddings.train | step  14950 | loss 2.1443 | lr 6.26e-05 | gnorm 0.85 | 1.67 step/s
2026-05-11 23:28:15,710 | INFO    | ttic_embeddings.train | step  15000 | loss 2.1486 | lr 6.24e-05 | gnorm 0.83 | 1.67 step/s
2026-05-11 23:28:25,602 | INFO    | ttic_embeddings.train | step  15000 | val/ppl 9.434
2026-05-11 23:28:25,943 | INFO    | ttic_embeddings.train |   best val/ppl so far (9.434) -> saved checkpoints/dinov2_seed1/adaptor_best.pt
2026-05-11 23:28:51,008 | INFO    | ttic_embeddings.train | step  15050 | loss 2.1510 | lr 6.22e-05 | gnorm 0.84 | 1.67 step/s
2026-05-11 23:29:17,094 | INFO    | ttic_embeddings.train | step  15100 | loss 2.1585 | lr 6.19e-05 | gnorm 0.88 | 1.67 step/s
2026-05-11 23:29:43,670 | INFO    | ttic_embeddings.train | step  15150 | loss 2.1551 | lr 6.17e-05 | gnorm 0.83 | 1.67 step/s
2026-05-11 23:30:10,818 | INFO    | ttic_embeddings.train | step  15200 | loss 2.1534 | lr 6.15e-05 | gnorm 0.83 | 1.67 step/s
2026-05-11 23:30:35,888 | INFO    | ttic_embeddings.train | step  15250 | loss 2.1552 | lr 6.13e-05 | gnorm 0.85 | 1.67 step/s
2026-05-11 23:31:01,961 | INFO    | ttic_embeddings.train | step  15300 | loss 2.1491 | lr 6.11e-05 | gnorm 0.83 | 1.68 step/s
2026-05-11 23:31:28,273 | INFO    | ttic_embeddings.train | step  15350 | loss 2.1433 | lr 6.08e-05 | gnorm 0.83 | 1.68 step/s
2026-05-11 23:31:53,954 | INFO    | ttic_embeddings.train | step  15400 | loss 2.1446 | lr 6.06e-05 | gnorm 0.84 | 1.68 step/s
2026-05-11 23:32:19,762 | INFO    | ttic_embeddings.train | step  15450 | loss 2.1536 | lr 6.04e-05 | gnorm 0.85 | 1.68 step/s
2026-05-11 23:32:47,164 | INFO    | ttic_embeddings.train | step  15500 | loss 2.1476 | lr 6.02e-05 | gnorm 0.91 | 1.68 step/s
2026-05-11 23:33:11,620 | INFO    | ttic_embeddings.train | step  15550 | loss 2.1370 | lr 5.99e-05 | gnorm 0.84 | 1.68 step/s
2026-05-11 23:33:38,617 | INFO    | ttic_embeddings.train | step  15600 | loss 2.1245 | lr 5.97e-05 | gnorm 0.89 | 1.68 step/s
2026-05-11 23:34:04,889 | INFO    | ttic_embeddings.train | step  15650 | loss 2.1231 | lr 5.95e-05 | gnorm 0.86 | 1.68 step/s
2026-05-11 23:34:31,033 | INFO    | ttic_embeddings.train | step  15700 | loss 2.1353 | lr 5.93e-05 | gnorm 0.88 | 1.68 step/s
2026-05-11 23:34:56,469 | INFO    | ttic_embeddings.train | step  15750 | loss 2.1204 | lr 5.91e-05 | gnorm 0.88 | 1.68 step/s
2026-05-11 23:35:22,403 | INFO    | ttic_embeddings.train | step  15800 | loss 2.1268 | lr 5.88e-05 | gnorm 0.88 | 1.68 step/s
2026-05-11 23:35:48,741 | INFO    | ttic_embeddings.train | step  15850 | loss 2.1273 | lr 5.86e-05 | gnorm 0.92 | 1.68 step/s
2026-05-11 23:36:15,482 | INFO    | ttic_embeddings.train | step  15900 | loss 2.1263 | lr 5.84e-05 | gnorm 0.91 | 1.68 step/s
2026-05-11 23:36:42,336 | INFO    | ttic_embeddings.train | step  15950 | loss 2.1378 | lr 5.82e-05 | gnorm 0.86 | 1.68 step/s
2026-05-11 23:37:09,993 | INFO    | ttic_embeddings.train | step  16000 | loss 2.1411 | lr 5.79e-05 | gnorm 0.88 | 1.68 step/s
2026-05-11 23:37:20,354 | INFO    | ttic_embeddings.train | step  16000 | val/ppl 9.459
2026-05-11 23:37:47,232 | INFO    | ttic_embeddings.train | step  16050 | loss 2.1368 | lr 5.77e-05 | gnorm 0.90 | 1.68 step/s
2026-05-11 23:38:12,160 | INFO    | ttic_embeddings.train | step  16100 | loss 2.1398 | lr 5.75e-05 | gnorm 0.85 | 1.68 step/s
2026-05-11 23:38:38,073 | INFO    | ttic_embeddings.train | step  16150 | loss 2.1389 | lr 5.73e-05 | gnorm 0.88 | 1.68 step/s
2026-05-11 23:39:04,547 | INFO    | ttic_embeddings.train | step  16200 | loss 2.1316 | lr 5.70e-05 | gnorm 0.89 | 1.68 step/s
2026-05-11 23:39:31,644 | INFO    | ttic_embeddings.train | step  16250 | loss 2.1310 | lr 5.68e-05 | gnorm 0.87 | 1.69 step/s
2026-05-11 23:39:57,122 | INFO    | ttic_embeddings.train | step  16300 | loss 2.1308 | lr 5.66e-05 | gnorm 0.92 | 1.69 step/s
2026-05-11 23:40:23,656 | INFO    | ttic_embeddings.train | step  16350 | loss 2.1183 | lr 5.64e-05 | gnorm 0.87 | 1.69 step/s
2026-05-11 23:40:49,468 | INFO    | ttic_embeddings.train | step  16400 | loss 2.1367 | lr 5.61e-05 | gnorm 0.88 | 1.69 step/s
2026-05-11 23:41:15,044 | INFO    | ttic_embeddings.train | step  16450 | loss 2.1270 | lr 5.59e-05 | gnorm 0.87 | 1.69 step/s
2026-05-11 23:41:40,195 | INFO    | ttic_embeddings.train | step  16500 | loss 2.1449 | lr 5.57e-05 | gnorm 0.88 | 1.69 step/s
2026-05-11 23:42:05,830 | INFO    | ttic_embeddings.train | step  16550 | loss 2.1522 | lr 5.55e-05 | gnorm 0.86 | 1.69 step/s
2026-05-11 23:42:32,211 | INFO    | ttic_embeddings.train | step  16600 | loss 2.1375 | lr 5.52e-05 | gnorm 0.86 | 1.69 step/s
2026-05-11 23:42:58,575 | INFO    | ttic_embeddings.train | step  16650 | loss 2.1301 | lr 5.50e-05 | gnorm 0.93 | 1.69 step/s
2026-05-11 23:43:24,758 | INFO    | ttic_embeddings.train | step  16700 | loss 2.1352 | lr 5.48e-05 | gnorm 0.87 | 1.69 step/s
2026-05-11 23:43:50,352 | INFO    | ttic_embeddings.train | step  16750 | loss 2.1494 | lr 5.45e-05 | gnorm 0.87 | 1.69 step/s
2026-05-11 23:44:16,216 | INFO    | ttic_embeddings.train | step  16800 | loss 2.1387 | lr 5.43e-05 | gnorm 0.85 | 1.69 step/s
2026-05-11 23:44:42,455 | INFO    | ttic_embeddings.train | step  16850 | loss 2.1271 | lr 5.41e-05 | gnorm 0.89 | 1.69 step/s
2026-05-11 23:45:08,107 | INFO    | ttic_embeddings.train | step  16900 | loss 2.1415 | lr 5.39e-05 | gnorm 0.90 | 1.69 step/s
2026-05-11 23:45:33,735 | INFO    | ttic_embeddings.train | step  16950 | loss 2.1196 | lr 5.36e-05 | gnorm 0.88 | 1.69 step/s
2026-05-11 23:45:58,974 | INFO    | ttic_embeddings.train | step  17000 | loss 2.1420 | lr 5.34e-05 | gnorm 0.90 | 1.69 step/s
2026-05-11 23:46:08,840 | INFO    | ttic_embeddings.train | step  17000 | val/ppl 9.414
2026-05-11 23:46:09,178 | INFO    | ttic_embeddings.train |   best val/ppl so far (9.414) -> saved checkpoints/dinov2_seed1/adaptor_best.pt
2026-05-11 23:46:34,814 | INFO    | ttic_embeddings.train | step  17050 | loss 2.1509 | lr 5.32e-05 | gnorm 0.88 | 1.69 step/s
2026-05-11 23:47:04,170 | INFO    | ttic_embeddings.train | step  17100 | loss 2.1384 | lr 5.30e-05 | gnorm 0.86 | 1.69 step/s
2026-05-11 23:47:34,606 | INFO    | ttic_embeddings.train | step  17150 | loss 2.1363 | lr 5.27e-05 | gnorm 0.86 | 1.69 step/s
2026-05-11 23:48:05,571 | INFO    | ttic_embeddings.train | step  17200 | loss 2.1406 | lr 5.25e-05 | gnorm 0.86 | 1.69 step/s
2026-05-11 23:48:36,304 | INFO    | ttic_embeddings.train | step  17250 | loss 2.1420 | lr 5.23e-05 | gnorm 0.88 | 1.69 step/s
2026-05-11 23:49:08,559 | INFO    | ttic_embeddings.train | step  17300 | loss 2.1364 | lr 5.20e-05 | gnorm 0.89 | 1.69 step/s
2026-05-11 23:49:39,680 | INFO    | ttic_embeddings.train | step  17350 | loss 2.1351 | lr 5.18e-05 | gnorm 0.87 | 1.69 step/s
2026-05-11 23:50:07,563 | INFO    | ttic_embeddings.train | step  17400 | loss 2.1531 | lr 5.16e-05 | gnorm 0.86 | 1.69 step/s
2026-05-11 23:50:37,563 | INFO    | ttic_embeddings.train | step  17450 | loss 2.1311 | lr 5.14e-05 | gnorm 0.88 | 1.69 step/s
2026-05-11 23:51:07,837 | INFO    | ttic_embeddings.train | step  17500 | loss 2.1339 | lr 5.11e-05 | gnorm 0.87 | 1.69 step/s
2026-05-11 23:51:38,684 | INFO    | ttic_embeddings.train | step  17550 | loss 2.1314 | lr 5.09e-05 | gnorm 0.86 | 1.69 step/s
2026-05-11 23:52:09,575 | INFO    | ttic_embeddings.train | step  17600 | loss 2.1353 | lr 5.07e-05 | gnorm 0.89 | 1.69 step/s
2026-05-11 23:52:36,593 | INFO    | ttic_embeddings.train | step  17650 | loss 2.1391 | lr 5.05e-05 | gnorm 0.89 | 1.69 step/s
2026-05-11 23:53:02,189 | INFO    | ttic_embeddings.train | step  17700 | loss 2.1507 | lr 5.02e-05 | gnorm 0.86 | 1.69 step/s
2026-05-11 23:53:32,297 | INFO    | ttic_embeddings.train | step  17750 | loss 2.1315 | lr 5.00e-05 | gnorm 0.87 | 1.69 step/s
2026-05-11 23:53:59,157 | INFO    | ttic_embeddings.train | step  17800 | loss 2.1208 | lr 4.98e-05 | gnorm 0.88 | 1.69 step/s
2026-05-11 23:54:26,231 | INFO    | ttic_embeddings.train | step  17850 | loss 2.1082 | lr 4.95e-05 | gnorm 0.92 | 1.69 step/s
2026-05-11 23:54:52,883 | INFO    | ttic_embeddings.train | step  17900 | loss 2.1234 | lr 4.93e-05 | gnorm 0.88 | 1.69 step/s
2026-05-11 23:55:17,761 | INFO    | ttic_embeddings.train | step  17950 | loss 2.1301 | lr 4.91e-05 | gnorm 0.91 | 1.70 step/s
2026-05-11 23:55:42,273 | INFO    | ttic_embeddings.train | step  18000 | loss 2.1158 | lr 4.89e-05 | gnorm 0.89 | 1.70 step/s
2026-05-11 23:55:50,894 | INFO    | ttic_embeddings.train | step  18000 | val/ppl 9.419
2026-05-11 23:56:15,172 | INFO    | ttic_embeddings.train | step  18050 | loss 2.1251 | lr 4.86e-05 | gnorm 0.90 | 1.70 step/s
2026-05-11 23:56:39,335 | INFO    | ttic_embeddings.train | step  18100 | loss 2.1204 | lr 4.84e-05 | gnorm 0.88 | 1.70 step/s
2026-05-11 23:57:03,534 | INFO    | ttic_embeddings.train | step  18150 | loss 2.1168 | lr 4.82e-05 | gnorm 0.94 | 1.70 step/s
2026-05-11 23:57:28,785 | INFO    | ttic_embeddings.train | step  18200 | loss 2.1172 | lr 4.80e-05 | gnorm 0.89 | 1.70 step/s
2026-05-11 23:57:55,200 | INFO    | ttic_embeddings.train | step  18250 | loss 2.1195 | lr 4.77e-05 | gnorm 0.89 | 1.70 step/s
2026-05-11 23:58:21,056 | INFO    | ttic_embeddings.train | step  18300 | loss 2.1158 | lr 4.75e-05 | gnorm 0.87 | 1.70 step/s
2026-05-11 23:58:47,317 | INFO    | ttic_embeddings.train | step  18350 | loss 2.1314 | lr 4.73e-05 | gnorm 0.93 | 1.70 step/s
2026-05-11 23:59:14,188 | INFO    | ttic_embeddings.train | step  18400 | loss 2.1153 | lr 4.70e-05 | gnorm 0.93 | 1.70 step/s
2026-05-11 23:59:45,905 | INFO    | ttic_embeddings.train | step  18450 | loss 2.1264 | lr 4.68e-05 | gnorm 0.89 | 1.70 step/s
2026-05-12 00:00:17,160 | INFO    | ttic_embeddings.train | step  18500 | loss 2.1276 | lr 4.66e-05 | gnorm 0.94 | 1.70 step/s
2026-05-12 00:00:48,225 | INFO    | ttic_embeddings.train | step  18550 | loss 2.1351 | lr 4.64e-05 | gnorm 0.94 | 1.70 step/s
2026-05-12 00:01:19,691 | INFO    | ttic_embeddings.train | step  18600 | loss 2.1116 | lr 4.61e-05 | gnorm 0.90 | 1.70 step/s
2026-05-12 00:01:48,825 | INFO    | ttic_embeddings.train | step  18650 | loss 2.1196 | lr 4.59e-05 | gnorm 0.88 | 1.70 step/s
2026-05-12 00:02:14,598 | INFO    | ttic_embeddings.train | step  18700 | loss 2.1249 | lr 4.57e-05 | gnorm 0.90 | 1.70 step/s
2026-05-12 00:02:43,874 | INFO    | ttic_embeddings.train | step  18750 | loss 2.1295 | lr 4.55e-05 | gnorm 0.91 | 1.70 step/s
2026-05-12 00:03:14,563 | INFO    | ttic_embeddings.train | step  18800 | loss 2.1425 | lr 4.52e-05 | gnorm 0.92 | 1.70 step/s
2026-05-12 00:03:46,739 | INFO    | ttic_embeddings.train | step  18850 | loss 2.1249 | lr 4.50e-05 | gnorm 0.87 | 1.70 step/s
2026-05-12 00:04:16,618 | INFO    | ttic_embeddings.train | step  18900 | loss 2.1161 | lr 4.48e-05 | gnorm 0.91 | 1.70 step/s
2026-05-12 00:04:47,864 | INFO    | ttic_embeddings.train | step  18950 | loss 2.1243 | lr 4.45e-05 | gnorm 0.89 | 1.70 step/s
2026-05-12 00:05:19,253 | INFO    | ttic_embeddings.train | step  19000 | loss 2.1193 | lr 4.43e-05 | gnorm 0.90 | 1.70 step/s
2026-05-12 00:05:32,803 | INFO    | ttic_embeddings.train | step  19000 | val/ppl 9.395
2026-05-12 00:05:33,278 | INFO    | ttic_embeddings.train |   best val/ppl so far (9.395) -> saved checkpoints/dinov2_seed1/adaptor_best.pt
2026-05-12 00:06:03,256 | INFO    | ttic_embeddings.train | step  19050 | loss 2.1299 | lr 4.41e-05 | gnorm 0.94 | 1.70 step/s
2026-05-12 00:06:34,952 | INFO    | ttic_embeddings.train | step  19100 | loss 2.1293 | lr 4.39e-05 | gnorm 0.92 | 1.70 step/s
2026-05-12 00:07:06,343 | INFO    | ttic_embeddings.train | step  19150 | loss 2.1269 | lr 4.36e-05 | gnorm 0.90 | 1.70 step/s
2026-05-12 00:07:36,765 | INFO    | ttic_embeddings.train | step  19200 | loss 2.1256 | lr 4.34e-05 | gnorm 0.93 | 1.69 step/s
2026-05-12 00:08:07,551 | INFO    | ttic_embeddings.train | step  19250 | loss 2.1245 | lr 4.32e-05 | gnorm 0.90 | 1.69 step/s
2026-05-12 00:08:39,358 | INFO    | ttic_embeddings.train | step  19300 | loss 2.1281 | lr 4.30e-05 | gnorm 0.88 | 1.69 step/s
2026-05-12 00:09:10,101 | INFO    | ttic_embeddings.train | step  19350 | loss 2.1337 | lr 4.27e-05 | gnorm 0.94 | 1.69 step/s
2026-05-12 00:09:40,771 | INFO    | ttic_embeddings.train | step  19400 | loss 2.1222 | lr 4.25e-05 | gnorm 0.90 | 1.69 step/s
2026-05-12 00:10:12,830 | INFO    | ttic_embeddings.train | step  19450 | loss 2.1256 | lr 4.23e-05 | gnorm 0.93 | 1.69 step/s
2026-05-12 00:10:44,399 | INFO    | ttic_embeddings.train | step  19500 | loss 2.1186 | lr 4.21e-05 | gnorm 0.92 | 1.69 step/s
2026-05-12 00:11:16,160 | INFO    | ttic_embeddings.train | step  19550 | loss 2.1224 | lr 4.18e-05 | gnorm 0.88 | 1.69 step/s
2026-05-12 00:11:47,285 | INFO    | ttic_embeddings.train | step  19600 | loss 2.1269 | lr 4.16e-05 | gnorm 0.92 | 1.69 step/s
2026-05-12 00:12:18,411 | INFO    | ttic_embeddings.train | step  19650 | loss 2.1108 | lr 4.14e-05 | gnorm 0.92 | 1.69 step/s
2026-05-12 00:12:49,023 | INFO    | ttic_embeddings.train | step  19700 | loss 2.1324 | lr 4.12e-05 | gnorm 0.89 | 1.69 step/s
2026-05-12 00:13:19,992 | INFO    | ttic_embeddings.train | step  19750 | loss 2.1242 | lr 4.09e-05 | gnorm 0.92 | 1.69 step/s
2026-05-12 00:13:50,310 | INFO    | ttic_embeddings.train | step  19800 | loss 2.1337 | lr 4.07e-05 | gnorm 0.89 | 1.69 step/s
2026-05-12 00:14:21,737 | INFO    | ttic_embeddings.train | step  19850 | loss 2.1242 | lr 4.05e-05 | gnorm 0.91 | 1.69 step/s
2026-05-12 00:14:52,781 | INFO    | ttic_embeddings.train | step  19900 | loss 2.1133 | lr 4.03e-05 | gnorm 0.92 | 1.69 step/s
2026-05-12 00:15:27,872 | INFO    | ttic_embeddings.train | step  19950 | loss 2.1028 | lr 4.01e-05 | gnorm 0.89 | 1.69 step/s
2026-05-12 00:15:57,299 | INFO    | ttic_embeddings.train | step  20000 | loss 2.1146 | lr 3.98e-05 | gnorm 0.94 | 1.69 step/s
2026-05-12 00:16:11,312 | INFO    | ttic_embeddings.train | step  20000 | val/ppl 9.392
2026-05-12 00:16:11,806 | INFO    | ttic_embeddings.train |   best val/ppl so far (9.392) -> saved checkpoints/dinov2_seed1/adaptor_best.pt
2026-05-12 00:16:43,659 | INFO    | ttic_embeddings.train | step  20050 | loss 2.1023 | lr 3.96e-05 | gnorm 0.93 | 1.69 step/s
2026-05-12 00:17:15,363 | INFO    | ttic_embeddings.train | step  20100 | loss 2.1134 | lr 3.94e-05 | gnorm 0.94 | 1.69 step/s
2026-05-12 00:17:43,980 | INFO    | ttic_embeddings.train | step  20150 | loss 2.1011 | lr 3.92e-05 | gnorm 0.92 | 1.69 step/s
2026-05-12 00:18:10,071 | INFO    | ttic_embeddings.train | step  20200 | loss 2.1062 | lr 3.89e-05 | gnorm 0.94 | 1.69 step/s
2026-05-12 00:18:37,605 | INFO    | ttic_embeddings.train | step  20250 | loss 2.1068 | lr 3.87e-05 | gnorm 0.93 | 1.69 step/s
2026-05-12 00:19:03,329 | INFO    | ttic_embeddings.train | step  20300 | loss 2.1191 | lr 3.85e-05 | gnorm 0.97 | 1.69 step/s
2026-05-12 00:19:30,258 | INFO    | ttic_embeddings.train | step  20350 | loss 2.1164 | lr 3.83e-05 | gnorm 0.89 | 1.69 step/s
2026-05-12 00:19:56,286 | INFO    | ttic_embeddings.train | step  20400 | loss 2.1158 | lr 3.81e-05 | gnorm 0.91 | 1.69 step/s
2026-05-12 00:20:22,425 | INFO    | ttic_embeddings.train | step  20450 | loss 2.1030 | lr 3.78e-05 | gnorm 0.90 | 1.69 step/s
2026-05-12 00:20:48,928 | INFO    | ttic_embeddings.train | step  20500 | loss 2.1008 | lr 3.76e-05 | gnorm 0.91 | 1.69 step/s
2026-05-12 00:21:13,790 | INFO    | ttic_embeddings.train | step  20550 | loss 2.1017 | lr 3.74e-05 | gnorm 0.94 | 1.69 step/s
2026-05-12 00:21:39,214 | INFO    | ttic_embeddings.train | step  20600 | loss 2.1102 | lr 3.72e-05 | gnorm 0.93 | 1.69 step/s
2026-05-12 00:22:04,758 | INFO    | ttic_embeddings.train | step  20650 | loss 2.1109 | lr 3.69e-05 | gnorm 0.89 | 1.69 step/s
2026-05-12 00:22:31,560 | INFO    | ttic_embeddings.train | step  20700 | loss 2.1008 | lr 3.67e-05 | gnorm 0.98 | 1.69 step/s
2026-05-12 00:22:57,673 | INFO    | ttic_embeddings.train | step  20750 | loss 2.1189 | lr 3.65e-05 | gnorm 0.93 | 1.69 step/s
2026-05-12 00:23:23,313 | INFO    | ttic_embeddings.train | step  20800 | loss 2.1182 | lr 3.63e-05 | gnorm 0.94 | 1.69 step/s
2026-05-12 00:23:50,230 | INFO    | ttic_embeddings.train | step  20850 | loss 2.1159 | lr 3.61e-05 | gnorm 0.91 | 1.69 step/s
2026-05-12 00:24:15,940 | INFO    | ttic_embeddings.train | step  20900 | loss 2.1011 | lr 3.59e-05 | gnorm 0.93 | 1.70 step/s
2026-05-12 00:24:43,739 | INFO    | ttic_embeddings.train | step  20950 | loss 2.1226 | lr 3.56e-05 | gnorm 0.95 | 1.70 step/s
2026-05-12 00:25:14,691 | INFO    | ttic_embeddings.train | step  21000 | loss 2.1222 | lr 3.54e-05 | gnorm 0.93 | 1.70 step/s
2026-05-12 00:25:24,750 | INFO    | ttic_embeddings.train | step  21000 | val/ppl 9.378
2026-05-12 00:25:25,261 | INFO    | ttic_embeddings.train |   best val/ppl so far (9.378) -> saved checkpoints/dinov2_seed1/adaptor_best.pt
2026-05-12 00:25:51,637 | INFO    | ttic_embeddings.train | step  21050 | loss 2.1215 | lr 3.52e-05 | gnorm 0.95 | 1.69 step/s
2026-05-12 00:26:17,033 | INFO    | ttic_embeddings.train | step  21100 | loss 2.1137 | lr 3.50e-05 | gnorm 0.93 | 1.70 step/s
2026-05-12 00:26:43,310 | INFO    | ttic_embeddings.train | step  21150 | loss 2.1090 | lr 3.48e-05 | gnorm 0.91 | 1.70 step/s
2026-05-12 00:27:09,362 | INFO    | ttic_embeddings.train | step  21200 | loss 2.1224 | lr 3.45e-05 | gnorm 0.92 | 1.70 step/s
2026-05-12 00:27:36,598 | INFO    | ttic_embeddings.train | step  21250 | loss 2.1110 | lr 3.43e-05 | gnorm 0.94 | 1.70 step/s
2026-05-12 00:28:07,588 | INFO    | ttic_embeddings.train | step  21300 | loss 2.1283 | lr 3.41e-05 | gnorm 0.90 | 1.70 step/s
2026-05-12 00:28:39,323 | INFO    | ttic_embeddings.train | step  21350 | loss 2.1126 | lr 3.39e-05 | gnorm 0.97 | 1.70 step/s
2026-05-12 00:29:10,667 | INFO    | ttic_embeddings.train | step  21400 | loss 2.1055 | lr 3.37e-05 | gnorm 0.95 | 1.70 step/s
2026-05-12 00:29:41,931 | INFO    | ttic_embeddings.train | step  21450 | loss 2.1139 | lr 3.35e-05 | gnorm 0.92 | 1.70 step/s
2026-05-12 00:30:11,824 | INFO    | ttic_embeddings.train | step  21500 | loss 2.1227 | lr 3.33e-05 | gnorm 0.90 | 1.70 step/s
2026-05-12 00:30:42,370 | INFO    | ttic_embeddings.train | step  21550 | loss 2.1124 | lr 3.30e-05 | gnorm 0.91 | 1.70 step/s
2026-05-12 00:31:12,852 | INFO    | ttic_embeddings.train | step  21600 | loss 2.1217 | lr 3.28e-05 | gnorm 0.93 | 1.69 step/s
2026-05-12 00:31:41,152 | INFO    | ttic_embeddings.train | step  21650 | loss 2.1037 | lr 3.26e-05 | gnorm 0.94 | 1.70 step/s
2026-05-12 00:32:06,397 | INFO    | ttic_embeddings.train | step  21700 | loss 2.1087 | lr 3.24e-05 | gnorm 0.92 | 1.70 step/s
2026-05-12 00:32:32,229 | INFO    | ttic_embeddings.train | step  21750 | loss 2.1218 | lr 3.22e-05 | gnorm 0.93 | 1.70 step/s
2026-05-12 00:32:58,560 | INFO    | ttic_embeddings.train | step  21800 | loss 2.1158 | lr 3.20e-05 | gnorm 0.96 | 1.70 step/s
2026-05-12 00:33:24,103 | INFO    | ttic_embeddings.train | step  21850 | loss 2.1305 | lr 3.18e-05 | gnorm 0.92 | 1.70 step/s
2026-05-12 00:33:48,523 | INFO    | ttic_embeddings.train | step  21900 | loss 2.1158 | lr 3.16e-05 | gnorm 0.90 | 1.70 step/s
2026-05-12 00:34:14,448 | INFO    | ttic_embeddings.train | step  21950 | loss 2.1183 | lr 3.13e-05 | gnorm 0.90 | 1.70 step/s
2026-05-12 00:34:40,916 | INFO    | ttic_embeddings.train | step  22000 | loss 2.1194 | lr 3.11e-05 | gnorm 0.91 | 1.70 step/s
2026-05-12 00:34:50,606 | INFO    | ttic_embeddings.train | step  22000 | val/ppl 9.365
2026-05-12 00:34:50,949 | INFO    | ttic_embeddings.train |   best val/ppl so far (9.365) -> saved checkpoints/dinov2_seed1/adaptor_best.pt
2026-05-12 00:35:17,349 | INFO    | ttic_embeddings.train | step  22050 | loss 2.1299 | lr 3.09e-05 | gnorm 0.92 | 1.70 step/s
2026-05-12 00:35:43,496 | INFO    | ttic_embeddings.train | step  22100 | loss 2.1193 | lr 3.07e-05 | gnorm 0.96 | 1.70 step/s
2026-05-12 00:36:12,786 | INFO    | ttic_embeddings.train | step  22150 | loss 2.1252 | lr 3.05e-05 | gnorm 0.95 | 1.70 step/s
2026-05-12 00:36:38,909 | INFO    | ttic_embeddings.train | step  22200 | loss 2.0986 | lr 3.03e-05 | gnorm 0.93 | 1.70 step/s
2026-05-12 00:37:03,052 | INFO    | ttic_embeddings.train | step  22250 | loss 2.1074 | lr 3.01e-05 | gnorm 0.93 | 1.70 step/s
2026-05-12 00:37:26,926 | INFO    | ttic_embeddings.train | step  22300 | loss 2.1100 | lr 2.99e-05 | gnorm 0.92 | 1.70 step/s
2026-05-12 00:37:50,507 | INFO    | ttic_embeddings.train | step  22350 | loss 2.1041 | lr 2.97e-05 | gnorm 0.93 | 1.70 step/s
2026-05-12 00:38:15,684 | INFO    | ttic_embeddings.train | step  22400 | loss 2.1069 | lr 2.95e-05 | gnorm 0.94 | 1.70 step/s
2026-05-12 00:38:40,850 | INFO    | ttic_embeddings.train | step  22450 | loss 2.0992 | lr 2.92e-05 | gnorm 0.93 | 1.70 step/s
2026-05-12 00:39:06,318 | INFO    | ttic_embeddings.train | step  22500 | loss 2.1039 | lr 2.90e-05 | gnorm 0.95 | 1.70 step/s
2026-05-12 00:39:31,988 | INFO    | ttic_embeddings.train | step  22550 | loss 2.0951 | lr 2.88e-05 | gnorm 0.91 | 1.70 step/s
2026-05-12 00:39:57,641 | INFO    | ttic_embeddings.train | step  22600 | loss 2.1021 | lr 2.86e-05 | gnorm 0.95 | 1.70 step/s
2026-05-12 00:40:24,189 | INFO    | ttic_embeddings.train | step  22650 | loss 2.1024 | lr 2.84e-05 | gnorm 0.95 | 1.70 step/s
2026-05-12 00:40:50,335 | INFO    | ttic_embeddings.train | step  22700 | loss 2.1022 | lr 2.82e-05 | gnorm 0.98 | 1.70 step/s
2026-05-12 00:41:15,252 | INFO    | ttic_embeddings.train | step  22750 | loss 2.0966 | lr 2.80e-05 | gnorm 0.93 | 1.70 step/s
2026-05-12 00:41:41,744 | INFO    | ttic_embeddings.train | step  22800 | loss 2.1009 | lr 2.78e-05 | gnorm 0.94 | 1.70 step/s
2026-05-12 00:42:07,191 | INFO    | ttic_embeddings.train | step  22850 | loss 2.1062 | lr 2.76e-05 | gnorm 0.96 | 1.71 step/s
2026-05-12 00:42:33,208 | INFO    | ttic_embeddings.train | step  22900 | loss 2.1146 | lr 2.74e-05 | gnorm 0.95 | 1.71 step/s
2026-05-12 00:42:59,347 | INFO    | ttic_embeddings.train | step  22950 | loss 2.1170 | lr 2.72e-05 | gnorm 0.92 | 1.71 step/s
2026-05-12 00:43:25,388 | INFO    | ttic_embeddings.train | step  23000 | loss 2.1082 | lr 2.70e-05 | gnorm 0.95 | 1.71 step/s
2026-05-12 00:43:38,561 | INFO    | ttic_embeddings.train | step  23000 | val/ppl 9.380
2026-05-12 00:44:08,948 | INFO    | ttic_embeddings.train | step  23050 | loss 2.0947 | lr 2.68e-05 | gnorm 0.92 | 1.70 step/s
2026-05-12 00:44:39,060 | INFO    | ttic_embeddings.train | step  23100 | loss 2.0924 | lr 2.66e-05 | gnorm 0.95 | 1.70 step/s
2026-05-12 00:45:07,860 | INFO    | ttic_embeddings.train | step  23150 | loss 2.0970 | lr 2.64e-05 | gnorm 0.96 | 1.70 step/s
2026-05-12 00:45:33,501 | INFO    | ttic_embeddings.train | step  23200 | loss 2.1077 | lr 2.62e-05 | gnorm 0.95 | 1.71 step/s
2026-05-12 00:45:59,186 | INFO    | ttic_embeddings.train | step  23250 | loss 2.1058 | lr 2.60e-05 | gnorm 0.97 | 1.71 step/s
2026-05-12 00:46:25,183 | INFO    | ttic_embeddings.train | step  23300 | loss 2.1084 | lr 2.58e-05 | gnorm 0.92 | 1.71 step/s
2026-05-12 00:46:50,527 | INFO    | ttic_embeddings.train | step  23350 | loss 2.1071 | lr 2.56e-05 | gnorm 0.95 | 1.71 step/s
2026-05-12 00:47:15,716 | INFO    | ttic_embeddings.train | step  23400 | loss 2.1289 | lr 2.54e-05 | gnorm 0.95 | 1.71 step/s
2026-05-12 00:47:41,068 | INFO    | ttic_embeddings.train | step  23450 | loss 2.0929 | lr 2.52e-05 | gnorm 0.93 | 1.71 step/s
2026-05-12 00:48:07,342 | INFO    | ttic_embeddings.train | step  23500 | loss 2.1003 | lr 2.50e-05 | gnorm 0.95 | 1.71 step/s
2026-05-12 00:48:32,333 | INFO    | ttic_embeddings.train | step  23550 | loss 2.1149 | lr 2.48e-05 | gnorm 0.99 | 1.71 step/s
2026-05-12 00:48:57,715 | INFO    | ttic_embeddings.train | step  23600 | loss 2.0970 | lr 2.46e-05 | gnorm 0.98 | 1.71 step/s
2026-05-12 00:49:24,951 | INFO    | ttic_embeddings.train | step  23650 | loss 2.1024 | lr 2.44e-05 | gnorm 0.95 | 1.71 step/s
2026-05-12 00:49:55,920 | INFO    | ttic_embeddings.train | step  23700 | loss 2.1073 | lr 2.42e-05 | gnorm 0.96 | 1.71 step/s
2026-05-12 00:50:26,485 | INFO    | ttic_embeddings.train | step  23750 | loss 2.1078 | lr 2.40e-05 | gnorm 0.95 | 1.71 step/s
2026-05-12 00:50:57,388 | INFO    | ttic_embeddings.train | step  23800 | loss 2.1139 | lr 2.38e-05 | gnorm 0.93 | 1.71 step/s
2026-05-12 00:51:28,174 | INFO    | ttic_embeddings.train | step  23850 | loss 2.1011 | lr 2.36e-05 | gnorm 0.94 | 1.71 step/s
2026-05-12 00:51:57,427 | INFO    | ttic_embeddings.train | step  23900 | loss 2.1091 | lr 2.34e-05 | gnorm 0.96 | 1.71 step/s
2026-05-12 00:52:25,657 | INFO    | ttic_embeddings.train | step  23950 | loss 2.1155 | lr 2.32e-05 | gnorm 0.93 | 1.71 step/s
2026-05-12 00:52:54,725 | INFO    | ttic_embeddings.train | step  24000 | loss 2.1047 | lr 2.31e-05 | gnorm 0.94 | 1.71 step/s
2026-05-12 00:53:04,225 | INFO    | ttic_embeddings.train | step  24000 | val/ppl 9.363
2026-05-12 00:53:04,590 | INFO    | ttic_embeddings.train |   best val/ppl so far (9.363) -> saved checkpoints/dinov2_seed1/adaptor_best.pt
2026-05-12 00:53:31,286 | INFO    | ttic_embeddings.train | step  24050 | loss 2.1080 | lr 2.29e-05 | gnorm 0.93 | 1.71 step/s
2026-05-12 00:53:57,004 | INFO    | ttic_embeddings.train | step  24100 | loss 2.1189 | lr 2.27e-05 | gnorm 0.93 | 1.71 step/s
2026-05-12 00:54:23,458 | INFO    | ttic_embeddings.train | step  24150 | loss 2.1010 | lr 2.25e-05 | gnorm 0.97 | 1.71 step/s
2026-05-12 00:54:49,273 | INFO    | ttic_embeddings.train | step  24200 | loss 2.1132 | lr 2.23e-05 | gnorm 0.92 | 1.71 step/s
2026-05-12 00:55:15,500 | INFO    | ttic_embeddings.train | step  24250 | loss 2.1003 | lr 2.21e-05 | gnorm 0.95 | 1.71 step/s
2026-05-12 00:55:43,130 | INFO    | ttic_embeddings.train | step  24300 | loss 2.1087 | lr 2.19e-05 | gnorm 0.97 | 1.71 step/s
2026-05-12 00:56:16,140 | INFO    | ttic_embeddings.train | step  24350 | loss 2.1039 | lr 2.17e-05 | gnorm 0.92 | 1.71 step/s
2026-05-12 00:56:49,867 | INFO    | ttic_embeddings.train | step  24400 | loss 2.0928 | lr 2.15e-05 | gnorm 0.96 | 1.71 step/s
2026-05-12 00:57:20,887 | INFO    | ttic_embeddings.train | step  24450 | loss 2.0984 | lr 2.14e-05 | gnorm 0.98 | 1.71 step/s
2026-05-12 00:57:53,103 | INFO    | ttic_embeddings.train | step  24500 | loss 2.0917 | lr 2.12e-05 | gnorm 0.97 | 1.71 step/s
2026-05-12 00:58:21,633 | INFO    | ttic_embeddings.train | step  24550 | loss 2.1026 | lr 2.10e-05 | gnorm 1.00 | 1.71 step/s
2026-05-12 00:58:48,251 | INFO    | ttic_embeddings.train | step  24600 | loss 2.1011 | lr 2.08e-05 | gnorm 0.94 | 1.71 step/s
2026-05-12 00:59:14,102 | INFO    | ttic_embeddings.train | step  24650 | loss 2.1027 | lr 2.06e-05 | gnorm 0.99 | 1.71 step/s
2026-05-12 00:59:41,045 | INFO    | ttic_embeddings.train | step  24700 | loss 2.0979 | lr 2.04e-05 | gnorm 0.97 | 1.71 step/s
2026-05-12 01:00:06,996 | INFO    | ttic_embeddings.train | step  24750 | loss 2.0938 | lr 2.02e-05 | gnorm 0.96 | 1.71 step/s
2026-05-12 01:00:33,714 | INFO    | ttic_embeddings.train | step  24800 | loss 2.1046 | lr 2.01e-05 | gnorm 0.96 | 1.71 step/s
2026-05-12 01:01:02,174 | INFO    | ttic_embeddings.train | step  24850 | loss 2.0864 | lr 1.99e-05 | gnorm 0.97 | 1.71 step/s
2026-05-12 01:01:29,087 | INFO    | ttic_embeddings.train | step  24900 | loss 2.0826 | lr 1.97e-05 | gnorm 0.97 | 1.71 step/s
2026-05-12 01:01:55,113 | INFO    | ttic_embeddings.train | step  24950 | loss 2.0992 | lr 1.95e-05 | gnorm 0.98 | 1.71 step/s
2026-05-12 01:02:22,560 | INFO    | ttic_embeddings.train | step  25000 | loss 2.1000 | lr 1.93e-05 | gnorm 0.95 | 1.71 step/s
2026-05-12 01:02:35,958 | INFO    | ttic_embeddings.train | step  25000 | val/ppl 9.373
2026-05-12 01:03:07,024 | INFO    | ttic_embeddings.train | step  25050 | loss 2.0897 | lr 1.92e-05 | gnorm 0.98 | 1.71 step/s
2026-05-12 01:03:38,818 | INFO    | ttic_embeddings.train | step  25100 | loss 2.0946 | lr 1.90e-05 | gnorm 0.99 | 1.71 step/s
2026-05-12 01:04:10,338 | INFO    | ttic_embeddings.train | step  25150 | loss 2.0938 | lr 1.88e-05 | gnorm 0.98 | 1.71 step/s
2026-05-12 01:04:41,731 | INFO    | ttic_embeddings.train | step  25200 | loss 2.1168 | lr 1.86e-05 | gnorm 0.97 | 1.71 step/s
2026-05-12 01:05:08,007 | INFO    | ttic_embeddings.train | step  25250 | loss 2.1043 | lr 1.84e-05 | gnorm 1.00 | 1.71 step/s
2026-05-12 01:05:34,490 | INFO    | ttic_embeddings.train | step  25300 | loss 2.0918 | lr 1.83e-05 | gnorm 0.98 | 1.71 step/s
2026-05-12 01:06:04,735 | INFO    | ttic_embeddings.train | step  25350 | loss 2.1012 | lr 1.81e-05 | gnorm 0.97 | 1.71 step/s
2026-05-12 01:06:35,574 | INFO    | ttic_embeddings.train | step  25400 | loss 2.0919 | lr 1.79e-05 | gnorm 0.94 | 1.71 step/s
2026-05-12 01:07:06,502 | INFO    | ttic_embeddings.train | step  25450 | loss 2.1003 | lr 1.77e-05 | gnorm 0.96 | 1.71 step/s
2026-05-12 01:07:37,247 | INFO    | ttic_embeddings.train | step  25500 | loss 2.1047 | lr 1.76e-05 | gnorm 0.99 | 1.71 step/s
2026-05-12 01:08:07,563 | INFO    | ttic_embeddings.train | step  25550 | loss 2.0977 | lr 1.74e-05 | gnorm 0.96 | 1.71 step/s
2026-05-12 01:08:38,663 | INFO    | ttic_embeddings.train | step  25600 | loss 2.0934 | lr 1.72e-05 | gnorm 0.95 | 1.71 step/s
2026-05-12 01:09:09,470 | INFO    | ttic_embeddings.train | step  25650 | loss 2.1049 | lr 1.71e-05 | gnorm 0.95 | 1.71 step/s
2026-05-12 01:09:41,213 | INFO    | ttic_embeddings.train | step  25700 | loss 2.0870 | lr 1.69e-05 | gnorm 0.98 | 1.71 step/s
2026-05-12 01:10:13,403 | INFO    | ttic_embeddings.train | step  25750 | loss 2.0978 | lr 1.67e-05 | gnorm 1.00 | 1.71 step/s
2026-05-12 01:10:44,187 | INFO    | ttic_embeddings.train | step  25800 | loss 2.1008 | lr 1.65e-05 | gnorm 0.97 | 1.71 step/s
2026-05-12 01:11:15,929 | INFO    | ttic_embeddings.train | step  25850 | loss 2.1059 | lr 1.64e-05 | gnorm 0.97 | 1.71 step/s
2026-05-12 01:11:47,299 | INFO    | ttic_embeddings.train | step  25900 | loss 2.1100 | lr 1.62e-05 | gnorm 0.96 | 1.71 step/s
2026-05-12 01:12:17,713 | INFO    | ttic_embeddings.train | step  25950 | loss 2.0940 | lr 1.60e-05 | gnorm 0.96 | 1.71 step/s
2026-05-12 01:12:47,994 | INFO    | ttic_embeddings.train | step  26000 | loss 2.0948 | lr 1.59e-05 | gnorm 0.97 | 1.71 step/s
2026-05-12 01:13:01,453 | INFO    | ttic_embeddings.train | step  26000 | val/ppl 9.367
2026-05-12 01:13:32,946 | INFO    | ttic_embeddings.train | step  26050 | loss 2.1023 | lr 1.57e-05 | gnorm 0.97 | 1.70 step/s
2026-05-12 01:14:05,077 | INFO    | ttic_embeddings.train | step  26100 | loss 2.1066 | lr 1.55e-05 | gnorm 0.94 | 1.70 step/s
2026-05-12 01:14:35,867 | INFO    | ttic_embeddings.train | step  26150 | loss 2.1026 | lr 1.54e-05 | gnorm 0.98 | 1.70 step/s
2026-05-12 01:15:06,969 | INFO    | ttic_embeddings.train | step  26200 | loss 2.0870 | lr 1.52e-05 | gnorm 0.97 | 1.70 step/s
2026-05-12 01:15:38,421 | INFO    | ttic_embeddings.train | step  26250 | loss 2.0905 | lr 1.50e-05 | gnorm 0.98 | 1.70 step/s
2026-05-12 01:16:08,989 | INFO    | ttic_embeddings.train | step  26300 | loss 2.1082 | lr 1.49e-05 | gnorm 0.96 | 1.70 step/s
2026-05-12 01:16:40,594 | INFO    | ttic_embeddings.train | step  26350 | loss 2.1056 | lr 1.47e-05 | gnorm 0.98 | 1.70 step/s
2026-05-12 01:17:11,941 | INFO    | ttic_embeddings.train | step  26400 | loss 2.1162 | lr 1.46e-05 | gnorm 0.92 | 1.70 step/s
2026-05-12 01:17:41,187 | INFO    | ttic_embeddings.train | step  26450 | loss 2.0994 | lr 1.44e-05 | gnorm 1.01 | 1.70 step/s
2026-05-12 01:18:04,709 | INFO    | ttic_embeddings.train | step  26500 | loss 2.0998 | lr 1.42e-05 | gnorm 0.99 | 1.70 step/s
2026-05-12 01:18:28,402 | INFO    | ttic_embeddings.train | step  26550 | loss 2.1052 | lr 1.41e-05 | gnorm 0.97 | 1.70 step/s
2026-05-12 01:18:55,035 | INFO    | ttic_embeddings.train | step  26600 | loss 2.0924 | lr 1.39e-05 | gnorm 0.95 | 1.70 step/s
2026-05-12 01:19:20,256 | INFO    | ttic_embeddings.train | step  26650 | loss 2.0855 | lr 1.38e-05 | gnorm 1.02 | 1.70 step/s
2026-05-12 01:19:52,026 | INFO    | ttic_embeddings.train | step  26700 | loss 2.0852 | lr 1.36e-05 | gnorm 0.94 | 1.70 step/s
2026-05-12 01:20:22,054 | INFO    | ttic_embeddings.train | step  26750 | loss 2.0923 | lr 1.35e-05 | gnorm 1.01 | 1.70 step/s
2026-05-12 01:20:51,279 | INFO    | ttic_embeddings.train | step  26800 | loss 2.0846 | lr 1.33e-05 | gnorm 0.96 | 1.70 step/s
2026-05-12 01:21:17,790 | INFO    | ttic_embeddings.train | step  26850 | loss 2.0861 | lr 1.31e-05 | gnorm 0.97 | 1.70 step/s
2026-05-12 01:21:44,474 | INFO    | ttic_embeddings.train | step  26900 | loss 2.0959 | lr 1.30e-05 | gnorm 0.96 | 1.71 step/s
2026-05-12 01:22:11,095 | INFO    | ttic_embeddings.train | step  26950 | loss 2.0950 | lr 1.28e-05 | gnorm 0.97 | 1.71 step/s
2026-05-12 01:22:37,660 | INFO    | ttic_embeddings.train | step  27000 | loss 2.0981 | lr 1.27e-05 | gnorm 0.98 | 1.71 step/s
2026-05-12 01:22:48,215 | INFO    | ttic_embeddings.train | step  27000 | val/ppl 9.368
2026-05-12 01:23:19,365 | INFO    | ttic_embeddings.train | step  27050 | loss 2.0966 | lr 1.25e-05 | gnorm 1.01 | 1.70 step/s
2026-05-12 01:23:50,317 | INFO    | ttic_embeddings.train | step  27100 | loss 2.0824 | lr 1.24e-05 | gnorm 0.97 | 1.70 step/s
2026-05-12 01:24:20,660 | INFO    | ttic_embeddings.train | step  27150 | loss 2.0874 | lr 1.22e-05 | gnorm 1.01 | 1.70 step/s
2026-05-12 01:24:49,974 | INFO    | ttic_embeddings.train | step  27200 | loss 2.0936 | lr 1.21e-05 | gnorm 0.94 | 1.70 step/s
2026-05-12 01:25:18,951 | INFO    | ttic_embeddings.train | step  27250 | loss 2.0992 | lr 1.19e-05 | gnorm 1.00 | 1.70 step/s
2026-05-12 01:25:48,205 | INFO    | ttic_embeddings.train | step  27300 | loss 2.1069 | lr 1.18e-05 | gnorm 0.97 | 1.70 step/s
2026-05-12 01:26:16,290 | INFO    | ttic_embeddings.train | step  27350 | loss 2.0928 | lr 1.16e-05 | gnorm 0.97 | 1.70 step/s
2026-05-12 01:26:45,714 | INFO    | ttic_embeddings.train | step  27400 | loss 2.0986 | lr 1.15e-05 | gnorm 1.02 | 1.70 step/s
2026-05-12 01:27:14,532 | INFO    | ttic_embeddings.train | step  27450 | loss 2.0839 | lr 1.14e-05 | gnorm 0.99 | 1.70 step/s
2026-05-12 01:27:44,294 | INFO    | ttic_embeddings.train | step  27500 | loss 2.0979 | lr 1.12e-05 | gnorm 0.99 | 1.70 step/s
2026-05-12 01:28:13,158 | INFO    | ttic_embeddings.train | step  27550 | loss 2.1036 | lr 1.11e-05 | gnorm 0.98 | 1.70 step/s
2026-05-12 01:28:42,319 | INFO    | ttic_embeddings.train | step  27600 | loss 2.0883 | lr 1.09e-05 | gnorm 0.99 | 1.70 step/s
2026-05-12 01:29:10,382 | INFO    | ttic_embeddings.train | step  27650 | loss 2.1151 | lr 1.08e-05 | gnorm 0.95 | 1.70 step/s
2026-05-12 01:29:38,961 | INFO    | ttic_embeddings.train | step  27700 | loss 2.0875 | lr 1.06e-05 | gnorm 0.98 | 1.70 step/s
2026-05-12 01:30:07,760 | INFO    | ttic_embeddings.train | step  27750 | loss 2.0922 | lr 1.05e-05 | gnorm 0.96 | 1.70 step/s
2026-05-12 01:30:36,760 | INFO    | ttic_embeddings.train | step  27800 | loss 2.0906 | lr 1.04e-05 | gnorm 0.98 | 1.70 step/s
2026-05-12 01:31:04,282 | INFO    | ttic_embeddings.train | step  27850 | loss 2.0901 | lr 1.02e-05 | gnorm 1.00 | 1.70 step/s
2026-05-12 01:31:30,324 | INFO    | ttic_embeddings.train | step  27900 | loss 2.0941 | lr 1.01e-05 | gnorm 1.01 | 1.71 step/s
2026-05-12 01:31:57,630 | INFO    | ttic_embeddings.train | step  27950 | loss 2.0919 | lr 9.95e-06 | gnorm 1.01 | 1.71 step/s
2026-05-12 01:32:26,175 | INFO    | ttic_embeddings.train | step  28000 | loss 2.1035 | lr 9.82e-06 | gnorm 0.98 | 1.71 step/s
2026-05-12 01:32:37,375 | INFO    | ttic_embeddings.train | step  28000 | val/ppl 9.370
2026-05-12 01:33:04,026 | INFO    | ttic_embeddings.train | step  28050 | loss 2.0910 | lr 9.68e-06 | gnorm 0.98 | 1.70 step/s
2026-05-12 01:33:32,193 | INFO    | ttic_embeddings.train | step  28100 | loss 2.0925 | lr 9.55e-06 | gnorm 0.98 | 1.70 step/s
2026-05-12 01:34:01,172 | INFO    | ttic_embeddings.train | step  28150 | loss 2.0858 | lr 9.42e-06 | gnorm 1.01 | 1.70 step/s
2026-05-12 01:34:29,617 | INFO    | ttic_embeddings.train | step  28200 | loss 2.1039 | lr 9.28e-06 | gnorm 0.99 | 1.70 step/s
2026-05-12 01:34:58,847 | INFO    | ttic_embeddings.train | step  28250 | loss 2.0963 | lr 9.15e-06 | gnorm 0.97 | 1.70 step/s
2026-05-12 01:35:27,747 | INFO    | ttic_embeddings.train | step  28300 | loss 2.0843 | lr 9.02e-06 | gnorm 0.98 | 1.70 step/s
2026-05-12 01:35:53,040 | INFO    | ttic_embeddings.train | step  28350 | loss 2.0963 | lr 8.89e-06 | gnorm 0.99 | 1.71 step/s
2026-05-12 01:36:18,748 | INFO    | ttic_embeddings.train | step  28400 | loss 2.1016 | lr 8.76e-06 | gnorm 0.99 | 1.71 step/s
2026-05-12 01:36:45,779 | INFO    | ttic_embeddings.train | step  28450 | loss 2.0831 | lr 8.63e-06 | gnorm 0.96 | 1.71 step/s
2026-05-12 01:37:14,538 | INFO    | ttic_embeddings.train | step  28500 | loss 2.1052 | lr 8.51e-06 | gnorm 0.98 | 1.71 step/s
2026-05-12 01:37:43,310 | INFO    | ttic_embeddings.train | step  28550 | loss 2.0903 | lr 8.38e-06 | gnorm 0.97 | 1.71 step/s
2026-05-12 01:38:12,390 | INFO    | ttic_embeddings.train | step  28600 | loss 2.0989 | lr 8.25e-06 | gnorm 0.99 | 1.71 step/s
2026-05-12 01:38:41,753 | INFO    | ttic_embeddings.train | step  28650 | loss 2.0900 | lr 8.13e-06 | gnorm 0.97 | 1.71 step/s
2026-05-12 01:39:10,545 | INFO    | ttic_embeddings.train | step  28700 | loss 2.0875 | lr 8.00e-06 | gnorm 0.98 | 1.71 step/s
2026-05-12 01:39:37,508 | INFO    | ttic_embeddings.train | step  28750 | loss 2.1027 | lr 7.88e-06 | gnorm 0.99 | 1.71 step/s
2026-05-12 01:40:04,469 | INFO    | ttic_embeddings.train | step  28800 | loss 2.0913 | lr 7.76e-06 | gnorm 1.01 | 1.71 step/s
2026-05-12 01:40:31,952 | INFO    | ttic_embeddings.train | step  28850 | loss 2.0999 | lr 7.64e-06 | gnorm 0.97 | 1.71 step/s
2026-05-12 01:40:57,507 | INFO    | ttic_embeddings.train | step  28900 | loss 2.0917 | lr 7.52e-06 | gnorm 0.98 | 1.71 step/s
2026-05-12 01:41:23,967 | INFO    | ttic_embeddings.train | step  28950 | loss 2.0859 | lr 7.40e-06 | gnorm 1.03 | 1.71 step/s
2026-05-12 01:41:50,405 | INFO    | ttic_embeddings.train | step  29000 | loss 2.0950 | lr 7.28e-06 | gnorm 0.98 | 1.71 step/s
2026-05-12 01:41:59,598 | INFO    | ttic_embeddings.train | step  29000 | val/ppl 9.372
2026-05-12 01:41:59,901 | INFO    | ttic_embeddings.train | Early stop: no val/ppl improvement for 5 evals. Best: 9.363
2026-05-12 01:41:59,939 | INFO    | train_clip | Training summary: {'best_val_ppl': 9.363342205206944, 'last_val_ppl': 9.371513899420073, 'total_steps': 29000, 'stopped_reason': 'early_stop'}
2026-05-12 01:41:59,939 | INFO    | train_clip | 
Generating sample captions from the trained adaptor...
2026-05-12 01:42:00,309 | INFO    | train_clip | Loaded best checkpoint (val_ppl=9.363)
2026-05-12 01:42:00,426 | INFO    | train_clip | Sampling 5 val images for qualitative inspection:
2026-05-12 01:42:10,950 | INFO    | train_clip |   image_id 139
2026-05-12 01:42:10,950 | INFO    | train_clip |     beam     : 'A living room with a kitchen and dining room.'
2026-05-12 01:42:10,950 | INFO    | train_clip |     nucleus  : 'A kitchen table with chairs and a fireplace.'
2026-05-12 01:42:10,950 | INFO    | train_clip |     reference: 'A woman stands in the dining area at the table.'
2026-05-12 01:42:11,654 | INFO    | train_clip |   image_id 285
2026-05-12 01:42:11,655 | INFO    | train_clip |     beam     : 'A close up of a bear with its eyes open.'
2026-05-12 01:42:11,655 | INFO    | train_clip |     nucleus  : 'A black bear looking down on a landscape'
2026-05-12 01:42:11,655 | INFO    | train_clip |     reference: 'A big burly grizzly bear is show with grass in the background.'
2026-05-12 01:42:12,469 | INFO    | train_clip |   image_id 632
2026-05-12 01:42:12,469 | INFO    | train_clip |     beam     : 'A bedroom with a bed and a window.'
2026-05-12 01:42:12,469 | INFO    | train_clip |     nucleus  : 'A bed is on a bed with a chair in the corner.'
2026-05-12 01:42:12,469 | INFO    | train_clip |     reference: 'Bedroom scene with a bookcase, blue comforter and window.'
2026-05-12 01:42:13,171 | INFO    | train_clip |   image_id 724
2026-05-12 01:42:13,171 | INFO    | train_clip |     beam     : 'A stop sign is on the side of the road.'
2026-05-12 01:42:13,171 | INFO    | train_clip |     nucleus  : 'A stop sign on a roadway at night.'
2026-05-12 01:42:13,171 | INFO    | train_clip |     reference: "A stop sign is mounted upside-down on it's post."
2026-05-12 01:42:14,023 | INFO    | train_clip |   image_id 776
2026-05-12 01:42:14,023 | INFO    | train_clip |     beam     : 'A group of teddy bears sitting next to each other.'
2026-05-12 01:42:14,023 | INFO    | train_clip |     nucleus  : 'There are two teddy bears sitting next to each other.'
2026-05-12 01:42:14,023 | INFO    | train_clip |     reference: 'Three teddy bears, each a different color, snuggling together.'
2026-05-12 01:42:14,023 | INFO    | train_clip | Done.
