2026-05-17 05:41:28,819 | INFO    | analyze | Loaded 320000 score rows from captions/scores_seed3.csv
2026-05-17 05:41:28,830 | INFO    | analyze | Decoders present: ['beam', 'nucleus']
2026-05-17 05:41:28,841 | INFO    | analyze | Encoders present: ['clip', 'dinov2', 'mae', 'siglip']
2026-05-17 05:41:28,852 | INFO    | analyze | Metrics present:  ['adj_per_noun', 'caption_length', 'head_noun_min_depth', 'projective_density', 'scene_object_ratio', 'topological_density', 'vg_attr_precision', 'vg_attr_recall']
2026-05-17 05:41:28,880 | INFO    | analyze | Contrast: lang=('clip', 'siglip') vs self=('dinov2', 'mae')
2026-05-17 05:41:28,906 | INFO    | analyze | Filtered to decoder=beam: 160000 rows
2026-05-17 05:41:28,912 | INFO    | analyze | Analyzing 8 metrics: ['adj_per_noun', 'caption_length', 'head_noun_min_depth', 'projective_density', 'scene_object_ratio', 'topological_density', 'vg_attr_precision', 'vg_attr_recall']
2026-05-17 05:41:28,970 | INFO    | analyze | 
Running primary family (supervision-category contrast, 8 tests)...
2026-05-17 05:41:29,068 | INFO    | analyze | Primary results:
 statistic      p_value    n        r              metric             contrast        p_adj  rejected_at_alpha  claimed_meaningful
  707388.0 8.203343e-01 1687 0.005530        adj_per_noun lang_sup_vs_self_sup 8.340107e-01              False               False
 2954790.0 5.312666e-62 4101 0.259471      caption_length lang_sup_vs_self_sup 4.250133e-61               True                True
 1510097.5 7.336094e-01 2467 0.006852 head_noun_min_depth lang_sup_vs_self_sup 8.340107e-01              False               False
  283054.0 2.998019e-33 1348 0.327223  projective_density lang_sup_vs_self_sup 1.199208e-32               True                True
  646958.0 8.340107e-01 1613 0.005218  scene_object_ratio lang_sup_vs_self_sup 8.340107e-01              False               False
 4740432.5 2.749506e-01 4396 0.016466 topological_density lang_sup_vs_self_sup 7.332016e-01              False               False
     151.0 7.542219e-01   25 0.062615   vg_attr_precision lang_sup_vs_self_sup 8.340107e-01              False               False
   30837.0 5.678339e-01  357 0.030233      vg_attr_recall lang_sup_vs_self_sup 8.340107e-01              False               False
2026-05-17 05:41:29,068 | INFO    | analyze | Wrote -> captions/analysis_seed3_beam_primary.csv
2026-05-17 05:41:29,068 | INFO    | analyze | 
Running image-controlled robustness check on primary contrasts (8 metrics)...
/home/ubuntu/ttic_embeddings/.venv/lib/python3.12/site-packages/statsmodels/regression/mixed_linear_model.py:1634: UserWarning: Random effects covariance is singular
  warnings.warn(msg)
/home/ubuntu/ttic_embeddings/.venv/lib/python3.12/site-packages/statsmodels/regression/mixed_linear_model.py:1634: UserWarning: Random effects covariance is singular
  warnings.warn(msg)
/home/ubuntu/ttic_embeddings/.venv/lib/python3.12/site-packages/statsmodels/regression/mixed_linear_model.py:1634: UserWarning: Random effects covariance is singular
  warnings.warn(msg)
/home/ubuntu/ttic_embeddings/.venv/lib/python3.12/site-packages/statsmodels/regression/mixed_linear_model.py:1634: UserWarning: Random effects covariance is singular
  warnings.warn(msg)
/home/ubuntu/ttic_embeddings/.venv/lib/python3.12/site-packages/statsmodels/regression/mixed_linear_model.py:2237: ConvergenceWarning: The MLE may be on the boundary of the parameter space.
  warnings.warn(msg, ConvergenceWarning)
/home/ubuntu/ttic_embeddings/.venv/lib/python3.12/site-packages/statsmodels/regression/mixed_linear_model.py:1634: UserWarning: Random effects covariance is singular
  warnings.warn(msg)
2026-05-17 05:41:57,138 | INFO    | analyze | Mixed-effects results:
             metric             method      coef       se          z      p_value  n_images  n_obs  converged
       adj_per_noun paired_t_per_image -0.000319 0.002439  -0.130735 8.959899e-01      5000  20000       True
     caption_length   mixedlm_image_re -0.333500 0.020962 -15.909518 5.443102e-57      5000  20000       True
head_noun_min_depth   mixedlm_image_re -0.006883 0.016541  -0.416098 6.773385e-01      5000  19974       True
 projective_density paired_t_per_image -0.004748 0.000370 -12.829601 4.283710e-37      5000  20000       True
 scene_object_ratio   mixedlm_image_re  0.005530 0.003141   1.760302 7.835662e-02      4861  17622       True
topological_density   mixedlm_image_re  0.000650 0.000665   0.977579 3.282825e-01      5000  20000       True
  vg_attr_precision   mixedlm_image_re  0.042885 0.014625   2.932212 3.365569e-03       917   1705       True
     vg_attr_recall paired_t_per_image -0.000612 0.000724  -0.846391 3.974297e-01      2133   8532       True
2026-05-17 05:41:57,138 | INFO    | analyze | Wrote -> captions/analysis_seed3_beam_mixed_effects.csv
2026-05-17 05:41:57,138 | INFO    | analyze | 
Running secondary family (pairwise contrasts, 48 tests)...
2026-05-17 05:41:57,539 | INFO    | analyze | Wrote -> captions/analysis_seed3_beam_secondary.csv
2026-05-17 05:41:57,556 | INFO    | analyze | MTLD per-cell:
encoder decoder  seed metric     score     ci_lo     ci_hi  n_captions
   clip    beam     3   mtld 21.905180 21.722312 22.460429        5000
 siglip    beam     3   mtld 23.350969 22.960659 23.808317        5000
 dinov2    beam     3   mtld 23.324477 22.927874 23.784332        5000
    mae    beam     3   mtld 21.970468 21.470881 22.166003        5000
2026-05-17 05:41:57,556 | INFO    | analyze | Wrote -> captions/analysis_seed3_beam_summary.txt
