2026-05-16 23:38:42,936 | INFO    | analyze | Loaded 320000 score rows from captions/scores_seed2.csv
2026-05-16 23:38:42,947 | INFO    | analyze | Decoders present: ['beam', 'nucleus']
2026-05-16 23:38:42,957 | INFO    | analyze | Encoders present: ['clip', 'dinov2', 'mae', 'siglip']
2026-05-16 23:38:42,967 | INFO    | analyze | Metrics present:  ['adj_per_noun', 'caption_length', 'head_noun_min_depth', 'projective_density', 'scene_object_ratio', 'topological_density', 'vg_attr_precision', 'vg_attr_recall']
2026-05-16 23:38:42,991 | INFO    | analyze | Contrast: lang=('clip', 'siglip') vs self=('dinov2', 'mae')
2026-05-16 23:38:43,015 | INFO    | analyze | Filtered to decoder=nucleus: 160000 rows
2026-05-16 23:38:43,020 | INFO    | analyze | Analyzing 8 metrics: ['adj_per_noun', 'caption_length', 'head_noun_min_depth', 'projective_density', 'scene_object_ratio', 'topological_density', 'vg_attr_precision', 'vg_attr_recall']
2026-05-16 23:38:43,074 | INFO    | analyze | 
Running primary family (supervision-category contrast, 8 tests)...
2026-05-16 23:38:43,165 | INFO    | analyze | Primary results:
 statistic      p_value    n        r              metric             contrast        p_adj  rejected_at_alpha  claimed_meaningful
 3639199.5 7.220490e-02 3880 0.028862        adj_per_noun lang_sup_vs_self_sup 2.888196e-01              False               False
 5160319.0 1.838204e-01 4595 0.019607      caption_length lang_sup_vs_self_sup 4.901879e-01              False               False
 3746096.0 8.342069e-01 3878 0.003361 head_noun_min_depth lang_sup_vs_self_sup 9.904864e-01              False               False
  831458.5 5.815547e-11 2000 0.146427  projective_density lang_sup_vs_self_sup 4.652438e-10               True                True
  812890.5 9.904864e-01 1803 0.000281  scene_object_ratio lang_sup_vs_self_sup 9.904864e-01              False               False
 6093070.5 9.279512e-01 4940 0.001287 topological_density lang_sup_vs_self_sup 9.904864e-01              False               False
    2655.5 2.984752e-01  109 0.099586   vg_attr_precision lang_sup_vs_self_sup 5.969504e-01              False               False
  172010.5 9.512884e-01  830 0.002120      vg_attr_recall lang_sup_vs_self_sup 9.904864e-01              False               False
2026-05-16 23:38:43,165 | INFO    | analyze | Wrote -> captions/analysis_seed2_nucleus_primary.csv
2026-05-16 23:38:43,165 | INFO    | analyze | 
Running image-controlled robustness check on primary contrasts (8 metrics)...
/home/ubuntu/ttic_embeddings/.venv/lib/python3.12/site-packages/statsmodels/regression/mixed_linear_model.py:1634: UserWarning: Random effects covariance is singular
  warnings.warn(msg)
/home/ubuntu/ttic_embeddings/.venv/lib/python3.12/site-packages/statsmodels/regression/mixed_linear_model.py:1634: UserWarning: Random effects covariance is singular
  warnings.warn(msg)
/home/ubuntu/ttic_embeddings/.venv/lib/python3.12/site-packages/statsmodels/regression/mixed_linear_model.py:1634: UserWarning: Random effects covariance is singular
  warnings.warn(msg)
/home/ubuntu/ttic_embeddings/.venv/lib/python3.12/site-packages/statsmodels/regression/mixed_linear_model.py:1634: UserWarning: Random effects covariance is singular
  warnings.warn(msg)
/home/ubuntu/ttic_embeddings/.venv/lib/python3.12/site-packages/statsmodels/regression/mixed_linear_model.py:1634: UserWarning: Random effects covariance is singular
  warnings.warn(msg)
/home/ubuntu/ttic_embeddings/.venv/lib/python3.12/site-packages/statsmodels/regression/mixed_linear_model.py:1634: UserWarning: Random effects covariance is singular
  warnings.warn(msg)
/home/ubuntu/ttic_embeddings/.venv/lib/python3.12/site-packages/statsmodels/regression/mixed_linear_model.py:1634: UserWarning: Random effects covariance is singular
  warnings.warn(msg)
2026-05-16 23:38:57,688 | INFO    | analyze | Mixed-effects results:
             metric             method      coef       se         z      p_value  n_images  n_obs  converged
       adj_per_noun paired_t_per_image -0.006031 0.003404 -1.771838 7.648243e-02      5000  20000       True
     caption_length paired_t_per_image -0.009300 0.041272 -0.225336 8.217271e-01      5000  20000       True
head_noun_min_depth   mixedlm_image_re  0.000734 0.019772  0.037128 9.703826e-01      5000  19962       True
 projective_density paired_t_per_image -0.002689 0.000415 -6.481465 9.958082e-11      5000  20000       True
 scene_object_ratio paired_t_per_image -0.000588 0.004967 -0.118367 9.057852e-01      2944  16800       True
topological_density paired_t_per_image -0.000240 0.000894 -0.268510 7.883177e-01      5000  20000       True
  vg_attr_precision   mixedlm_image_re  0.024435 0.012922  1.890970 5.862841e-02      1814   3699       True
     vg_attr_recall paired_t_per_image -0.000455 0.000957 -0.475375 6.345685e-01      2133   8532       True
2026-05-16 23:38:57,688 | INFO    | analyze | Wrote -> captions/analysis_seed2_nucleus_mixed_effects.csv
2026-05-16 23:38:57,688 | INFO    | analyze | 
Running secondary family (pairwise contrasts, 48 tests)...
2026-05-16 23:38:58,109 | INFO    | analyze | Wrote -> captions/analysis_seed2_nucleus_secondary.csv
2026-05-16 23:38:58,126 | INFO    | analyze | MTLD per-cell:
encoder decoder  seed metric     score     ci_lo     ci_hi  n_captions
   clip nucleus     2   mtld 32.583473 31.789402 33.129949        5000
 siglip nucleus     2   mtld 32.469569 31.844594 33.215762        5000
 dinov2 nucleus     2   mtld 33.040319 32.235557 33.674735        5000
    mae nucleus     2   mtld 32.123578 31.522951 32.852932        5000
2026-05-16 23:38:58,126 | INFO    | analyze | Wrote -> captions/analysis_seed2_nucleus_summary.txt
