2026-05-10 07:19:24,475 | INFO    | train_clip | Device: cuda:1 (CUDA available: True)
2026-05-10 07:19:24,475 | INFO    | train_clip | Encoder: siglip (google/siglip-large-patch16-256)
2026-05-10 07:19:24,478 | INFO    | train_clip | Resolved config:
seed: 1
paths:
  coco_root: ${oc.env:COCO_ROOT,./data/coco}
  vg_root: ${oc.env:VG_ROOT,./data/vg}
  cache_root: ${oc.env:FEATURE_CACHE_ROOT,./features}
  checkpoint_root: ${oc.env:CHECKPOINT_ROOT,./checkpoints}
  caption_root: ${oc.env:CAPTION_ROOT,./captions}
decoder:
  name: gpt2-medium
  hidden_dim: 1024
adaptor:
  k_soft_tokens: 10
  hidden_dim: 1024
  num_layers: 2
  activation: gelu
  dropout: 0.1
train:
  optimizer: adamw
  lr: 0.0001
  weight_decay: 0.01
  betas:
  - 0.9
  - 0.999
  batch_size: 256
  warmup_steps: 500
  max_steps: 50000
  val_every_steps: 500
  val_max_batches: null
  patience_evals: 5
  grad_clip: 1.0
  precision: bf16
  num_seeds: 3
  num_workers: 4
  holdout_size: 5000
  holdout_seed: 0
generate:
  beam_size: 5
  nucleus_p: 0.9
  max_new_tokens: 30
  num_val_images: 5000
logging:
  wandb_project: ttic-embeddings
  wandb_entity: null
  log_every_steps: 50
encoder:
  name: siglip
  checkpoint: google/siglip-large-patch16-256
  hidden_dim: 1024
  patch_count: 256
  image_size: 256
  supervision: language

Warning: You are sending unauthenticated requests to the HF Hub. Please set a HF_TOKEN to enable higher rate limits and faster downloads.
Loading weights:   0%|          | 0/400 [00:00<?, ?it/s]Loading weights: 100%|██████████| 400/400 [00:00<00:00, 6228.71it/s]
[transformers] [1mSiglipVisionModel LOAD REPORT[0m from: google/siglip-large-patch16-256
Key                                                          | Status     |  | 
-------------------------------------------------------------+------------+--+-
text_model.encoder.layers.{0...23}.layer_norm2.bias          | UNEXPECTED |  | 
text_model.encoder.layers.{0...23}.mlp.fc1.weight            | UNEXPECTED |  | 
text_model.encoder.layers.{0...23}.self_attn.v_proj.weight   | UNEXPECTED |  | 
text_model.encoder.layers.{0...23}.self_attn.q_proj.bias     | UNEXPECTED |  | 
text_model.encoder.layers.{0...23}.layer_norm1.weight        | UNEXPECTED |  | 
text_model.final_layer_norm.weight                           | UNEXPECTED |  | 
text_model.encoder.layers.{0...23}.mlp.fc1.bias              | UNEXPECTED |  | 
text_model.encoder.layers.{0...23}.self_attn.out_proj.weight | UNEXPECTED |  | 
text_model.encoder.layers.{0...23}.mlp.fc2.bias              | UNEXPECTED |  | 
text_model.encoder.layers.{0...23}.layer_norm1.bias          | UNEXPECTED |  | 
text_model.encoder.layers.{0...23}.self_attn.k_proj.weight   | UNEXPECTED |  | 
text_model.encoder.layers.{0...23}.mlp.fc2.weight            | UNEXPECTED |  | 
text_model.encoder.layers.{0...23}.self_attn.q_proj.weight   | UNEXPECTED |  | 
text_model.encoder.layers.{0...23}.self_attn.k_proj.bias     | UNEXPECTED |  | 
text_model.encoder.layers.{0...23}.layer_norm2.weight        | UNEXPECTED |  | 
text_model.encoder.layers.{0...23}.self_attn.v_proj.bias     | UNEXPECTED |  | 
text_model.encoder.layers.{0...23}.self_attn.out_proj.bias   | UNEXPECTED |  | 
logit_bias                                                   | UNEXPECTED |  | 
text_model.head.weight                                       | UNEXPECTED |  | 
text_model.head.bias                                         | UNEXPECTED |  | 
text_model.embeddings.position_embedding.weight              | UNEXPECTED |  | 
logit_scale                                                  | UNEXPECTED |  | 
text_model.embeddings.token_embedding.weight                 | UNEXPECTED |  | 
text_model.final_layer_norm.bias                             | UNEXPECTED |  | 

Notes:
- UNEXPECTED:	can be ignored when loading from different task/architecture; not ok if you expect identical arch.
Loading weights:   0%|          | 0/292 [00:00<?, ?it/s]Loading weights: 100%|██████████| 292/292 [00:00<00:00, 6346.58it/s]
2026-05-10 07:19:26,495 | INFO    | train_clip | Model assembled. Adaptor: PrefixAdaptor(encoder_dim=1024, decoder_dim=1024, k=10, hidden_dim=1024, num_layers=2, params=2,099,200)
2026-05-10 07:19:27,611 | INFO    | train_clip | Held 5000 train2017 images out for val PPL (holdout_seed=0)
2026-05-10 07:19:28,216 | INFO    | train_clip | Loaders built. train batches: 2213, val batches: 98
2026-05-10 07:19:28,219 | INFO    | train_clip | Checkpoints will be saved under: checkpoints/siglip_seed1
Resume: optimizer param_group[0] hyperparams from checkpoint differ from cfg. Checkpoint values will be used. cfg -> ckpt: {'lr': (0.0, 0.0001)}
[transformers] `loss_type=None` was set in the config but it is unrecognized. Using the default loss: `ForCausalLMLoss`.
/home/ubuntu/ttic_embeddings/.venv/lib/python3.12/site-packages/torch/autograd/graph.py:869: UserWarning: Memory Efficient attention defaults to a non-deterministic algorithm. To explicitly enable determinism call torch.use_deterministic_algorithms(True, warn_only=False). (Triggered internally at /pytorch/aten/src/ATen/native/transformers/cuda/attention_backward.cu:900.)
  return Variable._execution_engine.run_backward(  # Calls into the C++ engine to run the backward pass
Received signal 15; will save checkpoint and exit at next safe step.
Graceful exit: saving checkpoint at step 22976 and exiting.
2026-05-10 16:03:05,167 | INFO    | train_clip | Training summary: {'best_val_ppl': 9.298643911646673, 'last_val_ppl': 9.298643911646673, 'total_steps': 22976, 'stopped_reason': 'interrupted'}
2026-05-10 16:03:05,168 | INFO    | train_clip | 
Generating sample captions from the trained adaptor...
Traceback (most recent call last):
  File "/home/ubuntu/ttic_embeddings/scripts/02_train_clip.py", line 303, in <module>
    raise SystemExit(main())
                     ^^^^^^
  File "/home/ubuntu/ttic_embeddings/scripts/02_train_clip.py", line 263, in main
    ckpt = torch.load(best_ckpt, map_location=device)
           ^^^^^^^^^^^^^^^^^^^^^^^^^^^^^^^^^^^^^^^^^^
  File "/home/ubuntu/ttic_embeddings/.venv/lib/python3.12/site-packages/torch/serialization.py", line 1578, in load
    raise pickle.UnpicklingError(_get_wo_message(str(e))) from None
_pickle.UnpicklingError: Weights only load failed. This file can still be loaded, to do so you have two options, [1mdo those steps only if you trust the source of the checkpoint[0m. 
	(1) In PyTorch 2.6, we changed the default value of the `weights_only` argument in `torch.load` from `False` to `True`. Re-running `torch.load` with `weights_only` set to `False` will likely succeed, but it can result in arbitrary code execution. Do it only if you got the file from a trusted source.
	(2) Alternatively, to load with `weights_only=True` please check the recommended steps in the following error message.
	WeightsUnpickler error: Unsupported global: GLOBAL numpy._core.multiarray._reconstruct was not an allowed global by default. Please use `torch.serialization.add_safe_globals([numpy._core.multiarray._reconstruct])` or the `torch.serialization.safe_globals([numpy._core.multiarray._reconstruct])` context manager to allowlist this global if you trust this class/function.

Check the documentation of torch.load to learn more about types accepted by default with weights_only https://pytorch.org/docs/stable/generated/torch.load.html.
