2026-05-11 15:04:17,330 | INFO    | train_clip | Device: cuda:1 (CUDA available: True)
2026-05-11 15:04:17,331 | INFO    | train_clip | Encoder: mae (facebook/vit-mae-large)
2026-05-11 15:04:17,340 | INFO    | train_clip | Resolved config:
seed: 99
paths:
  coco_root: ${oc.env:COCO_ROOT,./data/coco}
  vg_root: ${oc.env:VG_ROOT,./data/vg}
  cache_root: ${oc.env:FEATURE_CACHE_ROOT,./features}
  checkpoint_root: ${oc.env:CHECKPOINT_ROOT,./checkpoints}
  caption_root: ${oc.env:CAPTION_ROOT,./captions}
decoder:
  name: gpt2-medium
  hidden_dim: 1024
adaptor:
  k_soft_tokens: 10
  hidden_dim: 1024
  num_layers: 2
  activation: gelu
  dropout: 0.1
train:
  optimizer: adamw
  lr: 0.0001
  weight_decay: 0.01
  betas:
  - 0.9
  - 0.999
  batch_size: 256
  warmup_steps: 500
  max_steps: 5000
  val_every_steps: 1000
  val_max_batches: 20
  patience_evals: 5
  grad_clip: 1.0
  precision: bf16
  num_seeds: 3
  num_workers: 8
  holdout_size: 5000
  holdout_seed: 0
generate:
  beam_size: 5
  nucleus_p: 0.9
  max_new_tokens: 30
  num_val_images: 5000
logging:
  wandb_project: ttic-embeddings
  wandb_entity: null
  log_every_steps: 50
encoder:
  name: mae
  checkpoint: facebook/vit-mae-large
  hidden_dim: 1024
  patch_count: 196
  image_size: 224
  supervision: self

Warning: You are sending unauthenticated requests to the HF Hub. Please set a HF_TOKEN to enable higher rate limits and faster downloads.
Loading weights:   0%|          | 0/390 [00:00<?, ?it/s]Loading weights: 100%|██████████| 390/390 [00:00<00:00, 19325.85it/s]
[transformers] [1mViTMAEModel LOAD REPORT[0m from: facebook/vit-mae-large
Key                                                                              | Status     |  | 
---------------------------------------------------------------------------------+------------+--+-
decoder.decoder_layers.{0, 1, 2, 3, 4, 5, 6, 7}.attention.output.dense.bias      | UNEXPECTED |  | 
decoder.decoder_layers.{0, 1, 2, 3, 4, 5, 6, 7}.intermediate.dense.weight        | UNEXPECTED |  | 
decoder.decoder_layers.{0, 1, 2, 3, 4, 5, 6, 7}.intermediate.dense.bias          | UNEXPECTED |  | 
decoder.decoder_layers.{0, 1, 2, 3, 4, 5, 6, 7}.attention.attention.query.weight | UNEXPECTED |  | 
decoder.decoder_layers.{0, 1, 2, 3, 4, 5, 6, 7}.attention.attention.value.bias   | UNEXPECTED |  | 
decoder.decoder_layers.{0, 1, 2, 3, 4, 5, 6, 7}.output.dense.bias                | UNEXPECTED |  | 
decoder.decoder_layers.{0, 1, 2, 3, 4, 5, 6, 7}.attention.attention.value.weight | UNEXPECTED |  | 
decoder.decoder_layers.{0, 1, 2, 3, 4, 5, 6, 7}.attention.output.dense.weight    | UNEXPECTED |  | 
decoder.decoder_layers.{0, 1, 2, 3, 4, 5, 6, 7}.output.dense.weight              | UNEXPECTED |  | 
decoder.decoder_layers.{0, 1, 2, 3, 4, 5, 6, 7}.layernorm_before.weight          | UNEXPECTED |  | 
decoder.decoder_layers.{0, 1, 2, 3, 4, 5, 6, 7}.attention.attention.key.bias     | UNEXPECTED |  | 
decoder.decoder_layers.{0, 1, 2, 3, 4, 5, 6, 7}.attention.attention.key.weight   | UNEXPECTED |  | 
decoder.decoder_layers.{0, 1, 2, 3, 4, 5, 6, 7}.layernorm_after.weight           | UNEXPECTED |  | 
decoder.decoder_layers.{0, 1, 2, 3, 4, 5, 6, 7}.layernorm_after.bias             | UNEXPECTED |  | 
decoder.decoder_norm.weight                                                      | UNEXPECTED |  | 
decoder.decoder_pred.weight                                                      | UNEXPECTED |  | 
decoder.decoder_layers.{0, 1, 2, 3, 4, 5, 6, 7}.layernorm_before.bias            | UNEXPECTED |  | 
decoder.decoder_pred.bias                                                        | UNEXPECTED |  | 
decoder.decoder_layers.{0, 1, 2, 3, 4, 5, 6, 7}.attention.attention.query.bias   | UNEXPECTED |  | 
decoder.decoder_pos_embed                                                        | UNEXPECTED |  | 
decoder.decoder_norm.bias                                                        | UNEXPECTED |  | 
decoder.mask_token                                                               | UNEXPECTED |  | 
decoder.decoder_embed.bias                                                       | UNEXPECTED |  | 
decoder.decoder_embed.weight                                                     | UNEXPECTED |  | 

Notes:
- UNEXPECTED:	can be ignored when loading from different task/architecture; not ok if you expect identical arch.
Loading weights:   0%|          | 0/292 [00:00<?, ?it/s]Loading weights:  15%|█▌        | 44/292 [00:00<00:00, 393.28it/s]Loading weights:  29%|██▉       | 84/292 [00:00<00:00, 297.30it/s]Loading weights:  57%|█████▋    | 165/292 [00:00<00:00, 477.89it/s]Loading weights:  74%|███████▍  | 217/292 [00:00<00:00, 480.90it/s]Loading weights:  92%|█████████▏| 268/292 [00:00<00:00, 434.77it/s]Loading weights: 100%|██████████| 292/292 [00:00<00:00, 436.07it/s]
2026-05-11 15:04:22,139 | INFO    | train_clip | Model assembled. Adaptor: PrefixAdaptor(encoder_dim=1024, decoder_dim=1024, k=10, hidden_dim=1024, num_layers=2, params=2,099,200)
2026-05-11 15:04:24,461 | INFO    | train_clip | Held 5000 train2017 images out for val PPL (holdout_seed=0)
2026-05-11 15:04:24,463 | INFO    | train_clip | Using cached features from features/mae
2026-05-11 15:04:25,358 | INFO    | train_clip | Loaders built. train batches: 2213, val batches: 98
2026-05-11 15:04:25,365 | INFO    | train_clip | Checkpoints will be saved under: checkpoints/mae_seed99
2026-05-11 15:04:58,900 | INFO    | ttic_embeddings.train | Starting training. max_steps=5000, val_every=1000, patience=5, batch_size=256, device=cuda:1, amp=True
2026-05-11 15:04:58,901 | INFO    | ttic_embeddings.train | Trainable params (adaptor only): 2,099,200
[transformers] `loss_type=None` was set in the config but it is unrecognized. Using the default loss: `ForCausalLMLoss`.
2026-05-11 15:05:44,176 | INFO    | ttic_embeddings.train | step     50 | loss 6.1759 | lr 1.00e-05 | gnorm 5.59 | 1.10 step/s
2026-05-11 15:06:16,399 | INFO    | ttic_embeddings.train | step    100 | loss 4.3479 | lr 2.00e-05 | gnorm 3.09 | 1.29 step/s
2026-05-11 15:06:47,939 | INFO    | ttic_embeddings.train | step    150 | loss 3.5179 | lr 3.00e-05 | gnorm 1.78 | 1.38 step/s
2026-05-11 15:07:19,327 | INFO    | ttic_embeddings.train | step    200 | loss 3.1896 | lr 4.00e-05 | gnorm 1.60 | 1.42 step/s
2026-05-11 15:07:51,996 | INFO    | ttic_embeddings.train | step    250 | loss 3.0843 | lr 5.00e-05 | gnorm 1.25 | 1.44 step/s
2026-05-11 15:08:22,327 | INFO    | ttic_embeddings.train | step    300 | loss 3.0340 | lr 6.00e-05 | gnorm 1.39 | 1.47 step/s
2026-05-11 15:08:52,444 | INFO    | ttic_embeddings.train | step    350 | loss 2.9748 | lr 7.00e-05 | gnorm 1.45 | 1.50 step/s
2026-05-11 15:09:22,959 | INFO    | ttic_embeddings.train | step    400 | loss 2.9377 | lr 8.00e-05 | gnorm 1.49 | 1.51 step/s
2026-05-11 15:09:52,865 | INFO    | ttic_embeddings.train | step    450 | loss 2.8854 | lr 9.00e-05 | gnorm 1.46 | 1.53 step/s
2026-05-11 15:10:22,219 | INFO    | ttic_embeddings.train | step    500 | loss 2.8614 | lr 1.00e-04 | gnorm 1.40 | 1.55 step/s
2026-05-11 15:10:48,063 | INFO    | ttic_embeddings.train | step    550 | loss 2.8287 | lr 1.00e-04 | gnorm 1.67 | 1.58 step/s
2026-05-11 15:11:15,660 | INFO    | ttic_embeddings.train | step    600 | loss 2.8020 | lr 9.99e-05 | gnorm 1.55 | 1.59 step/s
2026-05-11 15:11:41,060 | INFO    | ttic_embeddings.train | step    650 | loss 2.7759 | lr 9.97e-05 | gnorm 1.57 | 1.62 step/s
2026-05-11 15:12:06,808 | INFO    | ttic_embeddings.train | step    700 | loss 2.7557 | lr 9.95e-05 | gnorm 1.57 | 1.64 step/s
2026-05-11 15:12:33,133 | INFO    | ttic_embeddings.train | step    750 | loss 2.7329 | lr 9.92e-05 | gnorm 1.63 | 1.65 step/s
2026-05-11 15:12:59,741 | INFO    | ttic_embeddings.train | step    800 | loss 2.7118 | lr 9.89e-05 | gnorm 1.56 | 1.66 step/s
2026-05-11 15:13:25,927 | INFO    | ttic_embeddings.train | step    850 | loss 2.7032 | lr 9.85e-05 | gnorm 1.47 | 1.68 step/s
2026-05-11 15:13:51,936 | INFO    | ttic_embeddings.train | step    900 | loss 2.7024 | lr 9.81e-05 | gnorm 1.42 | 1.69 step/s
2026-05-11 15:14:17,631 | INFO    | ttic_embeddings.train | step    950 | loss 2.6764 | lr 9.76e-05 | gnorm 1.64 | 1.70 step/s
2026-05-11 15:14:41,594 | INFO    | ttic_embeddings.train | step   1000 | loss 2.6568 | lr 9.70e-05 | gnorm 1.33 | 1.72 step/s
2026-05-11 15:14:51,528 | INFO    | ttic_embeddings.train | step   1000 | val/ppl 14.526
2026-05-11 15:14:51,631 | INFO    | ttic_embeddings.train |   best val/ppl so far (14.526) -> saved checkpoints/mae_seed99/adaptor_best.pt
2026-05-11 15:15:16,620 | INFO    | ttic_embeddings.train | step   1050 | loss 2.6562 | lr 9.64e-05 | gnorm 1.53 | 1.70 step/s
2026-05-11 15:15:40,532 | INFO    | ttic_embeddings.train | step   1100 | loss 2.6527 | lr 9.57e-05 | gnorm 1.53 | 1.71 step/s
2026-05-11 15:16:04,811 | INFO    | ttic_embeddings.train | step   1150 | loss 2.6349 | lr 9.49e-05 | gnorm 1.35 | 1.73 step/s
2026-05-11 15:16:28,596 | INFO    | ttic_embeddings.train | step   1200 | loss 2.6247 | lr 9.41e-05 | gnorm 1.35 | 1.74 step/s
2026-05-11 15:16:53,532 | INFO    | ttic_embeddings.train | step   1250 | loss 2.6203 | lr 9.33e-05 | gnorm 1.47 | 1.75 step/s
2026-05-11 15:17:18,334 | INFO    | ttic_embeddings.train | step   1300 | loss 2.6123 | lr 9.24e-05 | gnorm 1.29 | 1.76 step/s
2026-05-11 15:17:42,817 | INFO    | ttic_embeddings.train | step   1350 | loss 2.6001 | lr 9.15e-05 | gnorm 1.39 | 1.77 step/s
2026-05-11 15:18:07,371 | INFO    | ttic_embeddings.train | step   1400 | loss 2.5915 | lr 9.05e-05 | gnorm 1.51 | 1.78 step/s
2026-05-11 15:18:30,929 | INFO    | ttic_embeddings.train | step   1450 | loss 2.5886 | lr 8.94e-05 | gnorm 1.51 | 1.79 step/s
2026-05-11 15:18:54,565 | INFO    | ttic_embeddings.train | step   1500 | loss 2.5836 | lr 8.83e-05 | gnorm 1.59 | 1.79 step/s
2026-05-11 15:19:19,680 | INFO    | ttic_embeddings.train | step   1550 | loss 2.5784 | lr 8.72e-05 | gnorm 1.44 | 1.80 step/s
2026-05-11 15:19:44,288 | INFO    | ttic_embeddings.train | step   1600 | loss 2.5680 | lr 8.60e-05 | gnorm 1.25 | 1.81 step/s
2026-05-11 15:20:08,712 | INFO    | ttic_embeddings.train | step   1650 | loss 2.5629 | lr 8.47e-05 | gnorm 1.47 | 1.81 step/s
2026-05-11 15:20:32,991 | INFO    | ttic_embeddings.train | step   1700 | loss 2.5703 | lr 8.35e-05 | gnorm 1.58 | 1.82 step/s
2026-05-11 15:20:57,555 | INFO    | ttic_embeddings.train | step   1750 | loss 2.5493 | lr 8.21e-05 | gnorm 1.48 | 1.83 step/s
2026-05-11 15:21:22,196 | INFO    | ttic_embeddings.train | step   1800 | loss 2.5570 | lr 8.08e-05 | gnorm 1.49 | 1.83 step/s
2026-05-11 15:21:46,651 | INFO    | ttic_embeddings.train | step   1850 | loss 2.5631 | lr 7.94e-05 | gnorm 1.58 | 1.84 step/s
2026-05-11 15:22:10,875 | INFO    | ttic_embeddings.train | step   1900 | loss 2.5409 | lr 7.80e-05 | gnorm 1.46 | 1.84 step/s
2026-05-11 15:22:35,645 | INFO    | ttic_embeddings.train | step   1950 | loss 2.5359 | lr 7.65e-05 | gnorm 1.41 | 1.85 step/s
2026-05-11 15:23:00,101 | INFO    | ttic_embeddings.train | step   2000 | loss 2.5370 | lr 7.50e-05 | gnorm 1.45 | 1.85 step/s
2026-05-11 15:23:09,163 | INFO    | ttic_embeddings.train | step   2000 | val/ppl 12.803
2026-05-11 15:23:09,563 | INFO    | ttic_embeddings.train |   best val/ppl so far (12.803) -> saved checkpoints/mae_seed99/adaptor_best.pt
2026-05-11 15:23:33,973 | INFO    | ttic_embeddings.train | step   2050 | loss 2.5365 | lr 7.35e-05 | gnorm 1.41 | 1.84 step/s
2026-05-11 15:23:58,689 | INFO    | ttic_embeddings.train | step   2100 | loss 2.5337 | lr 7.19e-05 | gnorm 1.41 | 1.84 step/s
2026-05-11 15:24:22,965 | INFO    | ttic_embeddings.train | step   2150 | loss 2.5244 | lr 7.03e-05 | gnorm 1.42 | 1.85 step/s
2026-05-11 15:24:46,768 | INFO    | ttic_embeddings.train | step   2200 | loss 2.5172 | lr 6.87e-05 | gnorm 1.45 | 1.85 step/s
2026-05-11 15:25:13,556 | INFO    | ttic_embeddings.train | step   2250 | loss 2.5291 | lr 6.71e-05 | gnorm 1.31 | 1.85 step/s
2026-05-11 15:25:37,577 | INFO    | ttic_embeddings.train | step   2300 | loss 2.5178 | lr 6.55e-05 | gnorm 1.39 | 1.86 step/s
2026-05-11 15:26:02,251 | INFO    | ttic_embeddings.train | step   2350 | loss 2.5229 | lr 6.38e-05 | gnorm 1.57 | 1.86 step/s
2026-05-11 15:26:26,243 | INFO    | ttic_embeddings.train | step   2400 | loss 2.5076 | lr 6.21e-05 | gnorm 1.39 | 1.86 step/s
2026-05-11 15:26:50,411 | INFO    | ttic_embeddings.train | step   2450 | loss 2.5015 | lr 6.04e-05 | gnorm 1.41 | 1.87 step/s
2026-05-11 15:27:15,773 | INFO    | ttic_embeddings.train | step   2500 | loss 2.5037 | lr 5.87e-05 | gnorm 1.27 | 1.87 step/s
2026-05-11 15:27:39,956 | INFO    | ttic_embeddings.train | step   2550 | loss 2.4978 | lr 5.70e-05 | gnorm 1.46 | 1.87 step/s
2026-05-11 15:28:04,603 | INFO    | ttic_embeddings.train | step   2600 | loss 2.4877 | lr 5.52e-05 | gnorm 1.47 | 1.88 step/s
2026-05-11 15:28:28,574 | INFO    | ttic_embeddings.train | step   2650 | loss 2.5036 | lr 5.35e-05 | gnorm 1.47 | 1.88 step/s
2026-05-11 15:28:53,488 | INFO    | ttic_embeddings.train | step   2700 | loss 2.5066 | lr 5.17e-05 | gnorm 1.47 | 1.88 step/s
2026-05-11 15:29:17,351 | INFO    | ttic_embeddings.train | step   2750 | loss 2.4917 | lr 5.00e-05 | gnorm 1.33 | 1.89 step/s
2026-05-11 15:29:40,039 | INFO    | ttic_embeddings.train | step   2800 | loss 2.4975 | lr 4.83e-05 | gnorm 1.45 | 1.89 step/s
2026-05-11 15:30:02,304 | INFO    | ttic_embeddings.train | step   2850 | loss 2.5026 | lr 4.65e-05 | gnorm 1.40 | 1.90 step/s
2026-05-11 15:30:24,575 | INFO    | ttic_embeddings.train | step   2900 | loss 2.4901 | lr 4.48e-05 | gnorm 1.50 | 1.90 step/s
2026-05-11 15:30:46,442 | INFO    | ttic_embeddings.train | step   2950 | loss 2.4940 | lr 4.30e-05 | gnorm 1.39 | 1.91 step/s
2026-05-11 15:31:08,456 | INFO    | ttic_embeddings.train | step   3000 | loss 2.4920 | lr 4.13e-05 | gnorm 1.51 | 1.91 step/s
2026-05-11 15:31:16,233 | INFO    | ttic_embeddings.train | step   3000 | val/ppl 12.309
2026-05-11 15:31:16,599 | INFO    | ttic_embeddings.train |   best val/ppl so far (12.309) -> saved checkpoints/mae_seed99/adaptor_best.pt
2026-05-11 15:31:38,497 | INFO    | ttic_embeddings.train | step   3050 | loss 2.4965 | lr 3.96e-05 | gnorm 1.47 | 1.91 step/s
2026-05-11 15:32:00,666 | INFO    | ttic_embeddings.train | step   3100 | loss 2.4988 | lr 3.79e-05 | gnorm 1.55 | 1.91 step/s
2026-05-11 15:32:22,667 | INFO    | ttic_embeddings.train | step   3150 | loss 2.5005 | lr 3.62e-05 | gnorm 1.56 | 1.92 step/s
2026-05-11 15:32:44,312 | INFO    | ttic_embeddings.train | step   3200 | loss 2.4791 | lr 3.45e-05 | gnorm 1.48 | 1.92 step/s
2026-05-11 15:33:06,341 | INFO    | ttic_embeddings.train | step   3250 | loss 2.4694 | lr 3.29e-05 | gnorm 1.36 | 1.93 step/s
2026-05-11 15:33:28,343 | INFO    | ttic_embeddings.train | step   3300 | loss 2.4767 | lr 3.13e-05 | gnorm 1.39 | 1.93 step/s
2026-05-11 15:33:50,259 | INFO    | ttic_embeddings.train | step   3350 | loss 2.4747 | lr 2.97e-05 | gnorm 1.37 | 1.93 step/s
2026-05-11 15:34:11,736 | INFO    | ttic_embeddings.train | step   3400 | loss 2.4712 | lr 2.81e-05 | gnorm 1.39 | 1.94 step/s
2026-05-11 15:34:33,265 | INFO    | ttic_embeddings.train | step   3450 | loss 2.4840 | lr 2.65e-05 | gnorm 1.51 | 1.94 step/s
2026-05-11 15:34:55,581 | INFO    | ttic_embeddings.train | step   3500 | loss 2.4785 | lr 2.50e-05 | gnorm 1.46 | 1.95 step/s
2026-05-11 15:35:17,548 | INFO    | ttic_embeddings.train | step   3550 | loss 2.4776 | lr 2.35e-05 | gnorm 1.31 | 1.95 step/s
2026-05-11 15:35:39,215 | INFO    | ttic_embeddings.train | step   3600 | loss 2.4768 | lr 2.20e-05 | gnorm 1.28 | 1.96 step/s
2026-05-11 15:36:03,168 | INFO    | ttic_embeddings.train | step   3650 | loss 2.4703 | lr 2.06e-05 | gnorm 1.46 | 1.96 step/s
2026-05-11 15:36:30,050 | INFO    | ttic_embeddings.train | step   3700 | loss 2.4812 | lr 1.92e-05 | gnorm 1.27 | 1.96 step/s
2026-05-11 15:36:57,414 | INFO    | ttic_embeddings.train | step   3750 | loss 2.4634 | lr 1.79e-05 | gnorm 1.31 | 1.95 step/s
2026-05-11 15:37:22,674 | INFO    | ttic_embeddings.train | step   3800 | loss 2.4831 | lr 1.65e-05 | gnorm 1.36 | 1.95 step/s
2026-05-11 15:37:45,838 | INFO    | ttic_embeddings.train | step   3850 | loss 2.4792 | lr 1.53e-05 | gnorm 1.50 | 1.96 step/s
2026-05-11 15:38:09,883 | INFO    | ttic_embeddings.train | step   3900 | loss 2.4743 | lr 1.40e-05 | gnorm 1.26 | 1.96 step/s
2026-05-11 15:38:33,656 | INFO    | ttic_embeddings.train | step   3950 | loss 2.4769 | lr 1.28e-05 | gnorm 1.41 | 1.96 step/s
2026-05-11 15:39:00,110 | INFO    | ttic_embeddings.train | step   4000 | loss 2.4708 | lr 1.17e-05 | gnorm 1.36 | 1.96 step/s
2026-05-11 15:39:09,692 | INFO    | ttic_embeddings.train | step   4000 | val/ppl 12.101
2026-05-11 15:39:10,081 | INFO    | ttic_embeddings.train |   best val/ppl so far (12.101) -> saved checkpoints/mae_seed99/adaptor_best.pt
2026-05-11 15:39:34,376 | INFO    | ttic_embeddings.train | step   4050 | loss 2.4656 | lr 1.06e-05 | gnorm 1.47 | 1.95 step/s
2026-05-11 15:39:58,953 | INFO    | ttic_embeddings.train | step   4100 | loss 2.4701 | lr 9.55e-06 | gnorm 1.50 | 1.95 step/s
2026-05-11 15:40:23,319 | INFO    | ttic_embeddings.train | step   4150 | loss 2.4742 | lr 8.55e-06 | gnorm 1.43 | 1.95 step/s
2026-05-11 15:40:47,822 | INFO    | ttic_embeddings.train | step   4200 | loss 2.4696 | lr 7.60e-06 | gnorm 1.34 | 1.95 step/s
2026-05-11 15:41:12,569 | INFO    | ttic_embeddings.train | step   4250 | loss 2.4692 | lr 6.70e-06 | gnorm 1.45 | 1.96 step/s
2026-05-11 15:41:36,269 | INFO    | ttic_embeddings.train | step   4300 | loss 2.4632 | lr 5.85e-06 | gnorm 1.32 | 1.96 step/s
2026-05-11 15:42:01,453 | INFO    | ttic_embeddings.train | step   4350 | loss 2.4781 | lr 5.06e-06 | gnorm 1.48 | 1.96 step/s
2026-05-11 15:42:25,013 | INFO    | ttic_embeddings.train | step   4400 | loss 2.4759 | lr 4.32e-06 | gnorm 1.43 | 1.96 step/s
2026-05-11 15:42:51,659 | INFO    | ttic_embeddings.train | step   4450 | loss 2.4673 | lr 3.64e-06 | gnorm 1.28 | 1.96 step/s
2026-05-11 15:43:15,895 | INFO    | ttic_embeddings.train | step   4500 | loss 2.4543 | lr 3.02e-06 | gnorm 1.45 | 1.96 step/s
2026-05-11 15:43:39,568 | INFO    | ttic_embeddings.train | step   4550 | loss 2.4706 | lr 2.45e-06 | gnorm 1.46 | 1.96 step/s
2026-05-11 15:44:03,697 | INFO    | ttic_embeddings.train | step   4600 | loss 2.4560 | lr 1.94e-06 | gnorm 1.40 | 1.96 step/s
2026-05-11 15:44:26,655 | INFO    | ttic_embeddings.train | step   4650 | loss 2.4742 | lr 1.49e-06 | gnorm 1.43 | 1.96 step/s
2026-05-11 15:44:51,072 | INFO    | ttic_embeddings.train | step   4700 | loss 2.4664 | lr 1.09e-06 | gnorm 1.37 | 1.96 step/s
2026-05-11 15:45:15,666 | INFO    | ttic_embeddings.train | step   4750 | loss 2.4565 | lr 7.60e-07 | gnorm 1.38 | 1.97 step/s
2026-05-11 15:45:40,596 | INFO    | ttic_embeddings.train | step   4800 | loss 2.4737 | lr 4.87e-07 | gnorm 1.50 | 1.97 step/s
2026-05-11 15:46:05,019 | INFO    | ttic_embeddings.train | step   4850 | loss 2.4695 | lr 2.74e-07 | gnorm 1.60 | 1.97 step/s
2026-05-11 15:46:29,733 | INFO    | ttic_embeddings.train | step   4900 | loss 2.4593 | lr 1.22e-07 | gnorm 1.59 | 1.97 step/s
2026-05-11 15:46:54,347 | INFO    | ttic_embeddings.train | step   4950 | loss 2.4736 | lr 3.05e-08 | gnorm 1.50 | 1.97 step/s
2026-05-11 15:47:19,321 | INFO    | ttic_embeddings.train | step   5000 | loss 2.4662 | lr 0.00e+00 | gnorm 1.32 | 1.97 step/s
2026-05-11 15:47:27,984 | INFO    | ttic_embeddings.train | step   5000 | val/ppl 12.040
2026-05-11 15:47:28,415 | INFO    | ttic_embeddings.train |   best val/ppl so far (12.040) -> saved checkpoints/mae_seed99/adaptor_best.pt
2026-05-11 15:47:28,744 | INFO    | train_clip | Training summary: {'best_val_ppl': 12.039914667519197, 'last_val_ppl': 12.039914667519197, 'total_steps': 5000, 'stopped_reason': 'max_steps'}
2026-05-11 15:47:28,744 | INFO    | train_clip | 
Generating sample captions from the trained adaptor...
2026-05-11 15:47:28,807 | INFO    | train_clip | Loaded best checkpoint (val_ppl=12.040)
2026-05-11 15:47:28,910 | INFO    | train_clip | Sampling 5 val images for qualitative inspection:
2026-05-11 15:47:42,756 | INFO    | train_clip |   image_id 139
2026-05-11 15:47:42,756 | INFO    | train_clip |     beam     : 'A living room with a couch and a TV.'
2026-05-11 15:47:42,756 | INFO    | train_clip |     nucleus  : 'A living room and bedroom with a dining table.'
2026-05-11 15:47:42,756 | INFO    | train_clip |     reference: 'A woman stands in the dining area at the table.'
2026-05-11 15:47:43,639 | INFO    | train_clip |   image_id 285
2026-05-11 15:47:43,640 | INFO    | train_clip |     beam     : 'A brown bear with a brown fur on its head.'
2026-05-11 15:47:43,640 | INFO    | train_clip |     nucleus  : 'A bear stands in a field with a bunch of flowers.'
2026-05-11 15:47:43,640 | INFO    | train_clip |     reference: 'A big burly grizzly bear is show with grass in the background.'
2026-05-11 15:47:44,705 | INFO    | train_clip |   image_id 632
2026-05-11 15:47:44,706 | INFO    | train_clip |     beam     : 'A room with a bed and a TV.'
2026-05-11 15:47:44,706 | INFO    | train_clip |     nucleus  : 'A man sleeps on a bed in the living room of a home.'
2026-05-11 15:47:44,706 | INFO    | train_clip |     reference: 'Bedroom scene with a bookcase, blue comforter and window.'
2026-05-11 15:47:45,630 | INFO    | train_clip |   image_id 724
2026-05-11 15:47:45,630 | INFO    | train_clip |     beam     : 'A stop sign with a stop sign on it.'
2026-05-11 15:47:45,630 | INFO    | train_clip |     nucleus  : 'A street sign on a park bench next to a curb.'
2026-05-11 15:47:45,630 | INFO    | train_clip |     reference: "A stop sign is mounted upside-down on it's post."
2026-05-11 15:47:46,630 | INFO    | train_clip |   image_id 776
2026-05-11 15:47:46,630 | INFO    | train_clip |     beam     : 'A pair of teddy bears sitting on a couch.'
2026-05-11 15:47:46,630 | INFO    | train_clip |     nucleus  : 'A family of teddy bears is in a room together.'
2026-05-11 15:47:46,630 | INFO    | train_clip |     reference: 'Three teddy bears, each a different color, snuggling together.'
2026-05-11 15:47:46,630 | INFO    | train_clip | Done.
